-- Found ament_cmake: 0.9.9 (/opt/ros/foxy/share/ament_cmake/cmake)
-- Found PythonInterp: /usr/bin/python3 (found suitable version "3.8.10", minimum required is "3") 
-- Using PYTHON_EXECUTABLE: /usr/bin/python3
-- Found PythonInterp: /usr/bin/python3 (found version "3.8.10") 
-- Configuring done
-- Generating done
-- Build files have been written to: /robot/Automan-hunter/Workspace/ros2_ws/build/wrp_sdk
[35m[1mScanning dependencies of target test_acan[0m
[35m[1mScanning dependencies of target test_scout_base[0m
[35m[1mScanning dependencies of target test_hunter_base[0m
[35m[1mScanning dependencies of target test_asio_can[0m
[35m[1mScanning dependencies of target test_aserial[0m
[35m[1mScanning dependencies of target test_aserial_comm[0m
[ 12%] [32mBuilding CXX object tests/CMakeFiles/test_hunter_base.dir/test_hunter_base.cpp.o[0m
[ 15%] [32mBuilding CXX object tests/CMakeFiles/test_asio_can.dir/test_asio_can.cpp.o[0m
[ 15%] [32mBuilding CXX object tests/CMakeFiles/test_scout_base.dir/test_scout_base.cpp.o[0m
[ 15%] Built target gtest
[ 18%] [32mBuilding CXX object tests/CMakeFiles/test_acan.dir/test_acan.cpp.o[0m
[ 25%] [32mBuilding CXX object tests/CMakeFiles/test_aserial.dir/test_aserial.cpp.o[0m
[ 25%] [32mBuilding CXX object tests/CMakeFiles/test_aserial_comm.dir/test_aserial_comm.cpp.o[0m
[ 56%] Built target wrp_sdk
[35m[1mScanning dependencies of target gtest_main[0m
[35m[1mScanning dependencies of target gmock[0m
[ 59%] [32mBuilding CXX object unit_tests/googletest/googlemock/gtest/CMakeFiles/gtest_main.dir/src/gtest_main.cc.o[0m
[ 62%] [32mBuilding CXX object unit_tests/googletest/googlemock/CMakeFiles/gmock.dir/src/gmock-all.cc.o[0m
[ 65%] [32m[1mLinking CXX static library libgtest_main.a[0m
[ 65%] Built target gtest_main
[35m[1mScanning dependencies of target scout_sdk_test[0m
[ 68%] [32mBuilding CXX object unit_tests/CMakeFiles/scout_sdk_test.dir/gtests/scout_can_protocol_test.cpp.o[0m
[ 71%] [32m[1mLinking CXX executable test_aserial[0m
[ 75%] [32m[1mLinking CXX executable test_aserial_comm[0m
[ 78%] [32m[1mLinking CXX executable test_asio_can[0m
[ 81%] [32m[1mLinking CXX static library libgmock.a[0m
[ 81%] Built target gmock
