[0.205s] DEBUG:colcon:Command line arguments: ['/usr/bin/colcon', 'build', '--packages-select', 'wrp_sdk']
[0.206s] DEBUG:colcon:Parsed command line arguments: Namespace(ament_cmake_args=None, base_paths=['.'], build_base='build', catkin_cmake_args=None, catkin_skip_building_tests=False, cmake_args=None, cmake_clean_cache=False, cmake_clean_first=False, cmake_force_configure=False, cmake_target=None, cmake_target_skip_unavailable=False, continue_on_error=False, event_handlers=None, executor='parallel', ignore_user_meta=False, install_base='install', log_base=None, log_level=None, main=<bound method BuildVerb.main of <colcon_core.verb.build.BuildVerb object at 0x7f667c5eedc0>>, merge_install=False, metas=['./colcon.meta'], packages_above=None, packages_above_and_dependencies=None, packages_above_depth=None, packages_end=None, packages_ignore=None, packages_ignore_regex=None, packages_select=['wrp_sdk'], packages_select_build_failed=False, packages_select_by_dep=None, packages_select_regex=None, packages_select_test_failures=False, packages_skip=None, packages_skip_build_finished=False, packages_skip_by_dep=None, packages_skip_regex=None, packages_skip_test_passed=False, packages_skip_up_to=None, packages_start=None, packages_up_to=None, packages_up_to_regex=None, parallel_workers=24, paths=None, symlink_install=False, test_result_base=None, verb_extension=<colcon_core.verb.build.BuildVerb object at 0x7f667c5eedc0>, verb_name='build', verb_parser=<colcon_defaults.argument_parser.defaults.DefaultArgumentsDecorator object at 0x7f667c5f6370>)
[0.209s] Level 1:colcon.colcon_core.package_discovery:discover_packages(colcon_meta) check parameters
[0.209s] Level 1:colcon.colcon_core.package_discovery:discover_packages(recursive) check parameters
[0.209s] Level 1:colcon.colcon_core.package_discovery:discover_packages(ignore) check parameters
[0.209s] Level 1:colcon.colcon_core.package_discovery:discover_packages(path) check parameters
[0.209s] Level 1:colcon.colcon_core.package_discovery:discover_packages(colcon_meta) discover
[0.209s] Level 1:colcon.colcon_core.package_discovery:discover_packages(recursive) discover
[0.209s] INFO:colcon.colcon_core.package_discovery:Crawling recursively for packages in '/robot/Automan-hunter/Workspace/ros2_ws'
[0.209s] Level 1:colcon.colcon_core.package_identification:_identify(.) by extensions ['ignore', 'ignore_ament_install']
[0.209s] Level 1:colcon.colcon_core.package_identification:_identify(.) by extension 'ignore'
[0.209s] Level 1:colcon.colcon_core.package_identification:_identify(.) by extension 'ignore_ament_install'
[0.209s] Level 1:colcon.colcon_core.package_identification:_identify(.) by extensions ['colcon_pkg']
[0.209s] Level 1:colcon.colcon_core.package_identification:_identify(.) by extension 'colcon_pkg'
[0.209s] Level 1:colcon.colcon_core.package_identification:_identify(.) by extensions ['colcon_meta']
[0.209s] Level 1:colcon.colcon_core.package_identification:_identify(.) by extension 'colcon_meta'
[0.209s] Level 1:colcon.colcon_core.package_identification:_identify(.) by extensions ['ros']
[0.209s] Level 1:colcon.colcon_core.package_identification:_identify(.) by extension 'ros'
[0.216s] Level 1:colcon.colcon_core.package_identification:_identify(.) by extensions ['cmake', 'python']
[0.216s] Level 1:colcon.colcon_core.package_identification:_identify(.) by extension 'cmake'
[0.216s] Level 1:colcon.colcon_core.package_identification:_identify(.) by extension 'python'
[0.216s] Level 1:colcon.colcon_core.package_identification:_identify(.) by extensions ['python_setup_py']
[0.216s] Level 1:colcon.colcon_core.package_identification:_identify(.) by extension 'python_setup_py'
[0.216s] Level 1:colcon.colcon_core.package_identification:_identify(build) by extensions ['ignore', 'ignore_ament_install']
[0.216s] Level 1:colcon.colcon_core.package_identification:_identify(build) by extension 'ignore'
[0.216s] Level 1:colcon.colcon_core.package_identification:_identify(build) ignored
[0.217s] Level 1:colcon.colcon_core.package_identification:_identify(install) by extensions ['ignore', 'ignore_ament_install']
[0.217s] Level 1:colcon.colcon_core.package_identification:_identify(install) by extension 'ignore'
[0.217s] Level 1:colcon.colcon_core.package_identification:_identify(install) ignored
[0.217s] Level 1:colcon.colcon_core.package_identification:_identify(log) by extensions ['ignore', 'ignore_ament_install']
[0.217s] Level 1:colcon.colcon_core.package_identification:_identify(log) by extension 'ignore'
[0.217s] Level 1:colcon.colcon_core.package_identification:_identify(log) ignored
[0.217s] Level 1:colcon.colcon_core.package_identification:_identify(src) by extensions ['ignore', 'ignore_ament_install']
[0.217s] Level 1:colcon.colcon_core.package_identification:_identify(src) by extension 'ignore'
[0.217s] Level 1:colcon.colcon_core.package_identification:_identify(src) by extension 'ignore_ament_install'
[0.217s] Level 1:colcon.colcon_core.package_identification:_identify(src) by extensions ['colcon_pkg']
[0.217s] Level 1:colcon.colcon_core.package_identification:_identify(src) by extension 'colcon_pkg'
[0.217s] Level 1:colcon.colcon_core.package_identification:_identify(src) by extensions ['colcon_meta']
[0.217s] Level 1:colcon.colcon_core.package_identification:_identify(src) by extension 'colcon_meta'
[0.217s] Level 1:colcon.colcon_core.package_identification:_identify(src) by extensions ['ros']
[0.217s] Level 1:colcon.colcon_core.package_identification:_identify(src) by extension 'ros'
[0.217s] Level 1:colcon.colcon_core.package_identification:_identify(src) by extensions ['cmake', 'python']
[0.217s] Level 1:colcon.colcon_core.package_identification:_identify(src) by extension 'cmake'
[0.217s] Level 1:colcon.colcon_core.package_identification:_identify(src) by extension 'python'
[0.217s] Level 1:colcon.colcon_core.package_identification:_identify(src) by extensions ['python_setup_py']
[0.217s] Level 1:colcon.colcon_core.package_identification:_identify(src) by extension 'python_setup_py'
[0.217s] Level 1:colcon.colcon_core.package_identification:_identify(src/hunter_ros) by extensions ['ignore', 'ignore_ament_install']
[0.217s] Level 1:colcon.colcon_core.package_identification:_identify(src/hunter_ros) by extension 'ignore'
[0.217s] Level 1:colcon.colcon_core.package_identification:_identify(src/hunter_ros) by extension 'ignore_ament_install'
[0.217s] Level 1:colcon.colcon_core.package_identification:_identify(src/hunter_ros) by extensions ['colcon_pkg']
[0.217s] Level 1:colcon.colcon_core.package_identification:_identify(src/hunter_ros) by extension 'colcon_pkg'
[0.218s] Level 1:colcon.colcon_core.package_identification:_identify(src/hunter_ros) by extensions ['colcon_meta']
[0.218s] Level 1:colcon.colcon_core.package_identification:_identify(src/hunter_ros) by extension 'colcon_meta'
[0.218s] Level 1:colcon.colcon_core.package_identification:_identify(src/hunter_ros) by extensions ['ros']
[0.218s] Level 1:colcon.colcon_core.package_identification:_identify(src/hunter_ros) by extension 'ros'
[0.218s] Level 1:colcon.colcon_core.package_identification:_identify(src/hunter_ros) by extensions ['cmake', 'python']
[0.218s] Level 1:colcon.colcon_core.package_identification:_identify(src/hunter_ros) by extension 'cmake'
[0.218s] Level 1:colcon.colcon_core.package_identification:_identify(src/hunter_ros) by extension 'python'
[0.218s] Level 1:colcon.colcon_core.package_identification:_identify(src/hunter_ros) by extensions ['python_setup_py']
[0.218s] Level 1:colcon.colcon_core.package_identification:_identify(src/hunter_ros) by extension 'python_setup_py'
[0.218s] Level 1:colcon.colcon_core.package_identification:_identify(src/hunter_ros/hunter_base) by extensions ['ignore', 'ignore_ament_install']
[0.218s] Level 1:colcon.colcon_core.package_identification:_identify(src/hunter_ros/hunter_base) by extension 'ignore'
[0.218s] Level 1:colcon.colcon_core.package_identification:_identify(src/hunter_ros/hunter_base) by extension 'ignore_ament_install'
[0.218s] Level 1:colcon.colcon_core.package_identification:_identify(src/hunter_ros/hunter_base) by extensions ['colcon_pkg']
[0.218s] Level 1:colcon.colcon_core.package_identification:_identify(src/hunter_ros/hunter_base) by extension 'colcon_pkg'
[0.218s] Level 1:colcon.colcon_core.package_identification:_identify(src/hunter_ros/hunter_base) by extensions ['colcon_meta']
[0.218s] Level 1:colcon.colcon_core.package_identification:_identify(src/hunter_ros/hunter_base) by extension 'colcon_meta'
[0.218s] Level 1:colcon.colcon_core.package_identification:_identify(src/hunter_ros/hunter_base) by extensions ['ros']
[0.218s] Level 1:colcon.colcon_core.package_identification:_identify(src/hunter_ros/hunter_base) by extension 'ros'
[0.220s] DEBUG:colcon.colcon_core.package_identification:Package 'src/hunter_ros/hunter_base' with type 'ros.ament_cmake' and name 'hunter_base'
[0.220s] Level 1:colcon.colcon_core.package_identification:_identify(src/hunter_ros/hunter_bringup) by extensions ['ignore', 'ignore_ament_install']
[0.220s] Level 1:colcon.colcon_core.package_identification:_identify(src/hunter_ros/hunter_bringup) by extension 'ignore'
[0.220s] Level 1:colcon.colcon_core.package_identification:_identify(src/hunter_ros/hunter_bringup) by extension 'ignore_ament_install'
[0.220s] Level 1:colcon.colcon_core.package_identification:_identify(src/hunter_ros/hunter_bringup) by extensions ['colcon_pkg']
[0.220s] Level 1:colcon.colcon_core.package_identification:_identify(src/hunter_ros/hunter_bringup) by extension 'colcon_pkg'
[0.220s] Level 1:colcon.colcon_core.package_identification:_identify(src/hunter_ros/hunter_bringup) by extensions ['colcon_meta']
[0.220s] Level 1:colcon.colcon_core.package_identification:_identify(src/hunter_ros/hunter_bringup) by extension 'colcon_meta'
[0.220s] Level 1:colcon.colcon_core.package_identification:_identify(src/hunter_ros/hunter_bringup) by extensions ['ros']
[0.220s] Level 1:colcon.colcon_core.package_identification:_identify(src/hunter_ros/hunter_bringup) by extension 'ros'
[0.221s] DEBUG:colcon.colcon_core.package_identification:Package 'src/hunter_ros/hunter_bringup' with type 'ros.catkin' and name 'hunter_bringup'
[0.221s] Level 1:colcon.colcon_core.package_identification:_identify(src/hunter_ros/hunter_description) by extensions ['ignore', 'ignore_ament_install']
[0.221s] Level 1:colcon.colcon_core.package_identification:_identify(src/hunter_ros/hunter_description) by extension 'ignore'
[0.221s] Level 1:colcon.colcon_core.package_identification:_identify(src/hunter_ros/hunter_description) by extension 'ignore_ament_install'
[0.221s] Level 1:colcon.colcon_core.package_identification:_identify(src/hunter_ros/hunter_description) by extensions ['colcon_pkg']
[0.221s] Level 1:colcon.colcon_core.package_identification:_identify(src/hunter_ros/hunter_description) by extension 'colcon_pkg'
[0.221s] Level 1:colcon.colcon_core.package_identification:_identify(src/hunter_ros/hunter_description) by extensions ['colcon_meta']
[0.221s] Level 1:colcon.colcon_core.package_identification:_identify(src/hunter_ros/hunter_description) by extension 'colcon_meta'
[0.221s] Level 1:colcon.colcon_core.package_identification:_identify(src/hunter_ros/hunter_description) by extensions ['ros']
[0.221s] Level 1:colcon.colcon_core.package_identification:_identify(src/hunter_ros/hunter_description) by extension 'ros'
[0.222s] DEBUG:colcon.colcon_core.package_identification:Package 'src/hunter_ros/hunter_description' with type 'ros.ament_cmake' and name 'hunter_description'
[0.222s] Level 1:colcon.colcon_core.package_identification:_identify(src/hunter_ros/hunter_msgs) by extensions ['ignore', 'ignore_ament_install']
[0.222s] Level 1:colcon.colcon_core.package_identification:_identify(src/hunter_ros/hunter_msgs) by extension 'ignore'
[0.222s] Level 1:colcon.colcon_core.package_identification:_identify(src/hunter_ros/hunter_msgs) by extension 'ignore_ament_install'
[0.222s] Level 1:colcon.colcon_core.package_identification:_identify(src/hunter_ros/hunter_msgs) by extensions ['colcon_pkg']
[0.222s] Level 1:colcon.colcon_core.package_identification:_identify(src/hunter_ros/hunter_msgs) by extension 'colcon_pkg'
[0.222s] Level 1:colcon.colcon_core.package_identification:_identify(src/hunter_ros/hunter_msgs) by extensions ['colcon_meta']
[0.222s] Level 1:colcon.colcon_core.package_identification:_identify(src/hunter_ros/hunter_msgs) by extension 'colcon_meta'
[0.222s] Level 1:colcon.colcon_core.package_identification:_identify(src/hunter_ros/hunter_msgs) by extensions ['ros']
[0.222s] Level 1:colcon.colcon_core.package_identification:_identify(src/hunter_ros/hunter_msgs) by extension 'ros'
[0.222s] DEBUG:colcon.colcon_core.package_identification:Package 'src/hunter_ros/hunter_msgs' with type 'ros.ament_cmake' and name 'hunter_msgs'
[0.223s] Level 1:colcon.colcon_core.package_identification:_identify(src/hunter_ros/hunter_ros) by extensions ['ignore', 'ignore_ament_install']
[0.223s] Level 1:colcon.colcon_core.package_identification:_identify(src/hunter_ros/hunter_ros) by extension 'ignore'
[0.223s] Level 1:colcon.colcon_core.package_identification:_identify(src/hunter_ros/hunter_ros) by extension 'ignore_ament_install'
[0.223s] Level 1:colcon.colcon_core.package_identification:_identify(src/hunter_ros/hunter_ros) by extensions ['colcon_pkg']
[0.223s] Level 1:colcon.colcon_core.package_identification:_identify(src/hunter_ros/hunter_ros) by extension 'colcon_pkg'
[0.223s] Level 1:colcon.colcon_core.package_identification:_identify(src/hunter_ros/hunter_ros) by extensions ['colcon_meta']
[0.223s] Level 1:colcon.colcon_core.package_identification:_identify(src/hunter_ros/hunter_ros) by extension 'colcon_meta'
[0.223s] Level 1:colcon.colcon_core.package_identification:_identify(src/hunter_ros/hunter_ros) by extensions ['ros']
[0.223s] Level 1:colcon.colcon_core.package_identification:_identify(src/hunter_ros/hunter_ros) by extension 'ros'
[0.223s] DEBUG:colcon.colcon_core.package_identification:Package 'src/hunter_ros/hunter_ros' with type 'ros.catkin' and name 'hunter_ros'
[0.223s] Level 1:colcon.colcon_core.package_identification:_identify(src/hunter_ros/hunter_webots_sim) by extensions ['ignore', 'ignore_ament_install']
[0.223s] Level 1:colcon.colcon_core.package_identification:_identify(src/hunter_ros/hunter_webots_sim) by extension 'ignore'
[0.223s] Level 1:colcon.colcon_core.package_identification:_identify(src/hunter_ros/hunter_webots_sim) by extension 'ignore_ament_install'
[0.223s] Level 1:colcon.colcon_core.package_identification:_identify(src/hunter_ros/hunter_webots_sim) by extensions ['colcon_pkg']
[0.223s] Level 1:colcon.colcon_core.package_identification:_identify(src/hunter_ros/hunter_webots_sim) by extension 'colcon_pkg'
[0.223s] Level 1:colcon.colcon_core.package_identification:_identify(src/hunter_ros/hunter_webots_sim) by extensions ['colcon_meta']
[0.223s] Level 1:colcon.colcon_core.package_identification:_identify(src/hunter_ros/hunter_webots_sim) by extension 'colcon_meta'
[0.224s] Level 1:colcon.colcon_core.package_identification:_identify(src/hunter_ros/hunter_webots_sim) by extensions ['ros']
[0.224s] Level 1:colcon.colcon_core.package_identification:_identify(src/hunter_ros/hunter_webots_sim) by extension 'ros'
[0.224s] DEBUG:colcon.colcon_core.package_identification:Package 'src/hunter_ros/hunter_webots_sim' with type 'ros.catkin' and name 'hunter_webots_sim'
[0.224s] Level 1:colcon.colcon_core.package_identification:_identify(src/wrp_sdk) by extensions ['ignore', 'ignore_ament_install']
[0.224s] Level 1:colcon.colcon_core.package_identification:_identify(src/wrp_sdk) by extension 'ignore'
[0.224s] Level 1:colcon.colcon_core.package_identification:_identify(src/wrp_sdk) by extension 'ignore_ament_install'
[0.224s] Level 1:colcon.colcon_core.package_identification:_identify(src/wrp_sdk) by extensions ['colcon_pkg']
[0.224s] Level 1:colcon.colcon_core.package_identification:_identify(src/wrp_sdk) by extension 'colcon_pkg'
[0.224s] Level 1:colcon.colcon_core.package_identification:_identify(src/wrp_sdk) by extensions ['colcon_meta']
[0.224s] Level 1:colcon.colcon_core.package_identification:_identify(src/wrp_sdk) by extension 'colcon_meta'
[0.224s] Level 1:colcon.colcon_core.package_identification:_identify(src/wrp_sdk) by extensions ['ros']
[0.225s] Level 1:colcon.colcon_core.package_identification:_identify(src/wrp_sdk) by extension 'ros'
[0.225s] DEBUG:colcon.colcon_core.package_identification:Package 'src/wrp_sdk' with type 'ros.ament_cmake' and name 'wrp_sdk'
[0.225s] Level 1:colcon.colcon_core.package_discovery:discover_packages(recursive) using defaults
[0.225s] Level 1:colcon.colcon_core.package_discovery:discover_packages(ignore) discover
[0.225s] Level 1:colcon.colcon_core.package_discovery:discover_packages(ignore) using defaults
[0.225s] Level 1:colcon.colcon_core.package_discovery:discover_packages(path) discover
[0.225s] Level 1:colcon.colcon_core.package_discovery:discover_packages(path) using defaults
[0.236s] INFO:colcon.colcon_core.package_selection:Skipping not selected package 'hunter_bringup' in 'src/hunter_ros/hunter_bringup'
[0.236s] INFO:colcon.colcon_core.package_selection:Skipping not selected package 'hunter_description' in 'src/hunter_ros/hunter_description'
[0.236s] INFO:colcon.colcon_core.package_selection:Skipping not selected package 'hunter_msgs' in 'src/hunter_ros/hunter_msgs'
[0.236s] INFO:colcon.colcon_core.package_selection:Skipping not selected package 'hunter_ros' in 'src/hunter_ros/hunter_ros'
[0.236s] INFO:colcon.colcon_core.package_selection:Skipping not selected package 'hunter_base' in 'src/hunter_ros/hunter_base'
[0.236s] INFO:colcon.colcon_core.package_selection:Skipping not selected package 'hunter_webots_sim' in 'src/hunter_ros/hunter_webots_sim'
[0.237s] Level 5:colcon.colcon_core.verb:set package 'wrp_sdk' build argument 'cmake_args' from command line to 'None'
[0.238s] Level 5:colcon.colcon_core.verb:set package 'wrp_sdk' build argument 'cmake_target' from command line to 'None'
[0.238s] Level 5:colcon.colcon_core.verb:set package 'wrp_sdk' build argument 'cmake_target_skip_unavailable' from command line to 'False'
[0.238s] Level 5:colcon.colcon_core.verb:set package 'wrp_sdk' build argument 'cmake_clean_cache' from command line to 'False'
[0.238s] Level 5:colcon.colcon_core.verb:set package 'wrp_sdk' build argument 'cmake_clean_first' from command line to 'False'
[0.238s] Level 5:colcon.colcon_core.verb:set package 'wrp_sdk' build argument 'cmake_force_configure' from command line to 'False'
[0.238s] Level 5:colcon.colcon_core.verb:set package 'wrp_sdk' build argument 'ament_cmake_args' from command line to 'None'
[0.238s] Level 5:colcon.colcon_core.verb:set package 'wrp_sdk' build argument 'catkin_cmake_args' from command line to 'None'
[0.238s] Level 5:colcon.colcon_core.verb:set package 'wrp_sdk' build argument 'catkin_skip_building_tests' from command line to 'False'
[0.238s] DEBUG:colcon.colcon_core.verb:Building package 'wrp_sdk' with the following arguments: {'ament_cmake_args': None, 'build_base': '/robot/Automan-hunter/Workspace/ros2_ws/build/wrp_sdk', 'catkin_cmake_args': None, 'catkin_skip_building_tests': False, 'cmake_args': None, 'cmake_clean_cache': False, 'cmake_clean_first': False, 'cmake_force_configure': False, 'cmake_target': None, 'cmake_target_skip_unavailable': False, 'install_base': '/robot/Automan-hunter/Workspace/ros2_ws/install/wrp_sdk', 'merge_install': False, 'path': '/robot/Automan-hunter/Workspace/ros2_ws/src/wrp_sdk', 'symlink_install': False, 'test_result_base': None}
[0.238s] INFO:colcon.colcon_core.executor:Executing jobs using 'parallel' executor
[0.239s] DEBUG:colcon.colcon_parallel_executor.executor.parallel:run_until_complete
[0.239s] INFO:colcon.colcon_ros.task.ament_cmake.build:Building ROS package in '/robot/Automan-hunter/Workspace/ros2_ws/src/wrp_sdk' with build type 'ament_cmake'
[0.239s] INFO:colcon.colcon_cmake.task.cmake.build:Building CMake package in '/robot/Automan-hunter/Workspace/ros2_ws/src/wrp_sdk'
[0.242s] INFO:colcon.colcon_core.plugin_system:Skipping extension 'colcon_core.shell.bat': Not used on non-Windows systems
[0.242s] INFO:colcon.colcon_core.shell:Skip shell extension 'powershell' for command environment: Not usable outside of PowerShell
[0.242s] DEBUG:colcon.colcon_core.shell:Skip shell extension 'dsv' for command environment
[0.243s] DEBUG:colcon.colcon_core.shell:Ignoring prefix path '/opt/ros/foxy'
[0.249s] DEBUG:colcon.colcon_core.event_handler.log_command:Invoking command in '/robot/Automan-hunter/Workspace/ros2_ws/build/wrp_sdk': CMAKE_PREFIX_PATH=${CMAKE_PREFIX_PATH}:/opt/ros/foxy /usr/bin/cmake --build /robot/Automan-hunter/Workspace/ros2_ws/build/wrp_sdk -- -j24 -l24
[0.448s] DEBUG:colcon.colcon_core.event_handler.log_command:Invoked command in '/robot/Automan-hunter/Workspace/ros2_ws/build/wrp_sdk' returned '2': CMAKE_PREFIX_PATH=${CMAKE_PREFIX_PATH}:/opt/ros/foxy /usr/bin/cmake --build /robot/Automan-hunter/Workspace/ros2_ws/build/wrp_sdk -- -j24 -l24
[0.473s] Level 1:colcon.colcon_core.environment:create_environment_scripts_only(wrp_sdk)
[0.475s] Level 1:colcon.colcon_core.environment:checking '/robot/Automan-hunter/Workspace/ros2_ws/install/wrp_sdk' for CMake module files
[0.475s] Level 1:colcon.colcon_core.environment:checking '/robot/Automan-hunter/Workspace/ros2_ws/install/wrp_sdk' for CMake config files
[0.475s] Level 1:colcon.colcon_core.shell:create_environment_hook('wrp_sdk', 'cmake_prefix_path')
[0.475s] INFO:colcon.colcon_core.shell:Creating environment hook '/robot/Automan-hunter/Workspace/ros2_ws/install/wrp_sdk/share/wrp_sdk/hook/cmake_prefix_path.ps1'
[0.476s] INFO:colcon.colcon_core.shell:Creating environment descriptor '/robot/Automan-hunter/Workspace/ros2_ws/install/wrp_sdk/share/wrp_sdk/hook/cmake_prefix_path.dsv'
[0.476s] INFO:colcon.colcon_core.shell:Creating environment hook '/robot/Automan-hunter/Workspace/ros2_ws/install/wrp_sdk/share/wrp_sdk/hook/cmake_prefix_path.sh'
[0.477s] Level 1:colcon.colcon_core.environment:checking '/robot/Automan-hunter/Workspace/ros2_ws/install/wrp_sdk/lib'
[0.477s] Level 1:colcon.colcon_core.environment:checking '/robot/Automan-hunter/Workspace/ros2_ws/install/wrp_sdk/bin'
[0.477s] Level 1:colcon.colcon_core.environment:checking '/robot/Automan-hunter/Workspace/ros2_ws/install/wrp_sdk/lib/pkgconfig/wrp_sdk.pc'
[0.477s] Level 1:colcon.colcon_core.environment:checking '/robot/Automan-hunter/Workspace/ros2_ws/install/wrp_sdk/lib/python3.8/site-packages'
[0.477s] INFO:colcon.colcon_core.shell:Creating package script '/robot/Automan-hunter/Workspace/ros2_ws/install/wrp_sdk/share/wrp_sdk/package.ps1'
[0.478s] INFO:colcon.colcon_core.shell:Creating package descriptor '/robot/Automan-hunter/Workspace/ros2_ws/install/wrp_sdk/share/wrp_sdk/package.dsv'
[0.478s] INFO:colcon.colcon_core.shell:Creating package script '/robot/Automan-hunter/Workspace/ros2_ws/install/wrp_sdk/share/wrp_sdk/package.sh'
[0.479s] INFO:colcon.colcon_core.shell:Creating package script '/robot/Automan-hunter/Workspace/ros2_ws/install/wrp_sdk/share/wrp_sdk/package.bash'
[0.479s] INFO:colcon.colcon_core.shell:Creating package script '/robot/Automan-hunter/Workspace/ros2_ws/install/wrp_sdk/share/wrp_sdk/package.zsh'
[0.480s] Level 1:colcon.colcon_core.environment:create_file_with_runtime_dependencies(/robot/Automan-hunter/Workspace/ros2_ws/install/wrp_sdk/share/colcon-core/packages/wrp_sdk)
[0.490s] DEBUG:colcon.colcon_parallel_executor.executor.parallel:closing loop
[0.490s] DEBUG:colcon.colcon_parallel_executor.executor.parallel:loop closed
[0.490s] DEBUG:colcon.colcon_parallel_executor.executor.parallel:run_until_complete finished with '2'
[0.490s] DEBUG:colcon.colcon_core.event_reactor:joining thread
[0.493s] INFO:colcon.colcon_core.plugin_system:Skipping extension 'colcon_notification.desktop_notification.terminal_notifier': Not used on non-Darwin systems
[0.494s] INFO:colcon.colcon_core.plugin_system:Skipping extension 'colcon_notification.desktop_notification.win32': Not used on non-Windows systems
[0.494s] INFO:colcon.colcon_notification.desktop_notification:Sending desktop notification using 'notify2'
[0.502s] DEBUG:colcon.colcon_core.event_reactor:joined thread
[0.503s] INFO:colcon.colcon_core.shell:Creating prefix script '/robot/Automan-hunter/Workspace/ros2_ws/install/local_setup.ps1'
[0.503s] INFO:colcon.colcon_core.shell:Creating prefix util module '/robot/Automan-hunter/Workspace/ros2_ws/install/_local_setup_util_ps1.py'
[0.504s] INFO:colcon.colcon_core.shell:Creating prefix chain script '/robot/Automan-hunter/Workspace/ros2_ws/install/setup.ps1'
[0.505s] INFO:colcon.colcon_core.shell:Creating prefix script '/robot/Automan-hunter/Workspace/ros2_ws/install/local_setup.sh'
[0.506s] INFO:colcon.colcon_core.shell:Creating prefix util module '/robot/Automan-hunter/Workspace/ros2_ws/install/_local_setup_util_sh.py'
[0.506s] INFO:colcon.colcon_core.shell:Creating prefix chain script '/robot/Automan-hunter/Workspace/ros2_ws/install/setup.sh'
[0.507s] INFO:colcon.colcon_core.shell:Creating prefix script '/robot/Automan-hunter/Workspace/ros2_ws/install/local_setup.bash'
[0.507s] INFO:colcon.colcon_core.shell:Creating prefix chain script '/robot/Automan-hunter/Workspace/ros2_ws/install/setup.bash'
[0.509s] INFO:colcon.colcon_core.shell:Creating prefix script '/robot/Automan-hunter/Workspace/ros2_ws/install/local_setup.zsh'
[0.509s] INFO:colcon.colcon_core.shell:Creating prefix chain script '/robot/Automan-hunter/Workspace/ros2_ws/install/setup.zsh'
