In file included from [01m[K/robot/Automan-hunter/Workspace/ros2_ws/src/hunter_ros/hunter_base/ascent/include/ascent/Recorder.h:25[m[K,
                 from [01m[K/robot/Automan-hunter/Workspace/ros2_ws/src/hunter_ros/hunter_base/ascent/include/ascent/Ascent.h:17[m[K,
                 from [01m[K/robot/Automan-hunter/Workspace/ros2_ws/src/hunter_ros/hunter_base/include/hunter_base/hunter_messenger.hpp:27[m[K,
                 from [01m[K/robot/Automan-hunter/Workspace/ros2_ws/src/hunter_ros/hunter_base/include/hunter_base/hunter_base_ros.hpp:23[m[K,
                 from [01m[K/robot/Automan-hunter/Workspace/ros2_ws/src/hunter_ros/hunter_base/src/hunter_base_ros.cpp:10[m[K:
[01m[K/robot/Automan-hunter/Workspace/ros2_ws/src/hunter_ros/hunter_base/ascent/include/ascent/containers/stack.h:54:7:[m[K [01;35m[Kwarning: [m[Ktype qualifiers ignored on function return type [[01;35m[K-Wignored-qualifiers[m[K]
   54 |       [01;35m[Kconst[m[K pointer operator->() const noexcept
      |       [01;35m[K^~~~~[m[K
[01m[K/robot/Automan-hunter/Workspace/ros2_ws/src/hunter_ros/hunter_base/ascent/include/ascent/containers/stack.h:113:7:[m[K [01;35m[Kwarning: [m[Ktype qualifiers ignored on function return type [[01;35m[K-Wignored-qualifiers[m[K]
  113 |       [01;35m[Kconst[m[K pointer operator->() const
      |       [01;35m[K^~~~~[m[K
In file included from [01m[K/robot/Automan-hunter/Workspace/ros2_ws/src/hunter_ros/hunter_base/ascent/include/ascent/integrators/RK2.h:17[m[K,
                 from [01m[K/robot/Automan-hunter/Workspace/ros2_ws/src/hunter_ros/hunter_base/ascent/include/ascent/Ascent.h:26[m[K,
                 from [01m[K/robot/Automan-hunter/Workspace/ros2_ws/src/hunter_ros/hunter_base/include/hunter_base/hunter_messenger.hpp:27[m[K,
                 from [01m[K/robot/Automan-hunter/Workspace/ros2_ws/src/hunter_ros/hunter_base/include/hunter_base/hunter_base_ros.hpp:23[m[K,
                 from [01m[K/robot/Automan-hunter/Workspace/ros2_ws/src/hunter_ros/hunter_base/src/hunter_base_ros.cpp:10[m[K:
[01m[K/robot/Automan-hunter/Workspace/ros2_ws/src/hunter_ros/hunter_base/ascent/include/ascent/Utility.h:25:14:[m[K [01;35m[Kwarning: [m[Ktype qualifiers ignored on function return type [[01;35m[K-Wignored-qualifiers[m[K]
   25 |    constexpr [01;35m[Kconst[m[K value_t cx(long double v) { return static_cast<value_t>(v); }
      |              [01;35m[K^~~~~[m[K
[01m[K/robot/Automan-hunter/Workspace/ros2_ws/src/hunter_ros/hunter_base/ascent/include/ascent/Utility.h:26:14:[m[K [01;35m[Kwarning: [m[Ktype qualifiers ignored on function return type [[01;35m[K-Wignored-qualifiers[m[K]
   26 |    constexpr [01;35m[Kconst[m[K value_t operator"" _v(long double v) { return static_cast<value_t>(v); }
      |              [01;35m[K^~~~~[m[K
In file included from [01m[K/robot/Automan-hunter/Workspace/ros2_ws/src/hunter_ros/hunter_base/ascent/include/ascent/Recorder.h:25[m[K,
                 from [01m[K/robot/Automan-hunter/Workspace/ros2_ws/src/hunter_ros/hunter_base/ascent/include/ascent/Ascent.h:17[m[K,
                 from [01m[K/robot/Automan-hunter/Workspace/ros2_ws/src/hunter_ros/hunter_base/include/hunter_base/hunter_messenger.hpp:27[m[K,
                 from [01m[K/robot/Automan-hunter/Workspace/ros2_ws/src/hunter_ros/hunter_base/src/hunter_messenger.cpp:17[m[K:
[01m[K/robot/Automan-hunter/Workspace/ros2_ws/src/hunter_ros/hunter_base/ascent/include/ascent/containers/stack.h:54:7:[m[K [01;35m[Kwarning: [m[Ktype qualifiers ignored on function return type [[01;35m[K-Wignored-qualifiers[m[K]
   54 |       [01;35m[Kconst[m[K pointer operator->() const noexcept
      |       [01;35m[K^~~~~[m[K
[01m[K/robot/Automan-hunter/Workspace/ros2_ws/src/hunter_ros/hunter_base/ascent/include/ascent/containers/stack.h:113:7:[m[K [01;35m[Kwarning: [m[Ktype qualifiers ignored on function return type [[01;35m[K-Wignored-qualifiers[m[K]
  113 |       [01;35m[Kconst[m[K pointer operator->() const
      |       [01;35m[K^~~~~[m[K
In file included from [01m[K/robot/Automan-hunter/Workspace/ros2_ws/src/hunter_ros/hunter_base/ascent/include/ascent/integrators/RK2.h:17[m[K,
                 from [01m[K/robot/Automan-hunter/Workspace/ros2_ws/src/hunter_ros/hunter_base/ascent/include/ascent/Ascent.h:26[m[K,
                 from [01m[K/robot/Automan-hunter/Workspace/ros2_ws/src/hunter_ros/hunter_base/include/hunter_base/hunter_messenger.hpp:27[m[K,
                 from [01m[K/robot/Automan-hunter/Workspace/ros2_ws/src/hunter_ros/hunter_base/src/hunter_messenger.cpp:17[m[K:
[01m[K/robot/Automan-hunter/Workspace/ros2_ws/src/hunter_ros/hunter_base/ascent/include/ascent/Utility.h:25:14:[m[K [01;35m[Kwarning: [m[Ktype qualifiers ignored on function return type [[01;35m[K-Wignored-qualifiers[m[K]
   25 |    constexpr [01;35m[Kconst[m[K value_t cx(long double v) { return static_cast<value_t>(v); }
      |              [01;35m[K^~~~~[m[K
[01m[K/robot/Automan-hunter/Workspace/ros2_ws/src/hunter_ros/hunter_base/ascent/include/ascent/Utility.h:26:14:[m[K [01;35m[Kwarning: [m[Ktype qualifiers ignored on function return type [[01;35m[K-Wignored-qualifiers[m[K]
   26 |    constexpr [01;35m[Kconst[m[K value_t operator"" _v(long double v) { return static_cast<value_t>(v); }
      |              [01;35m[K^~~~~[m[K
[01m[K/robot/Automan-hunter/Workspace/ros2_ws/src/hunter_ros/hunter_base/src/hunter_base_ros.cpp:[m[K In member function ‘[01m[Kvoid westonrobot::HunterBaseRos::Run()[m[K’:
[01m[K/robot/Automan-hunter/Workspace/ros2_ws/src/hunter_ros/hunter_base/src/hunter_base_ros.cpp:47:71:[m[K [01;31m[Kerror: [m[Kno matching function for call to ‘[01m[Kwestonrobot::HunterROSMessenger::HunterROSMessenger(westonrobot::HunterBase&, westonrobot::HunterBaseRos*)[m[K’
   47 |     HunterROSMessenger messenger = new HunterROSMessenger(robot_, this[01;31m[K)[m[K;
      |                                                                       [01;31m[K^[m[K
In file included from [01m[K/robot/Automan-hunter/Workspace/ros2_ws/src/hunter_ros/hunter_base/include/hunter_base/hunter_base_ros.hpp:23[m[K,
                 from [01m[K/robot/Automan-hunter/Workspace/ros2_ws/src/hunter_ros/hunter_base/src/hunter_base_ros.cpp:10[m[K:
[01m[K/robot/Automan-hunter/Workspace/ros2_ws/src/hunter_ros/hunter_base/include/hunter_base/hunter_messenger.hpp:58:3:[m[K [01;36m[Knote: [m[Kcandidate: ‘[01m[Kwestonrobot::HunterROSMessenger::HunterROSMessenger(westonrobot::HunterBase*, rclcpp::Node*)[m[K’
   58 |   [01;36m[KHunterROSMessenger[m[K(HunterBase *hunter, rclcpp::Node *node);
      |   [01;36m[K^~~~~~~~~~~~~~~~~~[m[K
[01m[K/robot/Automan-hunter/Workspace/ros2_ws/src/hunter_ros/hunter_base/include/hunter_base/hunter_messenger.hpp:58:34:[m[K [01;36m[Knote: [m[K  no known conversion for argument 1 from ‘[01m[Kwestonrobot::HunterBase[m[K’ to ‘[01m[Kwestonrobot::HunterBase*[m[K’
   58 |   HunterROSMessenger([01;36m[KHunterBase *hunter[m[K, rclcpp::Node *node);
      |                      [01;36m[K~~~~~~~~~~~~^~~~~~[m[K
[01m[K/robot/Automan-hunter/Workspace/ros2_ws/src/hunter_ros/hunter_base/src/hunter_base_ros.cpp:49:14:[m[K [01;31m[Kerror: [m[Kbase operand of ‘[01m[K->[m[K’ has non-pointer type ‘[01m[Kwestonrobot::HunterROSMessenger[m[K’
   49 |     messenger[01;31m[K->[m[KSetOdometryFrame(odom_frame_);
      |              [01;31m[K^~[m[K
[01m[K/robot/Automan-hunter/Workspace/ros2_ws/src/hunter_ros/hunter_base/src/hunter_base_ros.cpp:50:14:[m[K [01;31m[Kerror: [m[Kbase operand of ‘[01m[K->[m[K’ has non-pointer type ‘[01m[Kwestonrobot::HunterROSMessenger[m[K’
   50 |     messenger[01;31m[K->[m[KSetBaseFrame(base_frame_);
      |              [01;31m[K^~[m[K
[01m[K/robot/Automan-hunter/Workspace/ros2_ws/src/hunter_ros/hunter_base/src/hunter_base_ros.cpp:54:19:[m[K [01;31m[Kerror: [m[Kbase operand of ‘[01m[K->[m[K’ has non-pointer type ‘[01m[Kwestonrobot::HunterBase[m[K’
   54 |         if (robot_[01;31m[K->[m[KConnect(port_name_)) {
      |                   [01;31m[K^~[m[K
[01m[K/robot/Automan-hunter/Workspace/ros2_ws/src/hunter_ros/hunter_base/src/hunter_base_ros.cpp:67:14:[m[K [01;31m[Kerror: [m[Kbase operand of ‘[01m[K->[m[K’ has non-pointer type ‘[01m[Kwestonrobot::HunterROSMessenger[m[K’
   67 |     messenger[01;31m[K->[m[KSetupSubscription();
      |              [01;31m[K^~[m[K
[01m[K/robot/Automan-hunter/Workspace/ros2_ws/src/hunter_ros/hunter_base/src/hunter_base_ros.cpp:71:18:[m[K [01;31m[Kerror: [m[Kbase operand of ‘[01m[K->[m[K’ has non-pointer type ‘[01m[Kwestonrobot::HunterROSMessenger[m[K’
   71 |         messenger[01;31m[K->[m[KPublishStateToROS();
      |                  [01;31m[K^~[m[K
In file included from [01m[K/robot/Automan-hunter/Workspace/ros2_ws/src/hunter_ros/hunter_base/src/hunter_messenger.cpp:17[m[K:
/robot/Automan-hunter/Workspace/ros2_ws/src/hunter_ros/hunter_base/include/hunter_base/hunter_messenger.hpp: In instantiation of ‘[01m[Kasc::state_t westonrobot::SystemPropagator<SystemModel>::Propagate(asc::state_t, typename SystemModel::control_t, double, double, double) [with SystemModel = westonrobot::BicycleKinematics; asc::state_t = std::vector<double, std::allocator<double> >; typename SystemModel::control_t = westonrobot::BicycleKinematics::CtrlInput][m[K’:
[01m[K/robot/Automan-hunter/Workspace/ros2_ws/src/hunter_ros/hunter_base/src/hunter_messenger.cpp:173:73:[m[K   required from here
[01m[K/robot/Automan-hunter/Workspace/ros2_ws/src/hunter_ros/hunter_base/include/hunter_base/hunter_messenger.hpp:45:31:[m[K [01;31m[Kerror: [m[K‘[01m[KSystemMosdel[m[K’ was not declared in this scope
   45 |       integrator_([01;31m[KSystemMosdel(u)[m[K, x, t, dt);
      |                   [01;31m[K~~~~~~~~~~~~^~~[m[K
make[2]: *** [CMakeFiles/hunter_base_node.dir/build.make:76: CMakeFiles/hunter_base_node.dir/src/hunter_base_ros.cpp.o] Error 1
make[1]: *** [CMakeFiles/Makefile2:80: CMakeFiles/hunter_base_node.dir/all] Error 2
make[1]: *** Waiting for unfinished jobs....
make[2]: *** [CMakeFiles/hunter_messenger.dir/build.make:63: CMakeFiles/hunter_messenger.dir/src/hunter_messenger.cpp.o] Error 1
make[1]: *** [CMakeFiles/Makefile2:107: CMakeFiles/hunter_messenger.dir/all] Error 2
make: *** [Makefile:141: all] Error 2
