[0.011s] Invoking command in '/robot/Automan-hunter/Workspace/ros2_ws/build/hunter_base': CMAKE_PREFIX_PATH=${CMAKE_PREFIX_PATH}:/opt/ros/foxy LD_LIBRARY_PATH=/robot/Automan-hunter/Workspace/ros2_ws/install/hunter_msgs/lib:/robot/Automan-hunter/Workspace/ros2_ws/install/wrp_sdk/lib:/opt/ros/foxy/opt/yaml_cpp_vendor/lib:/opt/ros/foxy/opt/rviz_ogre_vendor/lib:/opt/ros/foxy/lib/x86_64-linux-gnu:/opt/ros/foxy/lib:/usr/local/cuda/lib64:/usr/local/cuda/extras/CUPTI/lib64 /usr/bin/cmake --build /robot/Automan-hunter/Workspace/ros2_ws/build/hunter_base -- -j24 -l24
[0.028s] -- Found ament_cmake: 0.9.9 (/opt/ros/foxy/share/ament_cmake/cmake)
[0.041s] -- Using PYTHON_EXECUTABLE: /usr/bin/python3
[0.168s] -- Found rclcpp: 2.4.0 (/opt/ros/foxy/share/rclcpp/cmake)
[0.189s] -- Using all available rosidl_typesupport_c: rosidl_typesupport_fastrtps_c;rosidl_typesupport_introspection_c
[0.191s] -- Found rosidl_adapter: 1.2.1 (/opt/ros/foxy/share/rosidl_adapter/cmake)
[0.258s] -- Using all available rosidl_typesupport_cpp: rosidl_typesupport_fastrtps_cpp;rosidl_typesupport_introspection_cpp
[0.290s] -- Found rmw_implementation_cmake: 1.0.3 (/opt/ros/foxy/share/rmw_implementation_cmake/cmake)
[0.291s] -- Using RMW implementation 'rmw_fastrtps_cpp' as default
[0.385s] -- Found sensor_msgs: 2.0.4 (/opt/ros/foxy/share/sensor_msgs/cmake)
[0.461s] -- Found nav_msgs: 2.0.4 (/opt/ros/foxy/share/nav_msgs/cmake)
[0.509s] -- Found tf2: 0.13.12 (/opt/ros/foxy/share/tf2/cmake)
[0.515s] -- Found tf2_ros: 0.13.12 (/opt/ros/foxy/share/tf2_ros/cmake)
[0.729s] -- Found hunter_msgs: 0.0.0 (/robot/Automan-hunter/Workspace/ros2_ws/install/hunter_msgs/share/hunter_msgs/cmake)
[0.753s] -- Found wrp_sdk: 0.3.3 (/robot/Automan-hunter/Workspace/ros2_ws/install/wrp_sdk/share/wrp_sdk/cmake)
[0.754s] wrp_sdk's path: /robot/Automan-hunter/Workspace/ros2_ws/install/wrp_sdk/include/wrp_sdk
[0.792s] -- Configuring done
[0.796s] -- Generating done
[0.798s] -- Build files have been written to: /robot/Automan-hunter/Workspace/ros2_ws/build/hunter_base
[0.815s] [35m[1mScanning dependencies of target hunter_messenger[0m
[0.835s] [ 33%] [32mBuilding CXX object CMakeFiles/hunter_messenger.dir/src/hunter_messenger.cpp.o[0m
[2.300s] In file included from [01m[K/robot/Automan-hunter/Workspace/ros2_ws/src/hunter_ros/hunter_base/ascent/include/ascent/Recorder.h:25[m[K,
[2.300s]                  from [01m[K/robot/Automan-hunter/Workspace/ros2_ws/src/hunter_ros/hunter_base/ascent/include/ascent/Ascent.h:17[m[K,
[2.300s]                  from [01m[K/robot/Automan-hunter/Workspace/ros2_ws/src/hunter_ros/hunter_base/include/hunter_base/hunter_messenger.hpp:27[m[K,
[2.300s]                  from [01m[K/robot/Automan-hunter/Workspace/ros2_ws/src/hunter_ros/hunter_base/src/hunter_messenger.cpp:17[m[K:
[2.301s] [01m[K/robot/Automan-hunter/Workspace/ros2_ws/src/hunter_ros/hunter_base/ascent/include/ascent/containers/stack.h:54:7:[m[K [01;35m[Kwarning: [m[Ktype qualifiers ignored on function return type [[01;35m[K-Wignored-qualifiers[m[K]
[2.301s]    54 |       [01;35m[Kconst[m[K pointer operator->() const noexcept
[2.301s]       |       [01;35m[K^~~~~[m[K
[2.301s] [01m[K/robot/Automan-hunter/Workspace/ros2_ws/src/hunter_ros/hunter_base/ascent/include/ascent/containers/stack.h:113:7:[m[K [01;35m[Kwarning: [m[Ktype qualifiers ignored on function return type [[01;35m[K-Wignored-qualifiers[m[K]
[2.301s]   113 |       [01;35m[Kconst[m[K pointer operator->() const
[2.301s]       |       [01;35m[K^~~~~[m[K
[2.304s] In file included from [01m[K/robot/Automan-hunter/Workspace/ros2_ws/src/hunter_ros/hunter_base/ascent/include/ascent/integrators/RK2.h:17[m[K,
[2.304s]                  from [01m[K/robot/Automan-hunter/Workspace/ros2_ws/src/hunter_ros/hunter_base/ascent/include/ascent/Ascent.h:26[m[K,
[2.304s]                  from [01m[K/robot/Automan-hunter/Workspace/ros2_ws/src/hunter_ros/hunter_base/include/hunter_base/hunter_messenger.hpp:27[m[K,
[2.304s]                  from [01m[K/robot/Automan-hunter/Workspace/ros2_ws/src/hunter_ros/hunter_base/src/hunter_messenger.cpp:17[m[K:
[2.304s] [01m[K/robot/Automan-hunter/Workspace/ros2_ws/src/hunter_ros/hunter_base/ascent/include/ascent/Utility.h:25:14:[m[K [01;35m[Kwarning: [m[Ktype qualifiers ignored on function return type [[01;35m[K-Wignored-qualifiers[m[K]
[2.304s]    25 |    constexpr [01;35m[Kconst[m[K value_t cx(long double v) { return static_cast<value_t>(v); }
[2.304s]       |              [01;35m[K^~~~~[m[K
[2.304s] [01m[K/robot/Automan-hunter/Workspace/ros2_ws/src/hunter_ros/hunter_base/ascent/include/ascent/Utility.h:26:14:[m[K [01;35m[Kwarning: [m[Ktype qualifiers ignored on function return type [[01;35m[K-Wignored-qualifiers[m[K]
[2.305s]    26 |    constexpr [01;35m[Kconst[m[K value_t operator"" _v(long double v) { return static_cast<value_t>(v); }
[2.305s]       |              [01;35m[K^~~~~[m[K
[6.310s] [ 66%] [32m[1mLinking CXX static library libhunter_messenger.a[0m
[6.378s] [100%] Built target hunter_messenger
[6.385s] Invoked command in '/robot/Automan-hunter/Workspace/ros2_ws/build/hunter_base' returned '0': CMAKE_PREFIX_PATH=${CMAKE_PREFIX_PATH}:/opt/ros/foxy LD_LIBRARY_PATH=/robot/Automan-hunter/Workspace/ros2_ws/install/hunter_msgs/lib:/robot/Automan-hunter/Workspace/ros2_ws/install/wrp_sdk/lib:/opt/ros/foxy/opt/yaml_cpp_vendor/lib:/opt/ros/foxy/opt/rviz_ogre_vendor/lib:/opt/ros/foxy/lib/x86_64-linux-gnu:/opt/ros/foxy/lib:/usr/local/cuda/lib64:/usr/local/cuda/extras/CUPTI/lib64 /usr/bin/cmake --build /robot/Automan-hunter/Workspace/ros2_ws/build/hunter_base -- -j24 -l24
[6.405s] Invoking command in '/robot/Automan-hunter/Workspace/ros2_ws/build/hunter_base': CMAKE_PREFIX_PATH=${CMAKE_PREFIX_PATH}:/opt/ros/foxy LD_LIBRARY_PATH=/robot/Automan-hunter/Workspace/ros2_ws/install/hunter_msgs/lib:/robot/Automan-hunter/Workspace/ros2_ws/install/wrp_sdk/lib:/opt/ros/foxy/opt/yaml_cpp_vendor/lib:/opt/ros/foxy/opt/rviz_ogre_vendor/lib:/opt/ros/foxy/lib/x86_64-linux-gnu:/opt/ros/foxy/lib:/usr/local/cuda/lib64:/usr/local/cuda/extras/CUPTI/lib64 /usr/bin/cmake --install /robot/Automan-hunter/Workspace/ros2_ws/build/hunter_base
[6.410s] -- Install configuration: ""
[6.410s] -- Installing: /robot/Automan-hunter/Workspace/ros2_ws/install/hunter_base/include/hunter_base/hunter_base
[6.410s] -- Installing: /robot/Automan-hunter/Workspace/ros2_ws/install/hunter_base/include/hunter_base/hunter_base/bicycle_model.hpp
[6.410s] -- Installing: /robot/Automan-hunter/Workspace/ros2_ws/install/hunter_base/include/hunter_base/hunter_base/hunter_messenger.hpp
[6.410s] -- Installing: /robot/Automan-hunter/Workspace/ros2_ws/install/hunter_base/include/hunter_base/hunter_base/hunter_params.hpp
[6.410s] -- Installing: /robot/Automan-hunter/Workspace/ros2_ws/install/hunter_base/share/ament_index/resource_index/package_run_dependencies/hunter_base
[6.410s] -- Installing: /robot/Automan-hunter/Workspace/ros2_ws/install/hunter_base/share/ament_index/resource_index/parent_prefix_path/hunter_base
[6.410s] -- Installing: /robot/Automan-hunter/Workspace/ros2_ws/install/hunter_base/share/hunter_base/environment/ament_prefix_path.sh
[6.410s] -- Installing: /robot/Automan-hunter/Workspace/ros2_ws/install/hunter_base/share/hunter_base/environment/ament_prefix_path.dsv
[6.411s] -- Installing: /robot/Automan-hunter/Workspace/ros2_ws/install/hunter_base/share/hunter_base/environment/path.sh
[6.411s] -- Installing: /robot/Automan-hunter/Workspace/ros2_ws/install/hunter_base/share/hunter_base/environment/path.dsv
[6.411s] -- Installing: /robot/Automan-hunter/Workspace/ros2_ws/install/hunter_base/share/hunter_base/local_setup.bash
[6.411s] -- Installing: /robot/Automan-hunter/Workspace/ros2_ws/install/hunter_base/share/hunter_base/local_setup.sh
[6.411s] -- Installing: /robot/Automan-hunter/Workspace/ros2_ws/install/hunter_base/share/hunter_base/local_setup.zsh
[6.411s] -- Installing: /robot/Automan-hunter/Workspace/ros2_ws/install/hunter_base/share/hunter_base/local_setup.dsv
[6.411s] -- Installing: /robot/Automan-hunter/Workspace/ros2_ws/install/hunter_base/share/hunter_base/package.dsv
[6.411s] -- Installing: /robot/Automan-hunter/Workspace/ros2_ws/install/hunter_base/share/ament_index/resource_index/packages/hunter_base
[6.411s] -- Installing: /robot/Automan-hunter/Workspace/ros2_ws/install/hunter_base/share/hunter_base/cmake/hunter_baseConfig.cmake
[6.411s] -- Installing: /robot/Automan-hunter/Workspace/ros2_ws/install/hunter_base/share/hunter_base/cmake/hunter_baseConfig-version.cmake
[6.411s] -- Installing: /robot/Automan-hunter/Workspace/ros2_ws/install/hunter_base/share/hunter_base/package.xml
[6.413s] Invoked command in '/robot/Automan-hunter/Workspace/ros2_ws/build/hunter_base' returned '0': CMAKE_PREFIX_PATH=${CMAKE_PREFIX_PATH}:/opt/ros/foxy LD_LIBRARY_PATH=/robot/Automan-hunter/Workspace/ros2_ws/install/hunter_msgs/lib:/robot/Automan-hunter/Workspace/ros2_ws/install/wrp_sdk/lib:/opt/ros/foxy/opt/yaml_cpp_vendor/lib:/opt/ros/foxy/opt/rviz_ogre_vendor/lib:/opt/ros/foxy/lib/x86_64-linux-gnu:/opt/ros/foxy/lib:/usr/local/cuda/lib64:/usr/local/cuda/extras/CUPTI/lib64 /usr/bin/cmake --install /robot/Automan-hunter/Workspace/ros2_ws/build/hunter_base
