-- The C compiler identification is GNU 9.3.0
-- The CXX compiler identification is GNU 9.3.0
-- Check for working C compiler: /usr/bin/cc
-- Check for working C compiler: /usr/bin/cc -- works
-- Detecting C compiler ABI info
-- Detecting C compiler ABI info - done
-- Detecting C compile features
-- Detecting C compile features - done
-- Check for working CXX compiler: /usr/bin/c++
-- Check for working CXX compiler: /usr/bin/c++ -- works
-- Detecting CXX compiler ABI info
-- Detecting CXX compiler ABI info - done
-- Detecting CXX compile features
-- Detecting CXX compile features - done
-- Found ament_cmake: 0.9.9 (/opt/ros/foxy/share/ament_cmake/cmake)
-- Found PythonInterp: /usr/bin/python3 (found suitable version "3.8.10", minimum required is "3") 
-- Using PYTHON_EXECUTABLE: /usr/bin/python3
-- Setting build type to 'Release' as none was specified.
-- Looking for cbreak in /usr/lib/x86_64-linux-gnu/libncurses.so
-- Looking for cbreak in /usr/lib/x86_64-linux-gnu/libncurses.so - found
-- Configuring done
-- Generating done
-- Build files have been written to: /robot/Automan-hunter/Workspace/ros2_ws/build/wrp_sdk
[35m[1mScanning dependencies of target wrp_sdk[0m
[ 20%] [32mBuilding CXX object CMakeFiles/wrp_sdk.dir/src/platforms/mobile_base.cpp.o[0m
[ 20%] [32mBuilding CXX object CMakeFiles/wrp_sdk.dir/src/platforms/hunter_base.cpp.o[0m
[ 40%] [32mBuilding CXX object CMakeFiles/wrp_sdk.dir/src/asyncio_utils.cpp.o[0m
[ 40%] [32mBuilding CXX object CMakeFiles/wrp_sdk.dir/src/platforms/scout_base.cpp.o[0m
[ 50%] [32mBuilding C object CMakeFiles/wrp_sdk.dir/src/platforms/scout_can_parser.c.o[0m
[ 60%] [32mBuilding C object CMakeFiles/wrp_sdk.dir/src/platforms/scout_uart_parser.c.o[0m
[ 70%] [32mBuilding CXX object CMakeFiles/wrp_sdk.dir/src/async_serial.cpp.o[0m
[ 80%] [32mBuilding CXX object CMakeFiles/wrp_sdk.dir/src/async_can.cpp.o[0m
[ 90%] [32mBuilding C object CMakeFiles/wrp_sdk.dir/src/platforms/hunter_can_parser.c.o[0m
[01m[K/robot/Automan-hunter/Workspace/ros2_ws/src/wrp_sdk/src/platforms/scout_uart_parser.c:[m[K In function ‘[01m[KParseChar[m[K’:
[01m[K/robot/Automan-hunter/Workspace/ros2_ws/src/wrp_sdk/src/platforms/scout_uart_parser.c:376:48:[m[K [01;35m[Kwarning: [m[Kcomparison of integer expressions of different signedness: ‘[01m[Ksize_t[m[K’ {aka ‘[01m[Klong unsigned int[m[K’} and ‘[01m[Kint[m[K’ [[01;35m[K-Wsign-compare[m[K]
  376 |         if (uart_parsing_data.payload_data_pos [01;35m[K==[m[K (uart_parsing_data.frame_len - FRAME_FIXED_FIELD_LEN))
      |                                                [01;35m[K^~[m[K
In file included from [01m[K/robot/Automan-hunter/Workspace/ros2_ws/src/wrp_sdk/include/wrp_sdk/asyncio/async_serial.hpp:44[m[K,
                 from [01m[K/robot/Automan-hunter/Workspace/ros2_ws/src/wrp_sdk/include/wrp_sdk/platforms/common/mobile_base.hpp:22[m[K,
                 from [01m[K/robot/Automan-hunter/Workspace/ros2_ws/src/wrp_sdk/include/wrp_sdk/platforms/hunter/hunter_base.hpp:18[m[K,
                 from [01m[K/robot/Automan-hunter/Workspace/ros2_ws/src/wrp_sdk/src/platforms/hunter_base.cpp:1[m[K:
[01m[K/robot/Automan-hunter/Workspace/ros2_ws/src/wrp_sdk/include/wrp_sdk/asyncio/msg_buffer.hpp:[m[K In constructor ‘[01m[Kwestonrobot::MsgBuffer::MsgBuffer()[m[K’:
[01m[K/robot/Automan-hunter/Workspace/ros2_ws/src/wrp_sdk/include/wrp_sdk/asyncio/msg_buffer.hpp:35:13:[m[K [01;35m[Kwarning: [m[K‘[01m[Kwestonrobot::MsgBuffer::pos[m[K’ will be initialized after [[01;35m[K-Wreorder[m[K]
   35 |     ssize_t [01;35m[Kpos[m[K;
      |             [01;35m[K^~~[m[K
[01m[K/robot/Automan-hunter/Workspace/ros2_ws/src/wrp_sdk/include/wrp_sdk/asyncio/msg_buffer.hpp:34:13:[m[K [01;35m[Kwarning: [m[K  ‘[01m[Kssize_t westonrobot::MsgBuffer::len[m[K’ [[01;35m[K-Wreorder[m[K]
   34 |     ssize_t [01;35m[Klen[m[K;
      |             [01;35m[K^~~[m[K
[01m[K/robot/Automan-hunter/Workspace/ros2_ws/src/wrp_sdk/include/wrp_sdk/asyncio/msg_buffer.hpp:37:5:[m[K [01;35m[Kwarning: [m[K  when initialized here [[01;35m[K-Wreorder[m[K]
   37 |     [01;35m[KMsgBuffer[m[K() : pos(0),
      |     [01;35m[K^~~~~~~~~[m[K
[01m[K/robot/Automan-hunter/Workspace/ros2_ws/src/wrp_sdk/include/wrp_sdk/asyncio/msg_buffer.hpp:[m[K In constructor ‘[01m[Kwestonrobot::MsgBuffer::MsgBuffer(const uint8_t*, ssize_t)[m[K’:
[01m[K/robot/Automan-hunter/Workspace/ros2_ws/src/wrp_sdk/include/wrp_sdk/asyncio/msg_buffer.hpp:35:13:[m[K [01;35m[Kwarning: [m[K‘[01m[Kwestonrobot::MsgBuffer::pos[m[K’ will be initialized after [[01;35m[K-Wreorder[m[K]
   35 |     ssize_t [01;35m[Kpos[m[K;
      |             [01;35m[K^~~[m[K
[01m[K/robot/Automan-hunter/Workspace/ros2_ws/src/wrp_sdk/include/wrp_sdk/asyncio/msg_buffer.hpp:34:13:[m[K [01;35m[Kwarning: [m[K  ‘[01m[Kssize_t westonrobot::MsgBuffer::len[m[K’ [[01;35m[K-Wreorder[m[K]
   34 |     ssize_t [01;35m[Klen[m[K;
      |             [01;35m[K^~~[m[K
[01m[K/robot/Automan-hunter/Workspace/ros2_ws/src/wrp_sdk/include/wrp_sdk/asyncio/msg_buffer.hpp:46:5:[m[K [01;35m[Kwarning: [m[K  when initialized here [[01;35m[K-Wreorder[m[K]
   46 |     [01;35m[KMsgBuffer[m[K(const uint8_t *bytes, ssize_t nbytes) : pos(0),
      |     [01;35m[K^~~~~~~~~[m[K
[01m[K/robot/Automan-hunter/Workspace/ros2_ws/src/wrp_sdk/src/async_can.cpp:[m[K In member function ‘[01m[Kvoid westonrobot::ASyncCAN::close()[m[K’:
[01m[K/robot/Automan-hunter/Workspace/ros2_ws/src/wrp_sdk/src/async_can.cpp:103:15:[m[K [01;35m[Kwarning: [m[Kunused variable ‘[01m[Kclose_result[m[K’ [[01;35m[K-Wunused-variable[m[K]
  103 |     const int [01;35m[Kclose_result[m[K = ::close(can_fd_);
      |               [01;35m[K^~~~~~~~~~~~[m[K
[01m[K/robot/Automan-hunter/Workspace/ros2_ws/src/wrp_sdk/src/async_can.cpp:[m[K In lambda function:
[01m[K/robot/Automan-hunter/Workspace/ros2_ws/src/wrp_sdk/src/async_can.cpp:158:43:[m[K [01;35m[Kwarning: [m[Kunused parameter ‘[01m[Kerror[m[K’ [[01;35m[K-Wunused-parameter[m[K]
  158 |                             []([01;35m[Kerror_code error[m[K, size_t bytes_transferred) {
      |                                [01;35m[K~~~~~~~~~~~^~~~~[m[K
[01m[K/robot/Automan-hunter/Workspace/ros2_ws/src/wrp_sdk/src/async_can.cpp:158:57:[m[K [01;35m[Kwarning: [m[Kunused parameter ‘[01m[Kbytes_transferred[m[K’ [[01;35m[K-Wunused-parameter[m[K]
  158 |                             [](error_code error, [01;35m[Ksize_t bytes_transferred[m[K) {
      |                                                  [01;35m[K~~~~~~~^~~~~~~~~~~~~~~~~[m[K
In file included from [01m[K/robot/Automan-hunter/Workspace/ros2_ws/src/wrp_sdk/include/wrp_sdk/asyncio/async_serial.hpp:44[m[K,
                 from [01m[K/robot/Automan-hunter/Workspace/ros2_ws/src/wrp_sdk/include/wrp_sdk/platforms/scout/scout_base.hpp:20[m[K,
                 from [01m[K/robot/Automan-hunter/Workspace/ros2_ws/src/wrp_sdk/src/platforms/scout_base.cpp:1[m[K:
[01m[K/robot/Automan-hunter/Workspace/ros2_ws/src/wrp_sdk/include/wrp_sdk/asyncio/msg_buffer.hpp:[m[K In constructor ‘[01m[Kwestonrobot::MsgBuffer::MsgBuffer()[m[K’:
[01m[K/robot/Automan-hunter/Workspace/ros2_ws/src/wrp_sdk/include/wrp_sdk/asyncio/msg_buffer.hpp:35:13:[m[K [01;35m[Kwarning: [m[K‘[01m[Kwestonrobot::MsgBuffer::pos[m[K’ will be initialized after [[01;35m[K-Wreorder[m[K]
   35 |     ssize_t [01;35m[Kpos[m[K;
      |             [01;35m[K^~~[m[K
[01m[K/robot/Automan-hunter/Workspace/ros2_ws/src/wrp_sdk/include/wrp_sdk/asyncio/msg_buffer.hpp:34:13:[m[K [01;35m[Kwarning: [m[K  ‘[01m[Kssize_t westonrobot::MsgBuffer::len[m[K’ [[01;35m[K-Wreorder[m[K]
   34 |     ssize_t [01;35m[Klen[m[K;
      |             [01;35m[K^~~[m[K
[01m[K/robot/Automan-hunter/Workspace/ros2_ws/src/wrp_sdk/include/wrp_sdk/asyncio/msg_buffer.hpp:37:5:[m[K [01;35m[Kwarning: [m[K  when initialized here [[01;35m[K-Wreorder[m[K]
   37 |     [01;35m[KMsgBuffer[m[K() : pos(0),
      |     [01;35m[K^~~~~~~~~[m[K
[01m[K/robot/Automan-hunter/Workspace/ros2_ws/src/wrp_sdk/include/wrp_sdk/asyncio/msg_buffer.hpp:[m[K In constructor ‘[01m[Kwestonrobot::MsgBuffer::MsgBuffer(const uint8_t*, ssize_t)[m[K’:
[01m[K/robot/Automan-hunter/Workspace/ros2_ws/src/wrp_sdk/include/wrp_sdk/asyncio/msg_buffer.hpp:35:13:[m[K [01;35m[Kwarning: [m[K‘[01m[Kwestonrobot::MsgBuffer::pos[m[K’ will be initialized after [[01;35m[K-Wreorder[m[K]
   35 |     ssize_t [01;35m[Kpos[m[K;
      |             [01;35m[K^~~[m[K
[01m[K/robot/Automan-hunter/Workspace/ros2_ws/src/wrp_sdk/include/wrp_sdk/asyncio/msg_buffer.hpp:34:13:[m[K [01;35m[Kwarning: [m[K  ‘[01m[Kssize_t westonrobot::MsgBuffer::len[m[K’ [[01;35m[K-Wreorder[m[K]
   34 |     ssize_t [01;35m[Klen[m[K;
      |             [01;35m[K^~~[m[K
[01m[K/robot/Automan-hunter/Workspace/ros2_ws/src/wrp_sdk/include/wrp_sdk/asyncio/msg_buffer.hpp:46:5:[m[K [01;35m[Kwarning: [m[K  when initialized here [[01;35m[K-Wreorder[m[K]
   46 |     [01;35m[KMsgBuffer[m[K(const uint8_t *bytes, ssize_t nbytes) : pos(0),
      |     [01;35m[K^~~~~~~~~[m[K
[01m[K/robot/Automan-hunter/Workspace/ros2_ws/src/wrp_sdk/src/async_can.cpp:[m[K In lambda function:
[01m[K/robot/Automan-hunter/Workspace/ros2_ws/src/wrp_sdk/src/async_can.cpp:190:42:[m[K [01;35m[Kwarning: [m[Kunused parameter ‘[01m[Kbytes_transferred[m[K’ [[01;35m[K-Wunused-parameter[m[K]
  190 |         [sthis](error_code error, [01;35m[Ksize_t bytes_transferred[m[K) {
      |                                   [01;35m[K~~~~~~~^~~~~~~~~~~~~~~~~[m[K
[01m[K/robot/Automan-hunter/Workspace/ros2_ws/src/wrp_sdk/src/async_can.cpp:[m[K In member function ‘[01m[Kvoid westonrobot::ASyncCAN::do_read(can_frame&, asio::posix::basic_stream_descriptor<>&)[m[K’:
[01m[K/robot/Automan-hunter/Workspace/ros2_ws/src/wrp_sdk/src/async_can.cpp:185:42:[m[K [01;35m[Kwarning: [m[Kunused parameter ‘[01m[Krec_frame[m[K’ [[01;35m[K-Wunused-parameter[m[K]
  185 | void ASyncCAN::do_read([01;35m[Kstruct can_frame &rec_frame[m[K, asio::posix::basic_stream_descriptor<> &stream)
      |                        [01;35m[K~~~~~~~~~~~~~~~~~~^~~~~~~~~[m[K
In file included from [01m[K/robot/Automan-hunter/Workspace/ros2_ws/src/wrp_sdk/include/wrp_sdk/platforms/hunter/hunter_base.hpp:18[m[K,
                 from [01m[K/robot/Automan-hunter/Workspace/ros2_ws/src/wrp_sdk/src/platforms/hunter_base.cpp:1[m[K:
[01m[K/robot/Automan-hunter/Workspace/ros2_ws/src/wrp_sdk/include/wrp_sdk/platforms/common/mobile_base.hpp:[m[K In member function ‘[01m[Kvirtual void westonrobot::MobileBase::ParseCANFrame(can_frame*)[m[K’:
[01m[K/robot/Automan-hunter/Workspace/ros2_ws/src/wrp_sdk/include/wrp_sdk/platforms/common/mobile_base.hpp:68:41:[m[K [01;35m[Kwarning: [m[Kunused parameter ‘[01m[Krx_frame[m[K’ [[01;35m[K-Wunused-parameter[m[K]
   68 |   virtual void ParseCANFrame([01;35m[Kcan_frame *rx_frame[m[K){};
      |                              [01;35m[K~~~~~~~~~~~^~~~~~~~[m[K
[01m[K/robot/Automan-hunter/Workspace/ros2_ws/src/wrp_sdk/include/wrp_sdk/platforms/common/mobile_base.hpp:[m[K In member function ‘[01m[Kvirtual void westonrobot::MobileBase::ParseUARTBuffer(uint8_t*, size_t, size_t)[m[K’:
[01m[K/robot/Automan-hunter/Workspace/ros2_ws/src/wrp_sdk/include/wrp_sdk/platforms/common/mobile_base.hpp:69:41:[m[K [01;35m[Kwarning: [m[Kunused parameter ‘[01m[Kbuf[m[K’ [[01;35m[K-Wunused-parameter[m[K]
   69 |   virtual void ParseUARTBuffer([01;35m[Kuint8_t *buf[m[K, const size_t bufsize,
      |                                [01;35m[K~~~~~~~~~^~~[m[K
[01m[K/robot/Automan-hunter/Workspace/ros2_ws/src/wrp_sdk/include/wrp_sdk/platforms/common/mobile_base.hpp:69:59:[m[K [01;35m[Kwarning: [m[Kunused parameter ‘[01m[Kbufsize[m[K’ [[01;35m[K-Wunused-parameter[m[K]
   69 |   virtual void ParseUARTBuffer(uint8_t *buf, [01;35m[Kconst size_t bufsize[m[K,
      |                                              [01;35m[K~~~~~~~~~~~~~^~~~~~~[m[K
[01m[K/robot/Automan-hunter/Workspace/ros2_ws/src/wrp_sdk/include/wrp_sdk/platforms/common/mobile_base.hpp:70:39:[m[K [01;35m[Kwarning: [m[Kunused parameter ‘[01m[Kbytes_received[m[K’ [[01;35m[K-Wunused-parameter[m[K]
   70 |                                [01;35m[Ksize_t bytes_received[m[K){};
      |                                [01;35m[K~~~~~~~^~~~~~~~~~~~~~[m[K
In file included from [01m[K/robot/Automan-hunter/Workspace/ros2_ws/src/wrp_sdk/src/platforms/hunter_base.cpp:1[m[K:
[01m[K/robot/Automan-hunter/Workspace/ros2_ws/src/wrp_sdk/include/wrp_sdk/platforms/hunter/hunter_base.hpp:[m[K In member function ‘[01m[Kvirtual void westonrobot::HunterBase::ParseUARTBuffer(uint8_t*, size_t, size_t)[m[K’:
[01m[K/robot/Automan-hunter/Workspace/ros2_ws/src/wrp_sdk/include/wrp_sdk/platforms/hunter/hunter_base.hpp:57:33:[m[K [01;35m[Kwarning: [m[Kunused parameter ‘[01m[Kbuf[m[K’ [[01;35m[K-Wunused-parameter[m[K]
   57 |   void ParseUARTBuffer([01;35m[Kuint8_t *buf[m[K, const size_t bufsize,
      |                        [01;35m[K~~~~~~~~~^~~[m[K
[01m[K/robot/Automan-hunter/Workspace/ros2_ws/src/wrp_sdk/include/wrp_sdk/platforms/hunter/hunter_base.hpp:57:51:[m[K [01;35m[Kwarning: [m[Kunused parameter ‘[01m[Kbufsize[m[K’ [[01;35m[K-Wunused-parameter[m[K]
   57 |   void ParseUARTBuffer(uint8_t *buf, [01;35m[Kconst size_t bufsize[m[K,
      |                                      [01;35m[K~~~~~~~~~~~~~^~~~~~~[m[K
[01m[K/robot/Automan-hunter/Workspace/ros2_ws/src/wrp_sdk/include/wrp_sdk/platforms/hunter/hunter_base.hpp:58:31:[m[K [01;35m[Kwarning: [m[Kunused parameter ‘[01m[Kbytes_received[m[K’ [[01;35m[K-Wunused-parameter[m[K]
   58 |                        [01;35m[Ksize_t bytes_received[m[K) override{};
      |                        [01;35m[K~~~~~~~^~~~~~~~~~~~~~[m[K
In file included from [01m[K/robot/Automan-hunter/Workspace/ros2_ws/src/wrp_sdk/include/wrp_sdk/asyncio/async_serial.hpp:44[m[K,
                 from [01m[K/robot/Automan-hunter/Workspace/ros2_ws/src/wrp_sdk/include/wrp_sdk/platforms/common/mobile_base.hpp:22[m[K,
                 from [01m[K/robot/Automan-hunter/Workspace/ros2_ws/src/wrp_sdk/src/platforms/mobile_base.cpp:10[m[K:
[01m[K/robot/Automan-hunter/Workspace/ros2_ws/src/wrp_sdk/include/wrp_sdk/asyncio/msg_buffer.hpp:[m[K In constructor ‘[01m[Kwestonrobot::MsgBuffer::MsgBuffer()[m[K’:
[01m[K/robot/Automan-hunter/Workspace/ros2_ws/src/wrp_sdk/include/wrp_sdk/asyncio/msg_buffer.hpp:35:13:[m[K [01;35m[Kwarning: [m[K‘[01m[Kwestonrobot::MsgBuffer::pos[m[K’ will be initialized after [[01;35m[K-Wreorder[m[K]
   35 |     ssize_t [01;35m[Kpos[m[K;
      |             [01;35m[K^~~[m[K
[01m[K/robot/Automan-hunter/Workspace/ros2_ws/src/wrp_sdk/include/wrp_sdk/asyncio/msg_buffer.hpp:34:13:[m[K [01;35m[Kwarning: [m[K  ‘[01m[Kssize_t westonrobot::MsgBuffer::len[m[K’ [[01;35m[K-Wreorder[m[K]
   34 |     ssize_t [01;35m[Klen[m[K;
      |             [01;35m[K^~~[m[K
[01m[K/robot/Automan-hunter/Workspace/ros2_ws/src/wrp_sdk/include/wrp_sdk/asyncio/msg_buffer.hpp:37:5:[m[K [01;35m[Kwarning: [m[K  when initialized here [[01;35m[K-Wreorder[m[K]
   37 |     [01;35m[KMsgBuffer[m[K() : pos(0),
      |     [01;35m[K^~~~~~~~~[m[K
[01m[K/robot/Automan-hunter/Workspace/ros2_ws/src/wrp_sdk/include/wrp_sdk/asyncio/msg_buffer.hpp:[m[K In constructor ‘[01m[Kwestonrobot::MsgBuffer::MsgBuffer(const uint8_t*, ssize_t)[m[K’:
[01m[K/robot/Automan-hunter/Workspace/ros2_ws/src/wrp_sdk/include/wrp_sdk/asyncio/msg_buffer.hpp:35:13:[m[K [01;35m[Kwarning: [m[K‘[01m[Kwestonrobot::MsgBuffer::pos[m[K’ will be initialized after [[01;35m[K-Wreorder[m[K]
   35 |     ssize_t [01;35m[Kpos[m[K;
      |             [01;35m[K^~~[m[K
[01m[K/robot/Automan-hunter/Workspace/ros2_ws/src/wrp_sdk/include/wrp_sdk/asyncio/msg_buffer.hpp:34:13:[m[K [01;35m[Kwarning: [m[K  ‘[01m[Kssize_t westonrobot::MsgBuffer::len[m[K’ [[01;35m[K-Wreorder[m[K]
   34 |     ssize_t [01;35m[Klen[m[K;
      |             [01;35m[K^~~[m[K
[01m[K/robot/Automan-hunter/Workspace/ros2_ws/src/wrp_sdk/include/wrp_sdk/asyncio/msg_buffer.hpp:46:5:[m[K [01;35m[Kwarning: [m[K  when initialized here [[01;35m[K-Wreorder[m[K]
   46 |     [01;35m[KMsgBuffer[m[K(const uint8_t *bytes, ssize_t nbytes) : pos(0),
      |     [01;35m[K^~~~~~~~~[m[K
[01m[K/robot/Automan-hunter/Workspace/ros2_ws/src/wrp_sdk/src/platforms/hunter_base.cpp:[m[K In member function ‘[01m[Kvirtual void westonrobot::HunterBase::ParseCANFrame(can_frame*)[m[K’:
[01m[K/robot/Automan-hunter/Workspace/ros2_ws/src/wrp_sdk/src/platforms/hunter_base.cpp:87:26:[m[K [01;35m[Kwarning: [m[Klogical not is only applied to the left hand side of comparison [[01;35m[K-Wlogical-not-parentheses[m[K]
   87 |   if (!rx_frame->data[7] [01;35m[K==[m[K CalcHunterCANChecksum(rx_frame->can_id,
      |                          [01;35m[K^~[m[K
[01m[K/robot/Automan-hunter/Workspace/ros2_ws/src/wrp_sdk/src/platforms/hunter_base.cpp:87:7:[m[K [01;36m[Knote: [m[Kadd parentheses around left hand side expression to silence this warning
   87 |   if ([01;36m[K!rx_frame->data[7][m[K == CalcHunterCANChecksum(rx_frame->can_id,
      |       [01;36m[K^~~~~~~~~~~~~~~~~~[m[K
      |       [32m[K([m[K                 [32m[K)[m[K
In file included from [01m[K/robot/Automan-hunter/Workspace/ros2_ws/src/wrp_sdk/include/wrp_sdk/asyncio/async_serial.hpp:44[m[K,
                 from [01m[K/robot/Automan-hunter/Workspace/ros2_ws/src/wrp_sdk/src/async_serial.cpp:29[m[K:
[01m[K/robot/Automan-hunter/Workspace/ros2_ws/src/wrp_sdk/include/wrp_sdk/asyncio/msg_buffer.hpp:[m[K In constructor ‘[01m[Kwestonrobot::MsgBuffer::MsgBuffer()[m[K’:
[01m[K/robot/Automan-hunter/Workspace/ros2_ws/src/wrp_sdk/include/wrp_sdk/asyncio/msg_buffer.hpp:35:13:[m[K [01;35m[Kwarning: [m[K‘[01m[Kwestonrobot::MsgBuffer::pos[m[K’ will be initialized after [[01;35m[K-Wreorder[m[K]
   35 |     ssize_t [01;35m[Kpos[m[K;
      |             [01;35m[K^~~[m[K
[01m[K/robot/Automan-hunter/Workspace/ros2_ws/src/wrp_sdk/include/wrp_sdk/asyncio/msg_buffer.hpp:34:13:[m[K [01;35m[Kwarning: [m[K  ‘[01m[Kssize_t westonrobot::MsgBuffer::len[m[K’ [[01;35m[K-Wreorder[m[K]
   34 |     ssize_t [01;35m[Klen[m[K;
      |             [01;35m[K^~~[m[K
[01m[K/robot/Automan-hunter/Workspace/ros2_ws/src/wrp_sdk/include/wrp_sdk/asyncio/msg_buffer.hpp:37:5:[m[K [01;35m[Kwarning: [m[K  when initialized here [[01;35m[K-Wreorder[m[K]
   37 |     [01;35m[KMsgBuffer[m[K() : pos(0),
      |     [01;35m[K^~~~~~~~~[m[K
[01m[K/robot/Automan-hunter/Workspace/ros2_ws/src/wrp_sdk/include/wrp_sdk/asyncio/msg_buffer.hpp:[m[K In constructor ‘[01m[Kwestonrobot::MsgBuffer::MsgBuffer(const uint8_t*, ssize_t)[m[K’:
[01m[K/robot/Automan-hunter/Workspace/ros2_ws/src/wrp_sdk/include/wrp_sdk/asyncio/msg_buffer.hpp:35:13:[m[K [01;35m[Kwarning: [m[K‘[01m[Kwestonrobot::MsgBuffer::pos[m[K’ will be initialized after [[01;35m[K-Wreorder[m[K]
   35 |     ssize_t [01;35m[Kpos[m[K;
      |             [01;35m[K^~~[m[K
[01m[K/robot/Automan-hunter/Workspace/ros2_ws/src/wrp_sdk/include/wrp_sdk/asyncio/msg_buffer.hpp:34:13:[m[K [01;35m[Kwarning: [m[K  ‘[01m[Kssize_t westonrobot::MsgBuffer::len[m[K’ [[01;35m[K-Wreorder[m[K]
   34 |     ssize_t [01;35m[Klen[m[K;
      |             [01;35m[K^~~[m[K
[01m[K/robot/Automan-hunter/Workspace/ros2_ws/src/wrp_sdk/include/wrp_sdk/asyncio/msg_buffer.hpp:46:5:[m[K [01;35m[Kwarning: [m[K  when initialized here [[01;35m[K-Wreorder[m[K]
   46 |     [01;35m[KMsgBuffer[m[K(const uint8_t *bytes, ssize_t nbytes) : pos(0),
      |     [01;35m[K^~~~~~~~~[m[K
In file included from [01m[K/robot/Automan-hunter/Workspace/ros2_ws/src/wrp_sdk/src/platforms/mobile_base.cpp:10[m[K:
[01m[K/robot/Automan-hunter/Workspace/ros2_ws/src/wrp_sdk/include/wrp_sdk/platforms/common/mobile_base.hpp:[m[K In member function ‘[01m[Kvirtual void westonrobot::MobileBase::ParseCANFrame(can_frame*)[m[K’:
[01m[K/robot/Automan-hunter/Workspace/ros2_ws/src/wrp_sdk/include/wrp_sdk/platforms/common/mobile_base.hpp:68:41:[m[K [01;35m[Kwarning: [m[Kunused parameter ‘[01m[Krx_frame[m[K’ [[01;35m[K-Wunused-parameter[m[K]
   68 |   virtual void ParseCANFrame([01;35m[Kcan_frame *rx_frame[m[K){};
      |                              [01;35m[K~~~~~~~~~~~^~~~~~~~[m[K
[01m[K/robot/Automan-hunter/Workspace/ros2_ws/src/wrp_sdk/include/wrp_sdk/platforms/common/mobile_base.hpp:[m[K In member function ‘[01m[Kvirtual void westonrobot::MobileBase::ParseUARTBuffer(uint8_t*, size_t, size_t)[m[K’:
[01m[K/robot/Automan-hunter/Workspace/ros2_ws/src/wrp_sdk/include/wrp_sdk/platforms/common/mobile_base.hpp:69:41:[m[K [01;35m[Kwarning: [m[Kunused parameter ‘[01m[Kbuf[m[K’ [[01;35m[K-Wunused-parameter[m[K]
   69 |   virtual void ParseUARTBuffer([01;35m[Kuint8_t *buf[m[K, const size_t bufsize,
      |                                [01;35m[K~~~~~~~~~^~~[m[K
[01m[K/robot/Automan-hunter/Workspace/ros2_ws/src/wrp_sdk/include/wrp_sdk/platforms/common/mobile_base.hpp:69:59:[m[K [01;35m[Kwarning: [m[Kunused parameter ‘[01m[Kbufsize[m[K’ [[01;35m[K-Wunused-parameter[m[K]
   69 |   virtual void ParseUARTBuffer(uint8_t *buf, [01;35m[Kconst size_t bufsize[m[K,
      |                                              [01;35m[K~~~~~~~~~~~~~^~~~~~~[m[K
[01m[K/robot/Automan-hunter/Workspace/ros2_ws/src/wrp_sdk/include/wrp_sdk/platforms/common/mobile_base.hpp:70:39:[m[K [01;35m[Kwarning: [m[Kunused parameter ‘[01m[Kbytes_received[m[K’ [[01;35m[K-Wunused-parameter[m[K]
   70 |                                [01;35m[Ksize_t bytes_received[m[K){};
      |                                [01;35m[K~~~~~~~^~~~~~~~~~~~~~[m[K
In file included from [01m[K/robot/Automan-hunter/Workspace/ros2_ws/src/wrp_sdk/src/async_serial.cpp:29[m[K:
[01m[K/robot/Automan-hunter/Workspace/ros2_ws/src/wrp_sdk/include/wrp_sdk/asyncio/async_serial.hpp:[m[K In constructor ‘[01m[Kwestonrobot::ASyncSerial::ASyncSerial(std::string, unsigned int, bool)[m[K’:
[01m[K/robot/Automan-hunter/Workspace/ros2_ws/src/wrp_sdk/include/wrp_sdk/asyncio/async_serial.hpp:126:46:[m[K [01;35m[Kwarning: [m[K‘[01m[Kwestonrobot::ASyncSerial::rx_buf[m[K’ will be initialized after [[01;35m[K-Wreorder[m[K]
  126 |     std::array<uint8_t, MsgBuffer::MAX_SIZE> [01;35m[Krx_buf[m[K;
      |                                              [01;35m[K^~~~~~[m[K
[01m[K/robot/Automan-hunter/Workspace/ros2_ws/src/wrp_sdk/include/wrp_sdk/asyncio/async_serial.hpp:120:22:[m[K [01;35m[Kwarning: [m[K  ‘[01m[Kasio::io_service westonrobot::ASyncSerial::io_service[m[K’ [[01;35m[K-Wreorder[m[K]
  120 |     asio::io_service [01;35m[Kio_service[m[K;
      |                      [01;35m[K^~~~~~~~~~[m[K
[01m[K/robot/Automan-hunter/Workspace/ros2_ws/src/wrp_sdk/src/async_serial.cpp:44:1:[m[K [01;35m[Kwarning: [m[K  when initialized here [[01;35m[K-Wreorder[m[K]
   44 | [01;35m[KASyncSerial[m[K::ASyncSerial(std::string device, unsigned baudrate, bool hwflow) : device_(device),
      | [01;35m[K^~~~~~~~~~~[m[K
[01m[K/robot/Automan-hunter/Workspace/ros2_ws/src/wrp_sdk/src/async_serial.cpp:[m[K In member function ‘[01m[Kvoid westonrobot::ASyncSerial::default_receive_callback(uint8_t*, size_t, size_t)[m[K’:
[01m[K/robot/Automan-hunter/Workspace/ros2_ws/src/wrp_sdk/src/async_serial.cpp:205:53:[m[K [01;35m[Kwarning: [m[Kunused parameter ‘[01m[Kbuf[m[K’ [[01;35m[K-Wunused-parameter[m[K]
  205 | void ASyncSerial::default_receive_callback([01;35m[Kuint8_t *buf[m[K, const size_t bufsize, size_t bytes_received)
      |                                            [01;35m[K~~~~~~~~~^~~[m[K
[01m[K/robot/Automan-hunter/Workspace/ros2_ws/src/wrp_sdk/src/async_serial.cpp:205:71:[m[K [01;35m[Kwarning: [m[Kunused parameter ‘[01m[Kbufsize[m[K’ [[01;35m[K-Wunused-parameter[m[K]
  205 | cSerial::default_receive_callback(uint8_t *buf, [01;35m[Kconst size_t bufsize[m[K, size_t bytes_received)
      |                                                 [01;35m[K~~~~~~~~~~~~~^~~~~~~[m[K

[01m[K/robot/Automan-hunter/Workspace/ros2_ws/src/wrp_sdk/src/async_serial.cpp:205:87:[m[K [01;35m[Kwarning: [m[Kunused parameter ‘[01m[Kbytes_received[m[K’ [[01;35m[K-Wunused-parameter[m[K]
  205 | ult_receive_callback(uint8_t *buf, const size_t bufsize, [01;35m[Ksize_t bytes_received[m[K)
      |                                                          [01;35m[K~~~~~~~^~~~~~~~~~~~~~[m[K

[01m[K/robot/Automan-hunter/Workspace/ros2_ws/src/wrp_sdk/src/platforms/scout_base.cpp:[m[K In member function ‘[01m[Kvoid westonrobot::ScoutBase::ParseCANFrame(can_frame*)[m[K’:
[01m[K/robot/Automan-hunter/Workspace/ros2_ws/src/wrp_sdk/src/platforms/scout_base.cpp:256:28:[m[K [01;35m[Kwarning: [m[Klogical not is only applied to the left hand side of comparison [[01;35m[K-Wlogical-not-parentheses[m[K]
  256 |     if (!rx_frame->data[7] [01;35m[K==[m[K CalcScoutCANChecksum(rx_frame->can_id, rx_frame->data, rx_frame->can_dlc))
      |                            [01;35m[K^~[m[K
[01m[K/robot/Automan-hunter/Workspace/ros2_ws/src/wrp_sdk/src/platforms/scout_base.cpp:256:9:[m[K [01;36m[Knote: [m[Kadd parentheses around left hand side expression to silence this warning
  256 |     if ([01;36m[K!rx_frame->data[7][m[K == CalcScoutCANChecksum(rx_frame->can_id, rx_frame->data, rx_frame->can_dlc))
      |         [01;36m[K^~~~~~~~~~~~~~~~~~[m[K
      |         [32m[K([m[K                 [32m[K)[m[K
[01m[K/robot/Automan-hunter/Workspace/ros2_ws/src/wrp_sdk/src/platforms/scout_base.cpp:[m[K In member function ‘[01m[Kvoid westonrobot::ScoutBase::ParseUARTBuffer(uint8_t*, size_t, size_t)[m[K’:
[01m[K/robot/Automan-hunter/Workspace/ros2_ws/src/wrp_sdk/src/platforms/scout_base.cpp:274:23:[m[K [01;35m[Kwarning: [m[Kcomparison of integer expressions of different signedness: ‘[01m[Kint[m[K’ and ‘[01m[Ksize_t[m[K’ {aka ‘[01m[Klong unsigned int[m[K’} [[01;35m[K-Wsign-compare[m[K]
  274 |     for (int i = 0; [01;35m[Ki < bytes_received[m[K; ++i)
      |                     [01;35m[K~~^~~~~~~~~~~~~~~~[m[K
[01m[K/robot/Automan-hunter/Workspace/ros2_ws/src/wrp_sdk/src/platforms/scout_base.cpp:268:60:[m[K [01;35m[Kwarning: [m[Kunused parameter ‘[01m[Kbufsize[m[K’ [[01;35m[K-Wunused-parameter[m[K]
  268 | void ScoutBase::ParseUARTBuffer(uint8_t *buf, [01;35m[Kconst size_t bufsize[m[K, size_t bytes_received)
      |                                               [01;35m[K~~~~~~~~~~~~~^~~~~~~[m[K
[01m[K/robot/Automan-hunter/Workspace/ros2_ws/src/wrp_sdk/src/platforms/scout_base.cpp:[m[K In static member function ‘[01m[Kstatic void westonrobot::ScoutBase::UpdateScoutState(const ScoutMessage&, westonrobot::ScoutState&)[m[K’:
[01m[K/robot/Automan-hunter/Workspace/ros2_ws/src/wrp_sdk/src/platforms/scout_base.cpp:290:12:[m[K [01;35m[Kwarning: [m[Kenumeration value ‘[01m[KScoutMsgNone[m[K’ not handled in switch [[01;35m[K-Wswitch[m[K]
  290 |     switch [01;35m[K([m[Kstatus_msg.type)
      |            [01;35m[K^[m[K
[01m[K/robot/Automan-hunter/Workspace/ros2_ws/src/wrp_sdk/src/platforms/scout_base.cpp:290:12:[m[K [01;35m[Kwarning: [m[Kenumeration value ‘[01m[KScoutMotionControlMsg[m[K’ not handled in switch [[01;35m[K-Wswitch[m[K]
[01m[K/robot/Automan-hunter/Workspace/ros2_ws/src/wrp_sdk/src/platforms/scout_base.cpp:290:12:[m[K [01;35m[Kwarning: [m[Kenumeration value ‘[01m[KScoutLightControlMsg[m[K’ not handled in switch [[01;35m[K-Wswitch[m[K]
[100%] [32m[1mLinking CXX static library libwrp_sdk.a[0m
[100%] Built target wrp_sdk
-- Install configuration: "Release"
-- Installing: /robot/Automan-hunter/Workspace/ros2_ws/install/wrp_sdk/lib/wrp_sdk/libwrp_sdk.a
-- Installing: /robot/Automan-hunter/Workspace/ros2_ws/install/wrp_sdk/share/ament_index/resource_index/package_run_dependencies/wrp_sdk
-- Installing: /robot/Automan-hunter/Workspace/ros2_ws/install/wrp_sdk/share/ament_index/resource_index/parent_prefix_path/wrp_sdk
-- Installing: /robot/Automan-hunter/Workspace/ros2_ws/install/wrp_sdk/share/wrp_sdk/environment/ament_prefix_path.sh
-- Installing: /robot/Automan-hunter/Workspace/ros2_ws/install/wrp_sdk/share/wrp_sdk/environment/ament_prefix_path.dsv
-- Installing: /robot/Automan-hunter/Workspace/ros2_ws/install/wrp_sdk/share/wrp_sdk/environment/path.sh
-- Installing: /robot/Automan-hunter/Workspace/ros2_ws/install/wrp_sdk/share/wrp_sdk/environment/path.dsv
-- Installing: /robot/Automan-hunter/Workspace/ros2_ws/install/wrp_sdk/share/wrp_sdk/local_setup.bash
-- Installing: /robot/Automan-hunter/Workspace/ros2_ws/install/wrp_sdk/share/wrp_sdk/local_setup.sh
-- Installing: /robot/Automan-hunter/Workspace/ros2_ws/install/wrp_sdk/share/wrp_sdk/local_setup.zsh
-- Installing: /robot/Automan-hunter/Workspace/ros2_ws/install/wrp_sdk/share/wrp_sdk/local_setup.dsv
-- Installing: /robot/Automan-hunter/Workspace/ros2_ws/install/wrp_sdk/share/wrp_sdk/package.dsv
-- Installing: /robot/Automan-hunter/Workspace/ros2_ws/install/wrp_sdk/share/ament_index/resource_index/packages/wrp_sdk
-- Installing: /robot/Automan-hunter/Workspace/ros2_ws/install/wrp_sdk/share/wrp_sdk/cmake/wrp_sdkConfig.cmake
-- Installing: /robot/Automan-hunter/Workspace/ros2_ws/install/wrp_sdk/share/wrp_sdk/cmake/wrp_sdkConfig-version.cmake
-- Installing: /robot/Automan-hunter/Workspace/ros2_ws/install/wrp_sdk/share/wrp_sdk/package.xml
