[0.010s] Invoking command in '/robot/Automan-hunter/Workspace/ros2_ws/build/wrp_sdk': CMAKE_PREFIX_PATH=/opt/ros/foxy /usr/bin/cmake /robot/Automan-hunter/Workspace/ros2_ws/src/wrp_sdk -DCMAKE_INSTALL_PREFIX=/robot/Automan-hunter/Workspace/ros2_ws/install/wrp_sdk
[0.093s] -- The C compiler identification is GNU 9.3.0
[0.159s] -- The CXX compiler identification is GNU 9.3.0
[0.164s] -- Check for working C compiler: /usr/bin/cc
[0.203s] -- Check for working C compiler: /usr/bin/cc -- works
[0.204s] -- Detecting C compiler ABI info
[0.242s] -- Detecting C compiler ABI info - done
[0.251s] -- Detecting C compile features
[0.252s] -- Detecting C compile features - done
[0.254s] -- Check for working CXX compiler: /usr/bin/c++
[0.297s] -- Check for working CXX compiler: /usr/bin/c++ -- works
[0.297s] -- Detecting CXX compiler ABI info
[0.341s] -- Detecting CXX compiler ABI info - done
[0.349s] -- Detecting CXX compile features
[0.349s] -- Detecting CXX compile features - done
[0.353s] -- Found ament_cmake: 0.9.9 (/opt/ros/foxy/share/ament_cmake/cmake)
[0.369s] -- Found PythonInterp: /usr/bin/python3 (found suitable version "3.8.10", minimum required is "3") 
[0.369s] -- Using PYTHON_EXECUTABLE: /usr/bin/python3
[0.512s] -- Setting build type to 'Release' as none was specified.
[0.563s] -- Looking for cbreak in /usr/lib/x86_64-linux-gnu/libncurses.so
[0.604s] -- Looking for cbreak in /usr/lib/x86_64-linux-gnu/libncurses.so - found
[0.681s] -- Configuring done
[0.684s] -- Generating done
[0.684s] -- Build files have been written to: /robot/Automan-hunter/Workspace/ros2_ws/build/wrp_sdk
[0.687s] Invoked command in '/robot/Automan-hunter/Workspace/ros2_ws/build/wrp_sdk' returned '0': CMAKE_PREFIX_PATH=/opt/ros/foxy /usr/bin/cmake /robot/Automan-hunter/Workspace/ros2_ws/src/wrp_sdk -DCMAKE_INSTALL_PREFIX=/robot/Automan-hunter/Workspace/ros2_ws/install/wrp_sdk
[0.689s] Invoking command in '/robot/Automan-hunter/Workspace/ros2_ws/build/wrp_sdk': CMAKE_PREFIX_PATH=/opt/ros/foxy /usr/bin/cmake --build /robot/Automan-hunter/Workspace/ros2_ws/build/wrp_sdk -- -j24 -l24
[0.712s] [35m[1mScanning dependencies of target wrp_sdk[0m
[0.720s] [ 20%] [32mBuilding CXX object CMakeFiles/wrp_sdk.dir/src/platforms/mobile_base.cpp.o[0m
[0.720s] [ 20%] [32mBuilding CXX object CMakeFiles/wrp_sdk.dir/src/platforms/hunter_base.cpp.o[0m
[0.721s] [ 40%] [32mBuilding CXX object CMakeFiles/wrp_sdk.dir/src/asyncio_utils.cpp.o[0m
[0.721s] [ 40%] [32mBuilding CXX object CMakeFiles/wrp_sdk.dir/src/platforms/scout_base.cpp.o[0m
[0.721s] [ 50%] [32mBuilding C object CMakeFiles/wrp_sdk.dir/src/platforms/scout_can_parser.c.o[0m
[0.721s] [ 60%] [32mBuilding C object CMakeFiles/wrp_sdk.dir/src/platforms/scout_uart_parser.c.o[0m
[0.721s] [ 70%] [32mBuilding CXX object CMakeFiles/wrp_sdk.dir/src/async_serial.cpp.o[0m
[0.721s] [ 80%] [32mBuilding CXX object CMakeFiles/wrp_sdk.dir/src/async_can.cpp.o[0m
[0.722s] [ 90%] [32mBuilding C object CMakeFiles/wrp_sdk.dir/src/platforms/hunter_can_parser.c.o[0m
[0.728s] [01m[K/robot/Automan-hunter/Workspace/ros2_ws/src/wrp_sdk/src/platforms/scout_uart_parser.c:[m[K In function ‘[01m[KParseChar[m[K’:
[0.728s] [01m[K/robot/Automan-hunter/Workspace/ros2_ws/src/wrp_sdk/src/platforms/scout_uart_parser.c:376:48:[m[K [01;35m[Kwarning: [m[Kcomparison of integer expressions of different signedness: ‘[01m[Ksize_t[m[K’ {aka ‘[01m[Klong unsigned int[m[K’} and ‘[01m[Kint[m[K’ [[01;35m[K-Wsign-compare[m[K]
[0.729s]   376 |         if (uart_parsing_data.payload_data_pos [01;35m[K==[m[K (uart_parsing_data.frame_len - FRAME_FIXED_FIELD_LEN))
[0.729s]       |                                                [01;35m[K^~[m[K
[1.442s] In file included from [01m[K/robot/Automan-hunter/Workspace/ros2_ws/src/wrp_sdk/include/wrp_sdk/asyncio/async_serial.hpp:44[m[K,
[1.442s]                  from [01m[K/robot/Automan-hunter/Workspace/ros2_ws/src/wrp_sdk/include/wrp_sdk/platforms/common/mobile_base.hpp:22[m[K,
[1.442s]                  from [01m[K/robot/Automan-hunter/Workspace/ros2_ws/src/wrp_sdk/include/wrp_sdk/platforms/hunter/hunter_base.hpp:18[m[K,
[1.442s]                  from [01m[K/robot/Automan-hunter/Workspace/ros2_ws/src/wrp_sdk/src/platforms/hunter_base.cpp:1[m[K:
[1.442s] [01m[K/robot/Automan-hunter/Workspace/ros2_ws/src/wrp_sdk/include/wrp_sdk/asyncio/msg_buffer.hpp:[m[K In constructor ‘[01m[Kwestonrobot::MsgBuffer::MsgBuffer()[m[K’:
[1.443s] [01m[K/robot/Automan-hunter/Workspace/ros2_ws/src/wrp_sdk/include/wrp_sdk/asyncio/msg_buffer.hpp:35:13:[m[K [01;35m[Kwarning: [m[K‘[01m[Kwestonrobot::MsgBuffer::pos[m[K’ will be initialized after [[01;35m[K-Wreorder[m[K]
[1.443s]    35 |     ssize_t [01;35m[Kpos[m[K;
[1.443s]       |             [01;35m[K^~~[m[K
[1.443s] [01m[K/robot/Automan-hunter/Workspace/ros2_ws/src/wrp_sdk/include/wrp_sdk/asyncio/msg_buffer.hpp:34:13:[m[K [01;35m[Kwarning: [m[K  ‘[01m[Kssize_t westonrobot::MsgBuffer::len[m[K’ [[01;35m[K-Wreorder[m[K]
[1.443s]    34 |     ssize_t [01;35m[Klen[m[K;
[1.443s]       |             [01;35m[K^~~[m[K
[1.443s] [01m[K/robot/Automan-hunter/Workspace/ros2_ws/src/wrp_sdk/include/wrp_sdk/asyncio/msg_buffer.hpp:37:5:[m[K [01;35m[Kwarning: [m[K  when initialized here [[01;35m[K-Wreorder[m[K]
[1.443s]    37 |     [01;35m[KMsgBuffer[m[K() : pos(0),
[1.443s]       |     [01;35m[K^~~~~~~~~[m[K
[1.443s] [01m[K/robot/Automan-hunter/Workspace/ros2_ws/src/wrp_sdk/include/wrp_sdk/asyncio/msg_buffer.hpp:[m[K In constructor ‘[01m[Kwestonrobot::MsgBuffer::MsgBuffer(const uint8_t*, ssize_t)[m[K’:
[1.443s] [01m[K/robot/Automan-hunter/Workspace/ros2_ws/src/wrp_sdk/include/wrp_sdk/asyncio/msg_buffer.hpp:35:13:[m[K [01;35m[Kwarning: [m[K‘[01m[Kwestonrobot::MsgBuffer::pos[m[K’ will be initialized after [[01;35m[K-Wreorder[m[K]
[1.443s]    35 |     ssize_t [01;35m[Kpos[m[K;
[1.443s]       |             [01;35m[K^~~[m[K
[1.443s] [01m[K/robot/Automan-hunter/Workspace/ros2_ws/src/wrp_sdk/include/wrp_sdk/asyncio/msg_buffer.hpp:34:13:[m[K [01;35m[Kwarning: [m[K  ‘[01m[Kssize_t westonrobot::MsgBuffer::len[m[K’ [[01;35m[K-Wreorder[m[K]
[1.443s]    34 |     ssize_t [01;35m[Klen[m[K;
[1.443s]       |             [01;35m[K^~~[m[K
[1.443s] [01m[K/robot/Automan-hunter/Workspace/ros2_ws/src/wrp_sdk/include/wrp_sdk/asyncio/msg_buffer.hpp:46:5:[m[K [01;35m[Kwarning: [m[K  when initialized here [[01;35m[K-Wreorder[m[K]
[1.443s]    46 |     [01;35m[KMsgBuffer[m[K(const uint8_t *bytes, ssize_t nbytes) : pos(0),
[1.443s]       |     [01;35m[K^~~~~~~~~[m[K
[1.444s] [01m[K/robot/Automan-hunter/Workspace/ros2_ws/src/wrp_sdk/src/async_can.cpp:[m[K In member function ‘[01m[Kvoid westonrobot::ASyncCAN::close()[m[K’:
[1.444s] [01m[K/robot/Automan-hunter/Workspace/ros2_ws/src/wrp_sdk/src/async_can.cpp:103:15:[m[K [01;35m[Kwarning: [m[Kunused variable ‘[01m[Kclose_result[m[K’ [[01;35m[K-Wunused-variable[m[K]
[1.444s]   103 |     const int [01;35m[Kclose_result[m[K = ::close(can_fd_);
[1.444s]       |               [01;35m[K^~~~~~~~~~~~[m[K
[1.445s] [01m[K/robot/Automan-hunter/Workspace/ros2_ws/src/wrp_sdk/src/async_can.cpp:[m[K In lambda function:
[1.445s] [01m[K/robot/Automan-hunter/Workspace/ros2_ws/src/wrp_sdk/src/async_can.cpp:158:43:[m[K [01;35m[Kwarning: [m[Kunused parameter ‘[01m[Kerror[m[K’ [[01;35m[K-Wunused-parameter[m[K]
[1.445s]   158 |                             []([01;35m[Kerror_code error[m[K, size_t bytes_transferred) {
[1.445s]       |                                [01;35m[K~~~~~~~~~~~^~~~~[m[K
[1.445s] [01m[K/robot/Automan-hunter/Workspace/ros2_ws/src/wrp_sdk/src/async_can.cpp:158:57:[m[K [01;35m[Kwarning: [m[Kunused parameter ‘[01m[Kbytes_transferred[m[K’ [[01;35m[K-Wunused-parameter[m[K]
[1.445s]   158 |                             [](error_code error, [01;35m[Ksize_t bytes_transferred[m[K) {
[1.445s]       |                                                  [01;35m[K~~~~~~~^~~~~~~~~~~~~~~~~[m[K
[1.445s] In file included from [01m[K/robot/Automan-hunter/Workspace/ros2_ws/src/wrp_sdk/include/wrp_sdk/asyncio/async_serial.hpp:44[m[K,
[1.445s]                  from [01m[K/robot/Automan-hunter/Workspace/ros2_ws/src/wrp_sdk/include/wrp_sdk/platforms/scout/scout_base.hpp:20[m[K,
[1.446s]                  from [01m[K/robot/Automan-hunter/Workspace/ros2_ws/src/wrp_sdk/src/platforms/scout_base.cpp:1[m[K:
[1.446s] [01m[K/robot/Automan-hunter/Workspace/ros2_ws/src/wrp_sdk/include/wrp_sdk/asyncio/msg_buffer.hpp:[m[K In constructor ‘[01m[Kwestonrobot::MsgBuffer::MsgBuffer()[m[K’:
[1.446s] [01m[K/robot/Automan-hunter/Workspace/ros2_ws/src/wrp_sdk/include/wrp_sdk/asyncio/msg_buffer.hpp:35:13:[m[K [01;35m[Kwarning: [m[K‘[01m[Kwestonrobot::MsgBuffer::pos[m[K’ will be initialized after [[01;35m[K-Wreorder[m[K]
[1.446s]    35 |     ssize_t [01;35m[Kpos[m[K;
[1.446s]       |             [01;35m[K^~~[m[K
[1.446s] [01m[K/robot/Automan-hunter/Workspace/ros2_ws/src/wrp_sdk/include/wrp_sdk/asyncio/msg_buffer.hpp:34:13:[m[K [01;35m[Kwarning: [m[K  ‘[01m[Kssize_t westonrobot::MsgBuffer::len[m[K’ [[01;35m[K-Wreorder[m[K]
[1.446s]    34 |     ssize_t [01;35m[Klen[m[K;
[1.446s]       |             [01;35m[K^~~[m[K
[1.446s] [01m[K/robot/Automan-hunter/Workspace/ros2_ws/src/wrp_sdk/include/wrp_sdk/asyncio/msg_buffer.hpp:37:5:[m[K [01;35m[Kwarning: [m[K  when initialized here [[01;35m[K-Wreorder[m[K]
[1.446s]    37 |     [01;35m[KMsgBuffer[m[K() : pos(0),
[1.446s]       |     [01;35m[K^~~~~~~~~[m[K
[1.446s] [01m[K/robot/Automan-hunter/Workspace/ros2_ws/src/wrp_sdk/include/wrp_sdk/asyncio/msg_buffer.hpp:[m[K In constructor ‘[01m[Kwestonrobot::MsgBuffer::MsgBuffer(const uint8_t*, ssize_t)[m[K’:
[1.446s] [01m[K/robot/Automan-hunter/Workspace/ros2_ws/src/wrp_sdk/include/wrp_sdk/asyncio/msg_buffer.hpp:35:13:[m[K [01;35m[Kwarning: [m[K‘[01m[Kwestonrobot::MsgBuffer::pos[m[K’ will be initialized after [[01;35m[K-Wreorder[m[K]
[1.446s]    35 |     ssize_t [01;35m[Kpos[m[K;
[1.446s]       |             [01;35m[K^~~[m[K
[1.446s] [01m[K/robot/Automan-hunter/Workspace/ros2_ws/src/wrp_sdk/include/wrp_sdk/asyncio/msg_buffer.hpp:34:13:[m[K [01;35m[Kwarning: [m[K  ‘[01m[Kssize_t westonrobot::MsgBuffer::len[m[K’ [[01;35m[K-Wreorder[m[K]
[1.446s]    34 |     ssize_t [01;35m[Klen[m[K;
[1.446s]       |             [01;35m[K^~~[m[K
[1.446s] [01m[K/robot/Automan-hunter/Workspace/ros2_ws/src/wrp_sdk/include/wrp_sdk/asyncio/msg_buffer.hpp:46:5:[m[K [01;35m[Kwarning: [m[K  when initialized here [[01;35m[K-Wreorder[m[K]
[1.446s]    46 |     [01;35m[KMsgBuffer[m[K(const uint8_t *bytes, ssize_t nbytes) : pos(0),
[1.446s]       |     [01;35m[K^~~~~~~~~[m[K
[1.448s] [01m[K/robot/Automan-hunter/Workspace/ros2_ws/src/wrp_sdk/src/async_can.cpp:[m[K In lambda function:
[1.448s] [01m[K/robot/Automan-hunter/Workspace/ros2_ws/src/wrp_sdk/src/async_can.cpp:190:42:[m[K [01;35m[Kwarning: [m[Kunused parameter ‘[01m[Kbytes_transferred[m[K’ [[01;35m[K-Wunused-parameter[m[K]
[1.448s]   190 |         [sthis](error_code error, [01;35m[Ksize_t bytes_transferred[m[K) {
[1.448s]       |                                   [01;35m[K~~~~~~~^~~~~~~~~~~~~~~~~[m[K
[1.448s] [01m[K/robot/Automan-hunter/Workspace/ros2_ws/src/wrp_sdk/src/async_can.cpp:[m[K In member function ‘[01m[Kvoid westonrobot::ASyncCAN::do_read(can_frame&, asio::posix::basic_stream_descriptor<>&)[m[K’:
[1.448s] [01m[K/robot/Automan-hunter/Workspace/ros2_ws/src/wrp_sdk/src/async_can.cpp:185:42:[m[K [01;35m[Kwarning: [m[Kunused parameter ‘[01m[Krec_frame[m[K’ [[01;35m[K-Wunused-parameter[m[K]
[1.448s]   185 | void ASyncCAN::do_read([01;35m[Kstruct can_frame &rec_frame[m[K, asio::posix::basic_stream_descriptor<> &stream)
[1.448s]       |                        [01;35m[K~~~~~~~~~~~~~~~~~~^~~~~~~~~[m[K
[1.449s] In file included from [01m[K/robot/Automan-hunter/Workspace/ros2_ws/src/wrp_sdk/include/wrp_sdk/platforms/hunter/hunter_base.hpp:18[m[K,
[1.449s]                  from [01m[K/robot/Automan-hunter/Workspace/ros2_ws/src/wrp_sdk/src/platforms/hunter_base.cpp:1[m[K:
[1.449s] [01m[K/robot/Automan-hunter/Workspace/ros2_ws/src/wrp_sdk/include/wrp_sdk/platforms/common/mobile_base.hpp:[m[K In member function ‘[01m[Kvirtual void westonrobot::MobileBase::ParseCANFrame(can_frame*)[m[K’:
[1.449s] [01m[K/robot/Automan-hunter/Workspace/ros2_ws/src/wrp_sdk/include/wrp_sdk/platforms/common/mobile_base.hpp:68:41:[m[K [01;35m[Kwarning: [m[Kunused parameter ‘[01m[Krx_frame[m[K’ [[01;35m[K-Wunused-parameter[m[K]
[1.449s]    68 |   virtual void ParseCANFrame([01;35m[Kcan_frame *rx_frame[m[K){};
[1.449s]       |                              [01;35m[K~~~~~~~~~~~^~~~~~~~[m[K
[1.449s] [01m[K/robot/Automan-hunter/Workspace/ros2_ws/src/wrp_sdk/include/wrp_sdk/platforms/common/mobile_base.hpp:[m[K In member function ‘[01m[Kvirtual void westonrobot::MobileBase::ParseUARTBuffer(uint8_t*, size_t, size_t)[m[K’:
[1.450s] [01m[K/robot/Automan-hunter/Workspace/ros2_ws/src/wrp_sdk/include/wrp_sdk/platforms/common/mobile_base.hpp:69:41:[m[K [01;35m[Kwarning: [m[Kunused parameter ‘[01m[Kbuf[m[K’ [[01;35m[K-Wunused-parameter[m[K]
[1.450s]    69 |   virtual void ParseUARTBuffer([01;35m[Kuint8_t *buf[m[K, const size_t bufsize,
[1.450s]       |                                [01;35m[K~~~~~~~~~^~~[m[K
[1.450s] [01m[K/robot/Automan-hunter/Workspace/ros2_ws/src/wrp_sdk/include/wrp_sdk/platforms/common/mobile_base.hpp:69:59:[m[K [01;35m[Kwarning: [m[Kunused parameter ‘[01m[Kbufsize[m[K’ [[01;35m[K-Wunused-parameter[m[K]
[1.450s]    69 |   virtual void ParseUARTBuffer(uint8_t *buf, [01;35m[Kconst size_t bufsize[m[K,
[1.450s]       |                                              [01;35m[K~~~~~~~~~~~~~^~~~~~~[m[K
[1.450s] [01m[K/robot/Automan-hunter/Workspace/ros2_ws/src/wrp_sdk/include/wrp_sdk/platforms/common/mobile_base.hpp:70:39:[m[K [01;35m[Kwarning: [m[Kunused parameter ‘[01m[Kbytes_received[m[K’ [[01;35m[K-Wunused-parameter[m[K]
[1.450s]    70 |                                [01;35m[Ksize_t bytes_received[m[K){};
[1.450s]       |                                [01;35m[K~~~~~~~^~~~~~~~~~~~~~[m[K
[1.451s] In file included from [01m[K/robot/Automan-hunter/Workspace/ros2_ws/src/wrp_sdk/src/platforms/hunter_base.cpp:1[m[K:
[1.451s] [01m[K/robot/Automan-hunter/Workspace/ros2_ws/src/wrp_sdk/include/wrp_sdk/platforms/hunter/hunter_base.hpp:[m[K In member function ‘[01m[Kvirtual void westonrobot::HunterBase::ParseUARTBuffer(uint8_t*, size_t, size_t)[m[K’:
[1.451s] [01m[K/robot/Automan-hunter/Workspace/ros2_ws/src/wrp_sdk/include/wrp_sdk/platforms/hunter/hunter_base.hpp:57:33:[m[K [01;35m[Kwarning: [m[Kunused parameter ‘[01m[Kbuf[m[K’ [[01;35m[K-Wunused-parameter[m[K]
[1.451s]    57 |   void ParseUARTBuffer([01;35m[Kuint8_t *buf[m[K, const size_t bufsize,
[1.451s]       |                        [01;35m[K~~~~~~~~~^~~[m[K
[1.451s] [01m[K/robot/Automan-hunter/Workspace/ros2_ws/src/wrp_sdk/include/wrp_sdk/platforms/hunter/hunter_base.hpp:57:51:[m[K [01;35m[Kwarning: [m[Kunused parameter ‘[01m[Kbufsize[m[K’ [[01;35m[K-Wunused-parameter[m[K]
[1.451s]    57 |   void ParseUARTBuffer(uint8_t *buf, [01;35m[Kconst size_t bufsize[m[K,
[1.451s]       |                                      [01;35m[K~~~~~~~~~~~~~^~~~~~~[m[K
[1.451s] [01m[K/robot/Automan-hunter/Workspace/ros2_ws/src/wrp_sdk/include/wrp_sdk/platforms/hunter/hunter_base.hpp:58:31:[m[K [01;35m[Kwarning: [m[Kunused parameter ‘[01m[Kbytes_received[m[K’ [[01;35m[K-Wunused-parameter[m[K]
[1.451s]    58 |                        [01;35m[Ksize_t bytes_received[m[K) override{};
[1.451s]       |                        [01;35m[K~~~~~~~^~~~~~~~~~~~~~[m[K
[1.452s] In file included from [01m[K/robot/Automan-hunter/Workspace/ros2_ws/src/wrp_sdk/include/wrp_sdk/asyncio/async_serial.hpp:44[m[K,
[1.452s]                  from [01m[K/robot/Automan-hunter/Workspace/ros2_ws/src/wrp_sdk/include/wrp_sdk/platforms/common/mobile_base.hpp:22[m[K,
[1.452s]                  from [01m[K/robot/Automan-hunter/Workspace/ros2_ws/src/wrp_sdk/src/platforms/mobile_base.cpp:10[m[K:
[1.452s] [01m[K/robot/Automan-hunter/Workspace/ros2_ws/src/wrp_sdk/include/wrp_sdk/asyncio/msg_buffer.hpp:[m[K In constructor ‘[01m[Kwestonrobot::MsgBuffer::MsgBuffer()[m[K’:
[1.452s] [01m[K/robot/Automan-hunter/Workspace/ros2_ws/src/wrp_sdk/include/wrp_sdk/asyncio/msg_buffer.hpp:35:13:[m[K [01;35m[Kwarning: [m[K‘[01m[Kwestonrobot::MsgBuffer::pos[m[K’ will be initialized after [[01;35m[K-Wreorder[m[K]
[1.452s]    35 |     ssize_t [01;35m[Kpos[m[K;
[1.452s]       |             [01;35m[K^~~[m[K
[1.452s] [01m[K/robot/Automan-hunter/Workspace/ros2_ws/src/wrp_sdk/include/wrp_sdk/asyncio/msg_buffer.hpp:34:13:[m[K [01;35m[Kwarning: [m[K  ‘[01m[Kssize_t westonrobot::MsgBuffer::len[m[K’ [[01;35m[K-Wreorder[m[K]
[1.452s]    34 |     ssize_t [01;35m[Klen[m[K;
[1.452s]       |             [01;35m[K^~~[m[K
[1.452s] [01m[K/robot/Automan-hunter/Workspace/ros2_ws/src/wrp_sdk/include/wrp_sdk/asyncio/msg_buffer.hpp:37:5:[m[K [01;35m[Kwarning: [m[K  when initialized here [[01;35m[K-Wreorder[m[K]
[1.452s]    37 |     [01;35m[KMsgBuffer[m[K() : pos(0),
[1.452s]       |     [01;35m[K^~~~~~~~~[m[K
[1.452s] [01m[K/robot/Automan-hunter/Workspace/ros2_ws/src/wrp_sdk/include/wrp_sdk/asyncio/msg_buffer.hpp:[m[K In constructor ‘[01m[Kwestonrobot::MsgBuffer::MsgBuffer(const uint8_t*, ssize_t)[m[K’:
[1.452s] [01m[K/robot/Automan-hunter/Workspace/ros2_ws/src/wrp_sdk/include/wrp_sdk/asyncio/msg_buffer.hpp:35:13:[m[K [01;35m[Kwarning: [m[K‘[01m[Kwestonrobot::MsgBuffer::pos[m[K’ will be initialized after [[01;35m[K-Wreorder[m[K]
[1.452s]    35 |     ssize_t [01;35m[Kpos[m[K;
[1.452s]       |             [01;35m[K^~~[m[K
[1.452s] [01m[K/robot/Automan-hunter/Workspace/ros2_ws/src/wrp_sdk/include/wrp_sdk/asyncio/msg_buffer.hpp:34:13:[m[K [01;35m[Kwarning: [m[K  ‘[01m[Kssize_t westonrobot::MsgBuffer::len[m[K’ [[01;35m[K-Wreorder[m[K]
[1.452s]    34 |     ssize_t [01;35m[Klen[m[K;
[1.452s]       |             [01;35m[K^~~[m[K
[1.452s] [01m[K/robot/Automan-hunter/Workspace/ros2_ws/src/wrp_sdk/include/wrp_sdk/asyncio/msg_buffer.hpp:46:5:[m[K [01;35m[Kwarning: [m[K  when initialized here [[01;35m[K-Wreorder[m[K]
[1.452s]    46 |     [01;35m[KMsgBuffer[m[K(const uint8_t *bytes, ssize_t nbytes) : pos(0),
[1.452s]       |     [01;35m[K^~~~~~~~~[m[K
[1.454s] [01m[K/robot/Automan-hunter/Workspace/ros2_ws/src/wrp_sdk/src/platforms/hunter_base.cpp:[m[K In member function ‘[01m[Kvirtual void westonrobot::HunterBase::ParseCANFrame(can_frame*)[m[K’:
[1.454s] [01m[K/robot/Automan-hunter/Workspace/ros2_ws/src/wrp_sdk/src/platforms/hunter_base.cpp:87:26:[m[K [01;35m[Kwarning: [m[Klogical not is only applied to the left hand side of comparison [[01;35m[K-Wlogical-not-parentheses[m[K]
[1.454s]    87 |   if (!rx_frame->data[7] [01;35m[K==[m[K CalcHunterCANChecksum(rx_frame->can_id,
[1.454s]       |                          [01;35m[K^~[m[K
[1.454s] [01m[K/robot/Automan-hunter/Workspace/ros2_ws/src/wrp_sdk/src/platforms/hunter_base.cpp:87:7:[m[K [01;36m[Knote: [m[Kadd parentheses around left hand side expression to silence this warning
[1.454s]    87 |   if ([01;36m[K!rx_frame->data[7][m[K == CalcHunterCANChecksum(rx_frame->can_id,
[1.454s]       |       [01;36m[K^~~~~~~~~~~~~~~~~~[m[K
[1.454s]       |       [32m[K([m[K                 [32m[K)[m[K
[1.457s] In file included from [01m[K/robot/Automan-hunter/Workspace/ros2_ws/src/wrp_sdk/include/wrp_sdk/asyncio/async_serial.hpp:44[m[K,
[1.457s]                  from [01m[K/robot/Automan-hunter/Workspace/ros2_ws/src/wrp_sdk/src/async_serial.cpp:29[m[K:
[1.457s] [01m[K/robot/Automan-hunter/Workspace/ros2_ws/src/wrp_sdk/include/wrp_sdk/asyncio/msg_buffer.hpp:[m[K In constructor ‘[01m[Kwestonrobot::MsgBuffer::MsgBuffer()[m[K’:
[1.457s] [01m[K/robot/Automan-hunter/Workspace/ros2_ws/src/wrp_sdk/include/wrp_sdk/asyncio/msg_buffer.hpp:35:13:[m[K [01;35m[Kwarning: [m[K‘[01m[Kwestonrobot::MsgBuffer::pos[m[K’ will be initialized after [[01;35m[K-Wreorder[m[K]
[1.457s]    35 |     ssize_t [01;35m[Kpos[m[K;
[1.457s]       |             [01;35m[K^~~[m[K
[1.457s] [01m[K/robot/Automan-hunter/Workspace/ros2_ws/src/wrp_sdk/include/wrp_sdk/asyncio/msg_buffer.hpp:34:13:[m[K [01;35m[Kwarning: [m[K  ‘[01m[Kssize_t westonrobot::MsgBuffer::len[m[K’ [[01;35m[K-Wreorder[m[K]
[1.457s]    34 |     ssize_t [01;35m[Klen[m[K;
[1.457s]       |             [01;35m[K^~~[m[K
[1.457s] [01m[K/robot/Automan-hunter/Workspace/ros2_ws/src/wrp_sdk/include/wrp_sdk/asyncio/msg_buffer.hpp:37:5:[m[K [01;35m[Kwarning: [m[K  when initialized here [[01;35m[K-Wreorder[m[K]
[1.457s]    37 |     [01;35m[KMsgBuffer[m[K() : pos(0),
[1.457s]       |     [01;35m[K^~~~~~~~~[m[K
[1.457s] [01m[K/robot/Automan-hunter/Workspace/ros2_ws/src/wrp_sdk/include/wrp_sdk/asyncio/msg_buffer.hpp:[m[K In constructor ‘[01m[Kwestonrobot::MsgBuffer::MsgBuffer(const uint8_t*, ssize_t)[m[K’:
[1.457s] [01m[K/robot/Automan-hunter/Workspace/ros2_ws/src/wrp_sdk/include/wrp_sdk/asyncio/msg_buffer.hpp:35:13:[m[K [01;35m[Kwarning: [m[K‘[01m[Kwestonrobot::MsgBuffer::pos[m[K’ will be initialized after [[01;35m[K-Wreorder[m[K]
[1.457s]    35 |     ssize_t [01;35m[Kpos[m[K;
[1.457s]       |             [01;35m[K^~~[m[K
[1.457s] [01m[K/robot/Automan-hunter/Workspace/ros2_ws/src/wrp_sdk/include/wrp_sdk/asyncio/msg_buffer.hpp:34:13:[m[K [01;35m[Kwarning: [m[K  ‘[01m[Kssize_t westonrobot::MsgBuffer::len[m[K’ [[01;35m[K-Wreorder[m[K]
[1.457s]    34 |     ssize_t [01;35m[Klen[m[K;
[1.457s]       |             [01;35m[K^~~[m[K
[1.457s] [01m[K/robot/Automan-hunter/Workspace/ros2_ws/src/wrp_sdk/include/wrp_sdk/asyncio/msg_buffer.hpp:46:5:[m[K [01;35m[Kwarning: [m[K  when initialized here [[01;35m[K-Wreorder[m[K]
[1.458s]    46 |     [01;35m[KMsgBuffer[m[K(const uint8_t *bytes, ssize_t nbytes) : pos(0),
[1.458s]       |     [01;35m[K^~~~~~~~~[m[K
[1.459s] In file included from [01m[K/robot/Automan-hunter/Workspace/ros2_ws/src/wrp_sdk/src/platforms/mobile_base.cpp:10[m[K:
[1.459s] [01m[K/robot/Automan-hunter/Workspace/ros2_ws/src/wrp_sdk/include/wrp_sdk/platforms/common/mobile_base.hpp:[m[K In member function ‘[01m[Kvirtual void westonrobot::MobileBase::ParseCANFrame(can_frame*)[m[K’:
[1.459s] [01m[K/robot/Automan-hunter/Workspace/ros2_ws/src/wrp_sdk/include/wrp_sdk/platforms/common/mobile_base.hpp:68:41:[m[K [01;35m[Kwarning: [m[Kunused parameter ‘[01m[Krx_frame[m[K’ [[01;35m[K-Wunused-parameter[m[K]
[1.459s]    68 |   virtual void ParseCANFrame([01;35m[Kcan_frame *rx_frame[m[K){};
[1.459s]       |                              [01;35m[K~~~~~~~~~~~^~~~~~~~[m[K
[1.459s] [01m[K/robot/Automan-hunter/Workspace/ros2_ws/src/wrp_sdk/include/wrp_sdk/platforms/common/mobile_base.hpp:[m[K In member function ‘[01m[Kvirtual void westonrobot::MobileBase::ParseUARTBuffer(uint8_t*, size_t, size_t)[m[K’:
[1.459s] [01m[K/robot/Automan-hunter/Workspace/ros2_ws/src/wrp_sdk/include/wrp_sdk/platforms/common/mobile_base.hpp:69:41:[m[K [01;35m[Kwarning: [m[Kunused parameter ‘[01m[Kbuf[m[K’ [[01;35m[K-Wunused-parameter[m[K]
[1.459s]    69 |   virtual void ParseUARTBuffer([01;35m[Kuint8_t *buf[m[K, const size_t bufsize,
[1.459s]       |                                [01;35m[K~~~~~~~~~^~~[m[K
[1.459s] [01m[K/robot/Automan-hunter/Workspace/ros2_ws/src/wrp_sdk/include/wrp_sdk/platforms/common/mobile_base.hpp:69:59:[m[K [01;35m[Kwarning: [m[Kunused parameter ‘[01m[Kbufsize[m[K’ [[01;35m[K-Wunused-parameter[m[K]
[1.459s]    69 |   virtual void ParseUARTBuffer(uint8_t *buf, [01;35m[Kconst size_t bufsize[m[K,
[1.459s]       |                                              [01;35m[K~~~~~~~~~~~~~^~~~~~~[m[K
[1.459s] [01m[K/robot/Automan-hunter/Workspace/ros2_ws/src/wrp_sdk/include/wrp_sdk/platforms/common/mobile_base.hpp:70:39:[m[K [01;35m[Kwarning: [m[Kunused parameter ‘[01m[Kbytes_received[m[K’ [[01;35m[K-Wunused-parameter[m[K]
[1.459s]    70 |                                [01;35m[Ksize_t bytes_received[m[K){};
[1.459s]       |                                [01;35m[K~~~~~~~^~~~~~~~~~~~~~[m[K
[1.462s] In file included from [01m[K/robot/Automan-hunter/Workspace/ros2_ws/src/wrp_sdk/src/async_serial.cpp:29[m[K:
[1.462s] [01m[K/robot/Automan-hunter/Workspace/ros2_ws/src/wrp_sdk/include/wrp_sdk/asyncio/async_serial.hpp:[m[K In constructor ‘[01m[Kwestonrobot::ASyncSerial::ASyncSerial(std::string, unsigned int, bool)[m[K’:
[1.462s] [01m[K/robot/Automan-hunter/Workspace/ros2_ws/src/wrp_sdk/include/wrp_sdk/asyncio/async_serial.hpp:126:46:[m[K [01;35m[Kwarning: [m[K‘[01m[Kwestonrobot::ASyncSerial::rx_buf[m[K’ will be initialized after [[01;35m[K-Wreorder[m[K]
[1.462s]   126 |     std::array<uint8_t, MsgBuffer::MAX_SIZE> [01;35m[Krx_buf[m[K;
[1.462s]       |                                              [01;35m[K^~~~~~[m[K
[1.462s] [01m[K/robot/Automan-hunter/Workspace/ros2_ws/src/wrp_sdk/include/wrp_sdk/asyncio/async_serial.hpp:120:22:[m[K [01;35m[Kwarning: [m[K  ‘[01m[Kasio::io_service westonrobot::ASyncSerial::io_service[m[K’ [[01;35m[K-Wreorder[m[K]
[1.462s]   120 |     asio::io_service [01;35m[Kio_service[m[K;
[1.462s]       |                      [01;35m[K^~~~~~~~~~[m[K
[1.462s] [01m[K/robot/Automan-hunter/Workspace/ros2_ws/src/wrp_sdk/src/async_serial.cpp:44:1:[m[K [01;35m[Kwarning: [m[K  when initialized here [[01;35m[K-Wreorder[m[K]
[1.462s]    44 | [01;35m[KASyncSerial[m[K::ASyncSerial(std::string device, unsigned baudrate, bool hwflow) : device_(device),
[1.462s]       | [01;35m[K^~~~~~~~~~~[m[K
[1.476s] [01m[K/robot/Automan-hunter/Workspace/ros2_ws/src/wrp_sdk/src/async_serial.cpp:[m[K In member function ‘[01m[Kvoid westonrobot::ASyncSerial::default_receive_callback(uint8_t*, size_t, size_t)[m[K’:
[1.476s] [01m[K/robot/Automan-hunter/Workspace/ros2_ws/src/wrp_sdk/src/async_serial.cpp:205:53:[m[K [01;35m[Kwarning: [m[Kunused parameter ‘[01m[Kbuf[m[K’ [[01;35m[K-Wunused-parameter[m[K]
[1.476s]   205 | void ASyncSerial::default_receive_callback([01;35m[Kuint8_t *buf[m[K, const size_t bufsize, size_t bytes_received)
[1.476s]       |                                            [01;35m[K~~~~~~~~~^~~[m[K
[1.476s] [01m[K/robot/Automan-hunter/Workspace/ros2_ws/src/wrp_sdk/src/async_serial.cpp:205:71:[m[K [01;35m[Kwarning: [m[Kunused parameter ‘[01m[Kbufsize[m[K’ [[01;35m[K-Wunused-parameter[m[K]
[1.476s]   205 | cSerial::default_receive_callback(uint8_t *buf, [01;35m[Kconst size_t bufsize[m[K, size_t bytes_received)
[1.476s]       |                                                 [01;35m[K~~~~~~~~~~~~~^~~~~~~[m[K
[1.476s] 
[1.476s] [01m[K/robot/Automan-hunter/Workspace/ros2_ws/src/wrp_sdk/src/async_serial.cpp:205:87:[m[K [01;35m[Kwarning: [m[Kunused parameter ‘[01m[Kbytes_received[m[K’ [[01;35m[K-Wunused-parameter[m[K]
[1.476s]   205 | ult_receive_callback(uint8_t *buf, const size_t bufsize, [01;35m[Ksize_t bytes_received[m[K)
[1.476s]       |                                                          [01;35m[K~~~~~~~^~~~~~~~~~~~~~[m[K
[1.476s] 
[1.477s] [01m[K/robot/Automan-hunter/Workspace/ros2_ws/src/wrp_sdk/src/platforms/scout_base.cpp:[m[K In member function ‘[01m[Kvoid westonrobot::ScoutBase::ParseCANFrame(can_frame*)[m[K’:
[1.477s] [01m[K/robot/Automan-hunter/Workspace/ros2_ws/src/wrp_sdk/src/platforms/scout_base.cpp:256:28:[m[K [01;35m[Kwarning: [m[Klogical not is only applied to the left hand side of comparison [[01;35m[K-Wlogical-not-parentheses[m[K]
[1.477s]   256 |     if (!rx_frame->data[7] [01;35m[K==[m[K CalcScoutCANChecksum(rx_frame->can_id, rx_frame->data, rx_frame->can_dlc))
[1.477s]       |                            [01;35m[K^~[m[K
[1.477s] [01m[K/robot/Automan-hunter/Workspace/ros2_ws/src/wrp_sdk/src/platforms/scout_base.cpp:256:9:[m[K [01;36m[Knote: [m[Kadd parentheses around left hand side expression to silence this warning
[1.477s]   256 |     if ([01;36m[K!rx_frame->data[7][m[K == CalcScoutCANChecksum(rx_frame->can_id, rx_frame->data, rx_frame->can_dlc))
[1.477s]       |         [01;36m[K^~~~~~~~~~~~~~~~~~[m[K
[1.477s]       |         [32m[K([m[K                 [32m[K)[m[K
[1.478s] [01m[K/robot/Automan-hunter/Workspace/ros2_ws/src/wrp_sdk/src/platforms/scout_base.cpp:[m[K In member function ‘[01m[Kvoid westonrobot::ScoutBase::ParseUARTBuffer(uint8_t*, size_t, size_t)[m[K’:
[1.478s] [01m[K/robot/Automan-hunter/Workspace/ros2_ws/src/wrp_sdk/src/platforms/scout_base.cpp:274:23:[m[K [01;35m[Kwarning: [m[Kcomparison of integer expressions of different signedness: ‘[01m[Kint[m[K’ and ‘[01m[Ksize_t[m[K’ {aka ‘[01m[Klong unsigned int[m[K’} [[01;35m[K-Wsign-compare[m[K]
[1.478s]   274 |     for (int i = 0; [01;35m[Ki < bytes_received[m[K; ++i)
[1.478s]       |                     [01;35m[K~~^~~~~~~~~~~~~~~~[m[K
[1.478s] [01m[K/robot/Automan-hunter/Workspace/ros2_ws/src/wrp_sdk/src/platforms/scout_base.cpp:268:60:[m[K [01;35m[Kwarning: [m[Kunused parameter ‘[01m[Kbufsize[m[K’ [[01;35m[K-Wunused-parameter[m[K]
[1.478s]   268 | void ScoutBase::ParseUARTBuffer(uint8_t *buf, [01;35m[Kconst size_t bufsize[m[K, size_t bytes_received)
[1.478s]       |                                               [01;35m[K~~~~~~~~~~~~~^~~~~~~[m[K
[1.478s] [01m[K/robot/Automan-hunter/Workspace/ros2_ws/src/wrp_sdk/src/platforms/scout_base.cpp:[m[K In static member function ‘[01m[Kstatic void westonrobot::ScoutBase::UpdateScoutState(const ScoutMessage&, westonrobot::ScoutState&)[m[K’:
[1.478s] [01m[K/robot/Automan-hunter/Workspace/ros2_ws/src/wrp_sdk/src/platforms/scout_base.cpp:290:12:[m[K [01;35m[Kwarning: [m[Kenumeration value ‘[01m[KScoutMsgNone[m[K’ not handled in switch [[01;35m[K-Wswitch[m[K]
[1.478s]   290 |     switch [01;35m[K([m[Kstatus_msg.type)
[1.478s]       |            [01;35m[K^[m[K
[1.478s] [01m[K/robot/Automan-hunter/Workspace/ros2_ws/src/wrp_sdk/src/platforms/scout_base.cpp:290:12:[m[K [01;35m[Kwarning: [m[Kenumeration value ‘[01m[KScoutMotionControlMsg[m[K’ not handled in switch [[01;35m[K-Wswitch[m[K]
[1.478s] [01m[K/robot/Automan-hunter/Workspace/ros2_ws/src/wrp_sdk/src/platforms/scout_base.cpp:290:12:[m[K [01;35m[Kwarning: [m[Kenumeration value ‘[01m[KScoutLightControlMsg[m[K’ not handled in switch [[01;35m[K-Wswitch[m[K]
[2.933s] [100%] [32m[1mLinking CXX static library libwrp_sdk.a[0m
[2.955s] [100%] Built target wrp_sdk
[2.962s] Invoked command in '/robot/Automan-hunter/Workspace/ros2_ws/build/wrp_sdk' returned '0': CMAKE_PREFIX_PATH=/opt/ros/foxy /usr/bin/cmake --build /robot/Automan-hunter/Workspace/ros2_ws/build/wrp_sdk -- -j24 -l24
[2.987s] Invoking command in '/robot/Automan-hunter/Workspace/ros2_ws/build/wrp_sdk': CMAKE_PREFIX_PATH=/opt/ros/foxy /usr/bin/cmake --install /robot/Automan-hunter/Workspace/ros2_ws/build/wrp_sdk
[2.991s] -- Install configuration: "Release"
[2.991s] -- Installing: /robot/Automan-hunter/Workspace/ros2_ws/install/wrp_sdk/lib/wrp_sdk/libwrp_sdk.a
[2.992s] -- Installing: /robot/Automan-hunter/Workspace/ros2_ws/install/wrp_sdk/share/ament_index/resource_index/package_run_dependencies/wrp_sdk
[2.992s] -- Installing: /robot/Automan-hunter/Workspace/ros2_ws/install/wrp_sdk/share/ament_index/resource_index/parent_prefix_path/wrp_sdk
[2.992s] -- Installing: /robot/Automan-hunter/Workspace/ros2_ws/install/wrp_sdk/share/wrp_sdk/environment/ament_prefix_path.sh
[2.992s] -- Installing: /robot/Automan-hunter/Workspace/ros2_ws/install/wrp_sdk/share/wrp_sdk/environment/ament_prefix_path.dsv
[2.992s] -- Installing: /robot/Automan-hunter/Workspace/ros2_ws/install/wrp_sdk/share/wrp_sdk/environment/path.sh
[2.992s] -- Installing: /robot/Automan-hunter/Workspace/ros2_ws/install/wrp_sdk/share/wrp_sdk/environment/path.dsv
[2.992s] -- Installing: /robot/Automan-hunter/Workspace/ros2_ws/install/wrp_sdk/share/wrp_sdk/local_setup.bash
[2.992s] -- Installing: /robot/Automan-hunter/Workspace/ros2_ws/install/wrp_sdk/share/wrp_sdk/local_setup.sh
[2.992s] -- Installing: /robot/Automan-hunter/Workspace/ros2_ws/install/wrp_sdk/share/wrp_sdk/local_setup.zsh
[2.992s] -- Installing: /robot/Automan-hunter/Workspace/ros2_ws/install/wrp_sdk/share/wrp_sdk/local_setup.dsv
[2.992s] -- Installing: /robot/Automan-hunter/Workspace/ros2_ws/install/wrp_sdk/share/wrp_sdk/package.dsv
[2.993s] -- Installing: /robot/Automan-hunter/Workspace/ros2_ws/install/wrp_sdk/share/ament_index/resource_index/packages/wrp_sdk
[2.993s] -- Installing: /robot/Automan-hunter/Workspace/ros2_ws/install/wrp_sdk/share/wrp_sdk/cmake/wrp_sdkConfig.cmake
[2.993s] -- Installing: /robot/Automan-hunter/Workspace/ros2_ws/install/wrp_sdk/share/wrp_sdk/cmake/wrp_sdkConfig-version.cmake
[2.993s] -- Installing: /robot/Automan-hunter/Workspace/ros2_ws/install/wrp_sdk/share/wrp_sdk/package.xml
[2.994s] Invoked command in '/robot/Automan-hunter/Workspace/ros2_ws/build/wrp_sdk' returned '0': CMAKE_PREFIX_PATH=/opt/ros/foxy /usr/bin/cmake --install /robot/Automan-hunter/Workspace/ros2_ws/build/wrp_sdk
