[0.011s] Invoking command in '/robot/Automan-hunter/Workspace/ros2_ws/build/hunter_base': CMAKE_PREFIX_PATH=${CMAKE_PREFIX_PATH}:/opt/ros/foxy LD_LIBRARY_PATH=/robot/Automan-hunter/Workspace/ros2_ws/install/hunter_msgs/lib:/robot/Automan-hunter/Workspace/ros2_ws/install/wrp_sdk/lib:/opt/ros/foxy/opt/yaml_cpp_vendor/lib:/opt/ros/foxy/opt/rviz_ogre_vendor/lib:/opt/ros/foxy/lib/x86_64-linux-gnu:/opt/ros/foxy/lib:/usr/local/cuda/lib64:/usr/local/cuda/extras/CUPTI/lib64 /usr/bin/cmake --build /robot/Automan-hunter/Workspace/ros2_ws/build/hunter_base -- -j24 -l24
[0.036s] [35m[1mScanning dependencies of target hunter_messenger[0m
[0.037s] [35m[1mScanning dependencies of target hunter_base_node[0m
[0.060s] [ 20%] [32mBuilding CXX object CMakeFiles/hunter_messenger.dir/src/hunter_messenger.cpp.o[0m
[0.061s] [ 40%] [32mBuilding CXX object CMakeFiles/hunter_base_node.dir/src/hunter_base_node.cpp.o[0m
[1.509s] In file included from [01m[K/robot/Automan-hunter/Workspace/ros2_ws/src/hunter_ros/hunter_base/ascent/include/ascent/Recorder.h:25[m[K,
[1.509s]                  from [01m[K/robot/Automan-hunter/Workspace/ros2_ws/src/hunter_ros/hunter_base/ascent/include/ascent/Ascent.h:17[m[K,
[1.509s]                  from [01m[K/robot/Automan-hunter/Workspace/ros2_ws/src/hunter_ros/hunter_base/include/hunter_base/hunter_messenger.hpp:27[m[K,
[1.509s]                  from [01m[K/robot/Automan-hunter/Workspace/ros2_ws/src/hunter_ros/hunter_base/src/hunter_base_node.cpp:9[m[K:
[1.509s] [01m[K/robot/Automan-hunter/Workspace/ros2_ws/src/hunter_ros/hunter_base/ascent/include/ascent/containers/stack.h:54:7:[m[K [01;35m[Kwarning: [m[Ktype qualifiers ignored on function return type [[01;35m[K-Wignored-qualifiers[m[K]
[1.509s]    54 |       [01;35m[Kconst[m[K pointer operator->() const noexcept
[1.509s]       |       [01;35m[K^~~~~[m[K
[1.510s] [01m[K/robot/Automan-hunter/Workspace/ros2_ws/src/hunter_ros/hunter_base/ascent/include/ascent/containers/stack.h:113:7:[m[K [01;35m[Kwarning: [m[Ktype qualifiers ignored on function return type [[01;35m[K-Wignored-qualifiers[m[K]
[1.510s]   113 |       [01;35m[Kconst[m[K pointer operator->() const
[1.510s]       |       [01;35m[K^~~~~[m[K
[1.512s] In file included from [01m[K/robot/Automan-hunter/Workspace/ros2_ws/src/hunter_ros/hunter_base/ascent/include/ascent/integrators/RK2.h:17[m[K,
[1.512s]                  from [01m[K/robot/Automan-hunter/Workspace/ros2_ws/src/hunter_ros/hunter_base/ascent/include/ascent/Ascent.h:26[m[K,
[1.512s]                  from [01m[K/robot/Automan-hunter/Workspace/ros2_ws/src/hunter_ros/hunter_base/include/hunter_base/hunter_messenger.hpp:27[m[K,
[1.512s]                  from [01m[K/robot/Automan-hunter/Workspace/ros2_ws/src/hunter_ros/hunter_base/src/hunter_base_node.cpp:9[m[K:
[1.512s] [01m[K/robot/Automan-hunter/Workspace/ros2_ws/src/hunter_ros/hunter_base/ascent/include/ascent/Utility.h:25:14:[m[K [01;35m[Kwarning: [m[Ktype qualifiers ignored on function return type [[01;35m[K-Wignored-qualifiers[m[K]
[1.513s]    25 |    constexpr [01;35m[Kconst[m[K value_t cx(long double v) { return static_cast<value_t>(v); }
[1.513s]       |              [01;35m[K^~~~~[m[K
[1.513s] [01m[K/robot/Automan-hunter/Workspace/ros2_ws/src/hunter_ros/hunter_base/ascent/include/ascent/Utility.h:26:14:[m[K [01;35m[Kwarning: [m[Ktype qualifiers ignored on function return type [[01;35m[K-Wignored-qualifiers[m[K]
[1.513s]    26 |    constexpr [01;35m[Kconst[m[K value_t operator"" _v(long double v) { return static_cast<value_t>(v); }
[1.513s]       |              [01;35m[K^~~~~[m[K
[1.513s] In file included from [01m[K/robot/Automan-hunter/Workspace/ros2_ws/src/hunter_ros/hunter_base/ascent/include/ascent/Recorder.h:25[m[K,
[1.513s]                  from [01m[K/robot/Automan-hunter/Workspace/ros2_ws/src/hunter_ros/hunter_base/ascent/include/ascent/Ascent.h:17[m[K,
[1.513s]                  from [01m[K/robot/Automan-hunter/Workspace/ros2_ws/src/hunter_ros/hunter_base/include/hunter_base/hunter_messenger.hpp:27[m[K,
[1.513s]                  from [01m[K/robot/Automan-hunter/Workspace/ros2_ws/src/hunter_ros/hunter_base/src/hunter_messenger.cpp:17[m[K:
[1.513s] [01m[K/robot/Automan-hunter/Workspace/ros2_ws/src/hunter_ros/hunter_base/ascent/include/ascent/containers/stack.h:54:7:[m[K [01;35m[Kwarning: [m[Ktype qualifiers ignored on function return type [[01;35m[K-Wignored-qualifiers[m[K]
[1.513s]    54 |       [01;35m[Kconst[m[K pointer operator->() const noexcept
[1.513s]       |       [01;35m[K^~~~~[m[K
[1.513s] [01m[K/robot/Automan-hunter/Workspace/ros2_ws/src/hunter_ros/hunter_base/ascent/include/ascent/containers/stack.h:113:7:[m[K [01;35m[Kwarning: [m[Ktype qualifiers ignored on function return type [[01;35m[K-Wignored-qualifiers[m[K]
[1.513s]   113 |       [01;35m[Kconst[m[K pointer operator->() const
[1.513s]       |       [01;35m[K^~~~~[m[K
[1.516s] In file included from [01m[K/robot/Automan-hunter/Workspace/ros2_ws/src/hunter_ros/hunter_base/ascent/include/ascent/integrators/RK2.h:17[m[K,
[1.516s]                  from [01m[K/robot/Automan-hunter/Workspace/ros2_ws/src/hunter_ros/hunter_base/ascent/include/ascent/Ascent.h:26[m[K,
[1.516s]                  from [01m[K/robot/Automan-hunter/Workspace/ros2_ws/src/hunter_ros/hunter_base/include/hunter_base/hunter_messenger.hpp:27[m[K,
[1.516s]                  from [01m[K/robot/Automan-hunter/Workspace/ros2_ws/src/hunter_ros/hunter_base/src/hunter_messenger.cpp:17[m[K:
[1.516s] [01m[K/robot/Automan-hunter/Workspace/ros2_ws/src/hunter_ros/hunter_base/ascent/include/ascent/Utility.h:25:14:[m[K [01;35m[Kwarning: [m[Ktype qualifiers ignored on function return type [[01;35m[K-Wignored-qualifiers[m[K]
[1.516s]    25 |    constexpr [01;35m[Kconst[m[K value_t cx(long double v) { return static_cast<value_t>(v); }
[1.516s]       |              [01;35m[K^~~~~[m[K
[1.516s] [01m[K/robot/Automan-hunter/Workspace/ros2_ws/src/hunter_ros/hunter_base/ascent/include/ascent/Utility.h:26:14:[m[K [01;35m[Kwarning: [m[Ktype qualifiers ignored on function return type [[01;35m[K-Wignored-qualifiers[m[K]
[1.516s]    26 |    constexpr [01;35m[Kconst[m[K value_t operator"" _v(long double v) { return static_cast<value_t>(v); }
[1.516s]       |              [01;35m[K^~~~~[m[K
[1.545s] [01m[K/robot/Automan-hunter/Workspace/ros2_ws/src/hunter_ros/hunter_base/src/hunter_base_node.cpp:[m[K In function ‘[01m[Kint main(int, char**)[m[K’:
[1.545s] [01m[K/robot/Automan-hunter/Workspace/ros2_ws/src/hunter_ros/hunter_base/src/hunter_base_node.cpp:22:45:[m[K [01;31m[Kerror: [m[Kno matching function for call to ‘[01m[Kwestonrobot::HunterROSMessenger::HunterROSMessenger(westonrobot::HunterBase*, std::__shared_ptr_access<rclcpp::Node, __gnu_cxx::_S_atomic, false, false>::element_type&)[m[K’
[1.545s]    22 |   HunterROSMessenger messenger(&robot, *node[01;31m[K)[m[K;
[1.545s]       |                                             [01;31m[K^[m[K
[1.545s] In file included from [01m[K/robot/Automan-hunter/Workspace/ros2_ws/src/hunter_ros/hunter_base/src/hunter_base_node.cpp:9[m[K:
[1.545s] [01m[K/robot/Automan-hunter/Workspace/ros2_ws/src/hunter_ros/hunter_base/include/hunter_base/hunter_messenger.hpp:59:3:[m[K [01;36m[Knote: [m[Kcandidate: ‘[01m[Kwestonrobot::HunterROSMessenger::HunterROSMessenger(westonrobot::HunterBase*, rclcpp::Node*)[m[K’
[1.545s]    59 |   [01;36m[KHunterROSMessenger[m[K(HunterBase *hunter, rclcpp::Node *node);
[1.545s]       |   [01;36m[K^~~~~~~~~~~~~~~~~~[m[K
[1.545s] [01m[K/robot/Automan-hunter/Workspace/ros2_ws/src/hunter_ros/hunter_base/include/hunter_base/hunter_messenger.hpp:59:56:[m[K [01;36m[Knote: [m[K  no known conversion for argument 2 from ‘[01m[Kstd::__shared_ptr_access<rclcpp::Node, __gnu_cxx::_S_atomic, false, false>::element_type[m[K’ {aka ‘[01m[Krclcpp::Node[m[K’} to ‘[01m[Krclcpp::Node*[m[K’
[1.546s]    59 |   HunterROSMessenger(HunterBase *hunter, [01;36m[Krclcpp::Node *node[m[K);
[1.546s]       |                                          [01;36m[K~~~~~~~~~~~~~~^~~~[m[K
[1.546s] [01m[K/robot/Automan-hunter/Workspace/ros2_ws/src/hunter_ros/hunter_base/include/hunter_base/hunter_messenger.hpp:58:12:[m[K [01;36m[Knote: [m[Kcandidate: ‘[01m[Kwestonrobot::HunterROSMessenger::HunterROSMessenger(rclcpp::Node*)[m[K’
[1.546s]    58 |   explicit [01;36m[KHunterROSMessenger[m[K(rclcpp::Node *node);
[1.546s]       |            [01;36m[K^~~~~~~~~~~~~~~~~~[m[K
[1.546s] [01m[K/robot/Automan-hunter/Workspace/ros2_ws/src/hunter_ros/hunter_base/include/hunter_base/hunter_messenger.hpp:58:12:[m[K [01;36m[Knote: [m[K  candidate expects 1 argument, 2 provided
[1.548s] [01m[K/robot/Automan-hunter/Workspace/ros2_ws/src/hunter_ros/hunter_base/src/hunter_messenger.cpp:22:1:[m[K [01;31m[Kerror: [m[Kno declaration matches ‘[01m[Kwestonrobot::HunterROSMessenger::HunterROSMessenger(westonrobot::HunterBase*, rclcpp::Node::SharedPtr*)[m[K’
[1.548s]    22 | [01;31m[KHunterROSMessenger[m[K::HunterROSMessenger(HunterBase *hunter, rclcpp::Node::SharedPtr *node)
[1.549s]       | [01;31m[K^~~~~~~~~~~~~~~~~~[m[K
[1.549s] In file included from [01m[K/robot/Automan-hunter/Workspace/ros2_ws/src/hunter_ros/hunter_base/src/hunter_messenger.cpp:17[m[K:
[1.549s] [01m[K/robot/Automan-hunter/Workspace/ros2_ws/src/hunter_ros/hunter_base/include/hunter_base/hunter_messenger.hpp:56:7:[m[K [01;36m[Knote: [m[Kcandidates are: ‘[01m[Kwestonrobot::HunterROSMessenger::HunterROSMessenger(westonrobot::HunterROSMessenger&&)[m[K’
[1.549s]    56 | class [01;36m[KHunterROSMessenger[m[K {
[1.549s]       |       [01;36m[K^~~~~~~~~~~~~~~~~~[m[K
[1.549s] [01m[K/robot/Automan-hunter/Workspace/ros2_ws/src/hunter_ros/hunter_base/include/hunter_base/hunter_messenger.hpp:56:7:[m[K [01;36m[Knote: [m[K                ‘[01m[Kwestonrobot::HunterROSMessenger::HunterROSMessenger(const westonrobot::HunterROSMessenger&)[m[K’
[1.549s] [01m[K/robot/Automan-hunter/Workspace/ros2_ws/src/hunter_ros/hunter_base/include/hunter_base/hunter_messenger.hpp:59:3:[m[K [01;36m[Knote: [m[K                ‘[01m[Kwestonrobot::HunterROSMessenger::HunterROSMessenger(westonrobot::HunterBase*, rclcpp::Node*)[m[K’
[1.549s]    59 |   [01;36m[KHunterROSMessenger[m[K(HunterBase *hunter, rclcpp::Node *node);
[1.549s]       |   [01;36m[K^~~~~~~~~~~~~~~~~~[m[K
[1.549s] [01m[K/robot/Automan-hunter/Workspace/ros2_ws/src/hunter_ros/hunter_base/include/hunter_base/hunter_messenger.hpp:58:12:[m[K [01;36m[Knote: [m[K                ‘[01m[Kwestonrobot::HunterROSMessenger::HunterROSMessenger(rclcpp::Node*)[m[K’
[1.549s]    58 |   explicit [01;36m[KHunterROSMessenger[m[K(rclcpp::Node *node);
[1.549s]       |            [01;36m[K^~~~~~~~~~~~~~~~~~[m[K
[1.549s] [01m[K/robot/Automan-hunter/Workspace/ros2_ws/src/hunter_ros/hunter_base/include/hunter_base/hunter_messenger.hpp:56:7:[m[K [01;36m[Knote: [m[K‘[01m[Kclass westonrobot::HunterROSMessenger[m[K’ defined here
[1.549s]    56 | class [01;36m[KHunterROSMessenger[m[K {
[1.549s]       |       [01;36m[K^~~~~~~~~~~~~~~~~~[m[K
[1.554s] [01m[K/robot/Automan-hunter/Workspace/ros2_ws/src/hunter_ros/hunter_base/src/hunter_base_node.cpp:50:7:[m[K [01;35m[Kwarning: [m[Kunused variable ‘[01m[Kcnt[m[K’ [[01;35m[K-Wunused-variable[m[K]
[1.554s]    50 |   int [01;35m[Kcnt[m[K = 0;
[1.554s]       |       [01;35m[K^~~[m[K
[1.910s] make[2]: *** [CMakeFiles/hunter_base_node.dir/build.make:63: CMakeFiles/hunter_base_node.dir/src/hunter_base_node.cpp.o] Error 1
[1.910s] make[1]: *** [CMakeFiles/Makefile2:80: CMakeFiles/hunter_base_node.dir/all] Error 2
[1.911s] make[1]: *** Waiting for unfinished jobs....
[3.179s] make[2]: *** [CMakeFiles/hunter_messenger.dir/build.make:63: CMakeFiles/hunter_messenger.dir/src/hunter_messenger.cpp.o] Error 1
[3.180s] make[1]: *** [CMakeFiles/Makefile2:107: CMakeFiles/hunter_messenger.dir/all] Error 2
[3.180s] make: *** [Makefile:141: all] Error 2
[3.181s] Invoked command in '/robot/Automan-hunter/Workspace/ros2_ws/build/hunter_base' returned '2': CMAKE_PREFIX_PATH=${CMAKE_PREFIX_PATH}:/opt/ros/foxy LD_LIBRARY_PATH=/robot/Automan-hunter/Workspace/ros2_ws/install/hunter_msgs/lib:/robot/Automan-hunter/Workspace/ros2_ws/install/wrp_sdk/lib:/opt/ros/foxy/opt/yaml_cpp_vendor/lib:/opt/ros/foxy/opt/rviz_ogre_vendor/lib:/opt/ros/foxy/lib/x86_64-linux-gnu:/opt/ros/foxy/lib:/usr/local/cuda/lib64:/usr/local/cuda/extras/CUPTI/lib64 /usr/bin/cmake --build /robot/Automan-hunter/Workspace/ros2_ws/build/hunter_base -- -j24 -l24
