[0.011s] Invoking command in '/robot/Automan-hunter/Workspace/ros2_ws/build/hunter_base': CMAKE_PREFIX_PATH=${CMAKE_PREFIX_PATH}:/opt/ros/foxy LD_LIBRARY_PATH=/robot/Automan-hunter/Workspace/ros2_ws/install/hunter_msgs/lib:/robot/Automan-hunter/Workspace/ros2_ws/install/wrp_sdk/lib:/opt/ros/foxy/opt/yaml_cpp_vendor/lib:/opt/ros/foxy/opt/rviz_ogre_vendor/lib:/opt/ros/foxy/lib/x86_64-linux-gnu:/opt/ros/foxy/lib:/usr/local/cuda/lib64:/usr/local/cuda/extras/CUPTI/lib64 /usr/bin/cmake --build /robot/Automan-hunter/Workspace/ros2_ws/build/hunter_base -- -j24 -l24
[0.036s] [35m[1mScanning dependencies of target hunter_base_node[0m
[0.045s] [ 60%] Built target hunter_messenger
[0.057s] [ 80%] [32mBuilding CXX object CMakeFiles/hunter_base_node.dir/src/hunter_base_node.cpp.o[0m
[1.514s] In file included from [01m[K/robot/Automan-hunter/Workspace/ros2_ws/src/hunter_ros/hunter_base/ascent/include/ascent/Recorder.h:25[m[K,
[1.514s]                  from [01m[K/robot/Automan-hunter/Workspace/ros2_ws/src/hunter_ros/hunter_base/ascent/include/ascent/Ascent.h:17[m[K,
[1.514s]                  from [01m[K/robot/Automan-hunter/Workspace/ros2_ws/src/hunter_ros/hunter_base/include/hunter_base/hunter_messenger.hpp:27[m[K,
[1.514s]                  from [01m[K/robot/Automan-hunter/Workspace/ros2_ws/src/hunter_ros/hunter_base/src/hunter_base_node.cpp:9[m[K:
[1.514s] [01m[K/robot/Automan-hunter/Workspace/ros2_ws/src/hunter_ros/hunter_base/ascent/include/ascent/containers/stack.h:54:7:[m[K [01;35m[Kwarning: [m[Ktype qualifiers ignored on function return type [[01;35m[K-Wignored-qualifiers[m[K]
[1.514s]    54 |       [01;35m[Kconst[m[K pointer operator->() const noexcept
[1.514s]       |       [01;35m[K^~~~~[m[K
[1.514s] [01m[K/robot/Automan-hunter/Workspace/ros2_ws/src/hunter_ros/hunter_base/ascent/include/ascent/containers/stack.h:113:7:[m[K [01;35m[Kwarning: [m[Ktype qualifiers ignored on function return type [[01;35m[K-Wignored-qualifiers[m[K]
[1.514s]   113 |       [01;35m[Kconst[m[K pointer operator->() const
[1.514s]       |       [01;35m[K^~~~~[m[K
[1.517s] In file included from [01m[K/robot/Automan-hunter/Workspace/ros2_ws/src/hunter_ros/hunter_base/ascent/include/ascent/integrators/RK2.h:17[m[K,
[1.517s]                  from [01m[K/robot/Automan-hunter/Workspace/ros2_ws/src/hunter_ros/hunter_base/ascent/include/ascent/Ascent.h:26[m[K,
[1.517s]                  from [01m[K/robot/Automan-hunter/Workspace/ros2_ws/src/hunter_ros/hunter_base/include/hunter_base/hunter_messenger.hpp:27[m[K,
[1.517s]                  from [01m[K/robot/Automan-hunter/Workspace/ros2_ws/src/hunter_ros/hunter_base/src/hunter_base_node.cpp:9[m[K:
[1.517s] [01m[K/robot/Automan-hunter/Workspace/ros2_ws/src/hunter_ros/hunter_base/ascent/include/ascent/Utility.h:25:14:[m[K [01;35m[Kwarning: [m[Ktype qualifiers ignored on function return type [[01;35m[K-Wignored-qualifiers[m[K]
[1.517s]    25 |    constexpr [01;35m[Kconst[m[K value_t cx(long double v) { return static_cast<value_t>(v); }
[1.517s]       |              [01;35m[K^~~~~[m[K
[1.517s] [01m[K/robot/Automan-hunter/Workspace/ros2_ws/src/hunter_ros/hunter_base/ascent/include/ascent/Utility.h:26:14:[m[K [01;35m[Kwarning: [m[Ktype qualifiers ignored on function return type [[01;35m[K-Wignored-qualifiers[m[K]
[1.517s]    26 |    constexpr [01;35m[Kconst[m[K value_t operator"" _v(long double v) { return static_cast<value_t>(v); }
[1.517s]       |              [01;35m[K^~~~~[m[K
[1.548s] [01m[K/robot/Automan-hunter/Workspace/ros2_ws/src/hunter_ros/hunter_base/src/hunter_base_node.cpp:[m[K In function ‘[01m[Kint main(int, char**)[m[K’:
[1.549s] [01m[K/robot/Automan-hunter/Workspace/ros2_ws/src/hunter_ros/hunter_base/src/hunter_base_node.cpp:16:38:[m[K [01;31m[Kerror: [m[Kuse of deleted function ‘[01m[Krclcpp::Node::Node(const rclcpp::Node&)[m[K’
[1.549s]    16 |   auto n = rclcpp::Node("hunter_base"[01;31m[K)[m[K;
[1.549s]       |                                      [01;31m[K^[m[K
[1.549s] In file included from [01m[K/opt/ros/foxy/include/rclcpp/context.hpp:33[m[K,
[1.549s]                  from [01m[K/opt/ros/foxy/include/rclcpp/contexts/default_context.hpp:18[m[K,
[1.549s]                  from [01m[K/opt/ros/foxy/include/rclcpp/executor.hpp:32[m[K,
[1.549s]                  from [01m[K/opt/ros/foxy/include/rclcpp/executors/multi_threaded_executor.hpp:26[m[K,
[1.549s]                  from [01m[K/opt/ros/foxy/include/rclcpp/executors.hpp:21[m[K,
[1.549s]                  from [01m[K/opt/ros/foxy/include/rclcpp/rclcpp.hpp:146[m[K,
[1.549s]                  from [01m[K/robot/Automan-hunter/Workspace/ros2_ws/src/hunter_ros/hunter_base/src/hunter_base_node.cpp:4[m[K:
[1.549s] [01m[K/opt/ros/foxy/include/rclcpp/node.hpp:1198:3:[m[K [01;36m[Knote: [m[Kdeclared here
[1.549s]  1198 |   [01;36m[KRCLCPP_DISABLE_COPY[m[K(Node)
[1.549s]       |   [01;36m[K^~~~~~~~~~~~~~~~~~~[m[K
[1.549s] [01m[K/robot/Automan-hunter/Workspace/ros2_ws/src/hunter_ros/hunter_base/src/hunter_base_node.cpp:17:30:[m[K [01;31m[Kerror: [m[Kuse of deleted function ‘[01m[Krclcpp::Node::Node(const rclcpp::Node&)[m[K’
[1.549s]    17 |   auto node = rclcpp::Node(""[01;31m[K)[m[K;
[1.549s]       |                              [01;31m[K^[m[K
[1.549s] In file included from [01m[K/opt/ros/foxy/include/rclcpp/context.hpp:33[m[K,
[1.549s]                  from [01m[K/opt/ros/foxy/include/rclcpp/contexts/default_context.hpp:18[m[K,
[1.549s]                  from [01m[K/opt/ros/foxy/include/rclcpp/executor.hpp:32[m[K,
[1.549s]                  from [01m[K/opt/ros/foxy/include/rclcpp/executors/multi_threaded_executor.hpp:26[m[K,
[1.549s]                  from [01m[K/opt/ros/foxy/include/rclcpp/executors.hpp:21[m[K,
[1.549s]                  from [01m[K/opt/ros/foxy/include/rclcpp/rclcpp.hpp:146[m[K,
[1.549s]                  from [01m[K/robot/Automan-hunter/Workspace/ros2_ws/src/hunter_ros/hunter_base/src/hunter_base_node.cpp:4[m[K:
[1.549s] [01m[K/opt/ros/foxy/include/rclcpp/node.hpp:1198:3:[m[K [01;36m[Knote: [m[Kdeclared here
[1.550s]  1198 |   [01;36m[KRCLCPP_DISABLE_COPY[m[K(Node)
[1.550s]       |   [01;36m[K^~~~~~~~~~~~~~~~~~~[m[K
[1.550s] [01m[K/robot/Automan-hunter/Workspace/ros2_ws/src/hunter_ros/hunter_base/src/hunter_base_node.cpp:18:39:[m[K [01;31m[Kerror: [m[Kuse of deleted function ‘[01m[Krclcpp::Node::Node(const rclcpp::Node&)[m[K’
[1.550s]    18 |   auto private_node = rclcpp::Node("~"[01;31m[K)[m[K;
[1.550s]       |                                       [01;31m[K^[m[K
[1.550s] In file included from [01m[K/opt/ros/foxy/include/rclcpp/context.hpp:33[m[K,
[1.550s]                  from [01m[K/opt/ros/foxy/include/rclcpp/contexts/default_context.hpp:18[m[K,
[1.550s]                  from [01m[K/opt/ros/foxy/include/rclcpp/executor.hpp:32[m[K,
[1.550s]                  from [01m[K/opt/ros/foxy/include/rclcpp/executors/multi_threaded_executor.hpp:26[m[K,
[1.550s]                  from [01m[K/opt/ros/foxy/include/rclcpp/executors.hpp:21[m[K,
[1.550s]                  from [01m[K/opt/ros/foxy/include/rclcpp/rclcpp.hpp:146[m[K,
[1.550s]                  from [01m[K/robot/Automan-hunter/Workspace/ros2_ws/src/hunter_ros/hunter_base/src/hunter_base_node.cpp:4[m[K:
[1.550s] [01m[K/opt/ros/foxy/include/rclcpp/node.hpp:1198:3:[m[K [01;36m[Knote: [m[Kdeclared here
[1.550s]  1198 |   [01;36m[KRCLCPP_DISABLE_COPY[m[K(Node)
[1.550s]       |   [01;36m[K^~~~~~~~~~~~~~~~~~~[m[K
[1.559s] [01m[K/robot/Automan-hunter/Workspace/ros2_ws/src/hunter_ros/hunter_base/src/hunter_base_node.cpp:50:7:[m[K [01;35m[Kwarning: [m[Kunused variable ‘[01m[Kcnt[m[K’ [[01;35m[K-Wunused-variable[m[K]
[1.559s]    50 |   int [01;35m[Kcnt[m[K = 0;
[1.559s]       |       [01;35m[K^~~[m[K
[1.854s] In file included from [01m[K/usr/include/x86_64-linux-gnu/c++/9/bits/c++allocator.h:33[m[K,
[1.854s]                  from [01m[K/usr/include/c++/9/bits/allocator.h:46[m[K,
[1.854s]                  from [01m[K/usr/include/c++/9/string:41[m[K,
[1.854s]                  from [01m[K/robot/Automan-hunter/Workspace/ros2_ws/src/hunter_ros/hunter_base/src/hunter_base_node.cpp:1[m[K:
[1.855s] /usr/include/c++/9/ext/new_allocator.h: In instantiation of ‘[01m[Kvoid __gnu_cxx::new_allocator<_Tp>::construct(_Up*, _Args&& ...) [with _Up = rclcpp::Node; _Args = {}; _Tp = rclcpp::Node][m[K’:
[1.855s] [01m[K/usr/include/c++/9/bits/alloc_traits.h:482:2:[m[K   required from ‘[01m[Kstatic void std::allocator_traits<std::allocator<_CharT> >::construct(std::allocator_traits<std::allocator<_CharT> >::allocator_type&, _Up*, _Args&& ...) [with _Up = rclcpp::Node; _Args = {}; _Tp = rclcpp::Node; std::allocator_traits<std::allocator<_CharT> >::allocator_type = std::allocator<rclcpp::Node>][m[K’
[1.855s] [01m[K/usr/include/c++/9/bits/shared_ptr_base.h:548:39:[m[K   required from ‘[01m[Kstd::_Sp_counted_ptr_inplace<_Tp, _Alloc, _Lp>::_Sp_counted_ptr_inplace(_Alloc, _Args&& ...) [with _Args = {}; _Tp = rclcpp::Node; _Alloc = std::allocator<rclcpp::Node>; __gnu_cxx::_Lock_policy _Lp = __gnu_cxx::_S_atomic][m[K’
[1.855s] [01m[K/usr/include/c++/9/bits/shared_ptr_base.h:679:16:[m[K   required from ‘[01m[Kstd::__shared_count<_Lp>::__shared_count(_Tp*&, std::_Sp_alloc_shared_tag<_Alloc>, _Args&& ...) [with _Tp = rclcpp::Node; _Alloc = std::allocator<rclcpp::Node>; _Args = {}; __gnu_cxx::_Lock_policy _Lp = __gnu_cxx::_S_atomic][m[K’
[1.855s] [01m[K/usr/include/c++/9/bits/shared_ptr_base.h:1344:71:[m[K   required from ‘[01m[Kstd::__shared_ptr<_Tp, _Lp>::__shared_ptr(std::_Sp_alloc_shared_tag<_Tp>, _Args&& ...) [with _Alloc = std::allocator<rclcpp::Node>; _Args = {}; _Tp = rclcpp::Node; __gnu_cxx::_Lock_policy _Lp = __gnu_cxx::_S_atomic][m[K’
[1.855s] [01m[K/usr/include/c++/9/bits/shared_ptr.h:359:59:[m[K   required from ‘[01m[Kstd::shared_ptr<_Tp>::shared_ptr(std::_Sp_alloc_shared_tag<_Tp>, _Args&& ...) [with _Alloc = std::allocator<rclcpp::Node>; _Args = {}; _Tp = rclcpp::Node][m[K’
[1.855s] [01m[K/usr/include/c++/9/bits/shared_ptr.h:701:14:[m[K   required from ‘[01m[Kstd::shared_ptr<_Tp> std::allocate_shared(const _Alloc&, _Args&& ...) [with _Tp = rclcpp::Node; _Alloc = std::allocator<rclcpp::Node>; _Args = {}][m[K’
[1.855s] [01m[K/usr/include/c++/9/bits/shared_ptr.h:717:39:[m[K   required from ‘[01m[Kstd::shared_ptr<_Tp> std::make_shared(_Args&& ...) [with _Tp = rclcpp::Node; _Args = {}][m[K’
[1.855s] [01m[K/opt/ros/foxy/include/rclcpp/node.hpp:77:3:[m[K   required from ‘[01m[Kstatic std::shared_ptr<rclcpp::Node> rclcpp::Node::make_shared(Args&& ...) [with Args = {}][m[K’
[1.855s] [01m[K/robot/Automan-hunter/Workspace/ros2_ws/src/hunter_ros/hunter_base/src/hunter_base_node.cpp:53:48:[m[K   required from here
[1.855s] [01m[K/usr/include/c++/9/ext/new_allocator.h:145:20:[m[K [01;31m[Kerror: [m[Kno matching function for call to ‘[01m[Krclcpp::Node::Node()[m[K’
[1.855s]   145 |  noexcept(noexcept([01;31m[K::new((void *)__p)[m[K
[1.855s]       |                    [01;31m[K^~~~~~~~~~~~~~~~~~[m[K
[1.855s]   146 | [01;31m[K       _Up(std::forward<_Args>(__args)...)[m[K))
[1.855s]       |        [01;31m[K~~~~~~~~~~~~~~~~~~~~~~~~~~~~~~~~~~~[m[K
[1.855s] In file included from [01m[K/opt/ros/foxy/include/rclcpp/executors/single_threaded_executor.hpp:28[m[K,
[1.855s]                  from [01m[K/opt/ros/foxy/include/rclcpp/executors.hpp:22[m[K,
[1.855s]                  from [01m[K/opt/ros/foxy/include/rclcpp/rclcpp.hpp:146[m[K,
[1.855s]                  from [01m[K/robot/Automan-hunter/Workspace/ros2_ws/src/hunter_ros/hunter_base/src/hunter_base_node.cpp:4[m[K:
[1.855s] [01m[K/opt/ros/foxy/include/rclcpp/node.hpp:1193:3:[m[K [01;36m[Knote: [m[Kcandidate: ‘[01m[Krclcpp::Node::Node(const rclcpp::Node&, const string&)[m[K’
[1.855s]  1193 |   [01;36m[KNode[m[K(
[1.855s]       |   [01;36m[K^~~~[m[K
[1.855s] [01m[K/opt/ros/foxy/include/rclcpp/node.hpp:1193:3:[m[K [01;36m[Knote: [m[K  candidate expects 2 arguments, 0 provided
[1.855s] [01m[K/opt/ros/foxy/include/rclcpp/node.hpp:98:12:[m[K [01;36m[Knote: [m[Kcandidate: ‘[01m[Krclcpp::Node::Node(const string&, const string&, const rclcpp::NodeOptions&)[m[K’
[1.855s]    98 |   explicit [01;36m[KNode[m[K(
[1.855s]       |            [01;36m[K^~~~[m[K
[1.856s] [01m[K/opt/ros/foxy/include/rclcpp/node.hpp:98:12:[m[K [01;36m[Knote: [m[K  candidate expects 3 arguments, 0 provided
[1.856s] [01m[K/opt/ros/foxy/include/rclcpp/node.hpp:86:12:[m[K [01;36m[Knote: [m[Kcandidate: ‘[01m[Krclcpp::Node::Node(const string&, const rclcpp::NodeOptions&)[m[K’
[1.856s]    86 |   explicit [01;36m[KNode[m[K(
[1.856s]       |            [01;36m[K^~~~[m[K
[1.856s] [01m[K/opt/ros/foxy/include/rclcpp/node.hpp:86:12:[m[K [01;36m[Knote: [m[K  candidate expects 2 arguments, 0 provided
[1.915s] make[2]: *** [CMakeFiles/hunter_base_node.dir/build.make:63: CMakeFiles/hunter_base_node.dir/src/hunter_base_node.cpp.o] Error 1
[1.915s] make[1]: *** [CMakeFiles/Makefile2:80: CMakeFiles/hunter_base_node.dir/all] Error 2
[1.915s] make: *** [Makefile:141: all] Error 2
[1.917s] Invoked command in '/robot/Automan-hunter/Workspace/ros2_ws/build/hunter_base' returned '2': CMAKE_PREFIX_PATH=${CMAKE_PREFIX_PATH}:/opt/ros/foxy LD_LIBRARY_PATH=/robot/Automan-hunter/Workspace/ros2_ws/install/hunter_msgs/lib:/robot/Automan-hunter/Workspace/ros2_ws/install/wrp_sdk/lib:/opt/ros/foxy/opt/yaml_cpp_vendor/lib:/opt/ros/foxy/opt/rviz_ogre_vendor/lib:/opt/ros/foxy/lib/x86_64-linux-gnu:/opt/ros/foxy/lib:/usr/local/cuda/lib64:/usr/local/cuda/extras/CUPTI/lib64 /usr/bin/cmake --build /robot/Automan-hunter/Workspace/ros2_ws/build/hunter_base -- -j24 -l24
