[0.011s] Invoking command in '/robot/Automan-hunter/Workspace/ros2_ws/build/hunter_base': CMAKE_PREFIX_PATH=/robot/Automan-hunter/Workspace/ros2_ws/install/wrp_sdk:/robot/Automan-hunter/Workspace/ros2_ws/install/hunter_msgs:/robot/Automan-hunter/Workspace/ros2_ws/install/hunter_base:/opt/ros/foxy LD_LIBRARY_PATH=/robot/Automan-hunter/Workspace/ros2_ws/install/hunter_msgs/lib:/robot/Automan-hunter/Workspace/ros2_ws/install/wrp_sdk/lib:/opt/ros/foxy/opt/yaml_cpp_vendor/lib:/opt/ros/foxy/opt/rviz_ogre_vendor/lib:/opt/ros/foxy/lib/x86_64-linux-gnu:/opt/ros/foxy/lib:/usr/local/cuda/lib64:/usr/local/cuda/extras/CUPTI/lib64 /usr/bin/cmake --build /robot/Automan-hunter/Workspace/ros2_ws/build/hunter_base -- -j24 -l24
[0.027s] -- Found ament_cmake: 0.9.9 (/opt/ros/foxy/share/ament_cmake/cmake)
[0.040s] -- Using PYTHON_EXECUTABLE: /usr/bin/python3
[0.172s] -- Found rclcpp: 2.4.0 (/opt/ros/foxy/share/rclcpp/cmake)
[0.194s] -- Using all available rosidl_typesupport_c: rosidl_typesupport_fastrtps_c;rosidl_typesupport_introspection_c
[0.196s] -- Found rosidl_adapter: 1.2.1 (/opt/ros/foxy/share/rosidl_adapter/cmake)
[0.262s] -- Using all available rosidl_typesupport_cpp: rosidl_typesupport_fastrtps_cpp;rosidl_typesupport_introspection_cpp
[0.294s] -- Found rmw_implementation_cmake: 1.0.3 (/opt/ros/foxy/share/rmw_implementation_cmake/cmake)
[0.295s] -- Using RMW implementation 'rmw_fastrtps_cpp' as default
[0.390s] -- Found sensor_msgs: 2.0.4 (/opt/ros/foxy/share/sensor_msgs/cmake)
[0.466s] -- Found nav_msgs: 2.0.4 (/opt/ros/foxy/share/nav_msgs/cmake)
[0.513s] -- Found tf2: 0.13.12 (/opt/ros/foxy/share/tf2/cmake)
[0.520s] -- Found tf2_ros: 0.13.12 (/opt/ros/foxy/share/tf2_ros/cmake)
[0.735s] -- Found hunter_msgs: 0.0.0 (/robot/Automan-hunter/Workspace/ros2_ws/install/hunter_msgs/share/hunter_msgs/cmake)
[0.758s] -- Found wrp_sdk: 0.3.3 (/robot/Automan-hunter/Workspace/ros2_ws/install/wrp_sdk/share/wrp_sdk/cmake)
[0.798s] -- Configuring done
[0.806s] -- Generating done
[0.807s] -- Build files have been written to: /robot/Automan-hunter/Workspace/ros2_ws/build/hunter_base
[0.838s] [ 20%] [32m[1mLinking CXX executable hunter_base_node[0m
[1.052s] [100%] Built target hunter_base_node
[1.059s] Invoked command in '/robot/Automan-hunter/Workspace/ros2_ws/build/hunter_base' returned '0': CMAKE_PREFIX_PATH=/robot/Automan-hunter/Workspace/ros2_ws/install/wrp_sdk:/robot/Automan-hunter/Workspace/ros2_ws/install/hunter_msgs:/robot/Automan-hunter/Workspace/ros2_ws/install/hunter_base:/opt/ros/foxy LD_LIBRARY_PATH=/robot/Automan-hunter/Workspace/ros2_ws/install/hunter_msgs/lib:/robot/Automan-hunter/Workspace/ros2_ws/install/wrp_sdk/lib:/opt/ros/foxy/opt/yaml_cpp_vendor/lib:/opt/ros/foxy/opt/rviz_ogre_vendor/lib:/opt/ros/foxy/lib/x86_64-linux-gnu:/opt/ros/foxy/lib:/usr/local/cuda/lib64:/usr/local/cuda/extras/CUPTI/lib64 /usr/bin/cmake --build /robot/Automan-hunter/Workspace/ros2_ws/build/hunter_base -- -j24 -l24
[1.081s] Invoking command in '/robot/Automan-hunter/Workspace/ros2_ws/build/hunter_base': CMAKE_PREFIX_PATH=/robot/Automan-hunter/Workspace/ros2_ws/install/wrp_sdk:/robot/Automan-hunter/Workspace/ros2_ws/install/hunter_msgs:/robot/Automan-hunter/Workspace/ros2_ws/install/hunter_base:/opt/ros/foxy LD_LIBRARY_PATH=/robot/Automan-hunter/Workspace/ros2_ws/install/hunter_msgs/lib:/robot/Automan-hunter/Workspace/ros2_ws/install/wrp_sdk/lib:/opt/ros/foxy/opt/yaml_cpp_vendor/lib:/opt/ros/foxy/opt/rviz_ogre_vendor/lib:/opt/ros/foxy/lib/x86_64-linux-gnu:/opt/ros/foxy/lib:/usr/local/cuda/lib64:/usr/local/cuda/extras/CUPTI/lib64 /usr/bin/cmake --install /robot/Automan-hunter/Workspace/ros2_ws/build/hunter_base
[1.086s] -- Install configuration: ""
[1.086s] -- Installing: /robot/Automan-hunter/Workspace/ros2_ws/install/hunter_base/lib/hunter_base/hunter_base_node
[1.088s] -- Set runtime path of "/robot/Automan-hunter/Workspace/ros2_ws/install/hunter_base/lib/hunter_base/hunter_base_node" to ""
[1.088s] -- Up-to-date: /robot/Automan-hunter/Workspace/ros2_ws/install/hunter_base/include/hunter_base/hunter_base
[1.089s] -- Up-to-date: /robot/Automan-hunter/Workspace/ros2_ws/install/hunter_base/include/hunter_base/hunter_base/bicycle_model.hpp
[1.089s] -- Up-to-date: /robot/Automan-hunter/Workspace/ros2_ws/install/hunter_base/include/hunter_base/hunter_base/hunter_base_ros.hpp
[1.089s] -- Up-to-date: /robot/Automan-hunter/Workspace/ros2_ws/install/hunter_base/include/hunter_base/hunter_base/hunter_messenger.hpp
[1.089s] -- Up-to-date: /robot/Automan-hunter/Workspace/ros2_ws/install/hunter_base/include/hunter_base/hunter_base/hunter_params.hpp
[1.089s] -- Up-to-date: /robot/Automan-hunter/Workspace/ros2_ws/install/hunter_base/share/ament_index/resource_index/package_run_dependencies/hunter_base
[1.089s] -- Installing: /robot/Automan-hunter/Workspace/ros2_ws/install/hunter_base/share/ament_index/resource_index/parent_prefix_path/hunter_base
[1.089s] -- Up-to-date: /robot/Automan-hunter/Workspace/ros2_ws/install/hunter_base/share/hunter_base/environment/ament_prefix_path.sh
[1.089s] -- Installing: /robot/Automan-hunter/Workspace/ros2_ws/install/hunter_base/share/hunter_base/environment/ament_prefix_path.dsv
[1.089s] -- Up-to-date: /robot/Automan-hunter/Workspace/ros2_ws/install/hunter_base/share/hunter_base/environment/path.sh
[1.089s] -- Installing: /robot/Automan-hunter/Workspace/ros2_ws/install/hunter_base/share/hunter_base/environment/path.dsv
[1.089s] -- Up-to-date: /robot/Automan-hunter/Workspace/ros2_ws/install/hunter_base/share/hunter_base/local_setup.bash
[1.089s] -- Up-to-date: /robot/Automan-hunter/Workspace/ros2_ws/install/hunter_base/share/hunter_base/local_setup.sh
[1.089s] -- Up-to-date: /robot/Automan-hunter/Workspace/ros2_ws/install/hunter_base/share/hunter_base/local_setup.zsh
[1.089s] -- Installing: /robot/Automan-hunter/Workspace/ros2_ws/install/hunter_base/share/hunter_base/local_setup.dsv
[1.089s] -- Installing: /robot/Automan-hunter/Workspace/ros2_ws/install/hunter_base/share/hunter_base/package.dsv
[1.089s] -- Up-to-date: /robot/Automan-hunter/Workspace/ros2_ws/install/hunter_base/share/ament_index/resource_index/packages/hunter_base
[1.089s] -- Up-to-date: /robot/Automan-hunter/Workspace/ros2_ws/install/hunter_base/share/hunter_base/cmake/hunter_baseConfig.cmake
[1.089s] -- Up-to-date: /robot/Automan-hunter/Workspace/ros2_ws/install/hunter_base/share/hunter_base/cmake/hunter_baseConfig-version.cmake
[1.089s] -- Up-to-date: /robot/Automan-hunter/Workspace/ros2_ws/install/hunter_base/share/hunter_base/package.xml
[1.091s] Invoked command in '/robot/Automan-hunter/Workspace/ros2_ws/build/hunter_base' returned '0': CMAKE_PREFIX_PATH=/robot/Automan-hunter/Workspace/ros2_ws/install/wrp_sdk:/robot/Automan-hunter/Workspace/ros2_ws/install/hunter_msgs:/robot/Automan-hunter/Workspace/ros2_ws/install/hunter_base:/opt/ros/foxy LD_LIBRARY_PATH=/robot/Automan-hunter/Workspace/ros2_ws/install/hunter_msgs/lib:/robot/Automan-hunter/Workspace/ros2_ws/install/wrp_sdk/lib:/opt/ros/foxy/opt/yaml_cpp_vendor/lib:/opt/ros/foxy/opt/rviz_ogre_vendor/lib:/opt/ros/foxy/lib/x86_64-linux-gnu:/opt/ros/foxy/lib:/usr/local/cuda/lib64:/usr/local/cuda/extras/CUPTI/lib64 /usr/bin/cmake --install /robot/Automan-hunter/Workspace/ros2_ws/build/hunter_base
