In file included from [01m[K/robot/Automan-hunter/Workspace/ros2_ws/src/hunter_ros/hunter_base/ascent/include/ascent/Recorder.h:25[m[K,
                 from [01m[K/robot/Automan-hunter/Workspace/ros2_ws/src/hunter_ros/hunter_base/ascent/include/ascent/Ascent.h:17[m[K,
                 from [01m[K/robot/Automan-hunter/Workspace/ros2_ws/src/hunter_ros/hunter_base/include/hunter_base/hunter_messenger.hpp:27[m[K,
                 from [01m[K/robot/Automan-hunter/Workspace/ros2_ws/src/hunter_ros/hunter_base/src/hunter_base_node.cpp:9[m[K:
[01m[K/robot/Automan-hunter/Workspace/ros2_ws/src/hunter_ros/hunter_base/ascent/include/ascent/containers/stack.h:54:7:[m[K [01;35m[Kwarning: [m[Ktype qualifiers ignored on function return type [[01;35m[K-Wignored-qualifiers[m[K]
   54 |       [01;35m[Kconst[m[K pointer operator->() const noexcept
      |       [01;35m[K^~~~~[m[K
[01m[K/robot/Automan-hunter/Workspace/ros2_ws/src/hunter_ros/hunter_base/ascent/include/ascent/containers/stack.h:113:7:[m[K [01;35m[Kwarning: [m[Ktype qualifiers ignored on function return type [[01;35m[K-Wignored-qualifiers[m[K]
  113 |       [01;35m[Kconst[m[K pointer operator->() const
      |       [01;35m[K^~~~~[m[K
In file included from [01m[K/robot/Automan-hunter/Workspace/ros2_ws/src/hunter_ros/hunter_base/ascent/include/ascent/integrators/RK2.h:17[m[K,
                 from [01m[K/robot/Automan-hunter/Workspace/ros2_ws/src/hunter_ros/hunter_base/ascent/include/ascent/Ascent.h:26[m[K,
                 from [01m[K/robot/Automan-hunter/Workspace/ros2_ws/src/hunter_ros/hunter_base/include/hunter_base/hunter_messenger.hpp:27[m[K,
                 from [01m[K/robot/Automan-hunter/Workspace/ros2_ws/src/hunter_ros/hunter_base/src/hunter_base_node.cpp:9[m[K:
[01m[K/robot/Automan-hunter/Workspace/ros2_ws/src/hunter_ros/hunter_base/ascent/include/ascent/Utility.h:25:14:[m[K [01;35m[Kwarning: [m[Ktype qualifiers ignored on function return type [[01;35m[K-Wignored-qualifiers[m[K]
   25 |    constexpr [01;35m[Kconst[m[K value_t cx(long double v) { return static_cast<value_t>(v); }
      |              [01;35m[K^~~~~[m[K
[01m[K/robot/Automan-hunter/Workspace/ros2_ws/src/hunter_ros/hunter_base/ascent/include/ascent/Utility.h:26:14:[m[K [01;35m[Kwarning: [m[Ktype qualifiers ignored on function return type [[01;35m[K-Wignored-qualifiers[m[K]
   26 |    constexpr [01;35m[Kconst[m[K value_t operator"" _v(long double v) { return static_cast<value_t>(v); }
      |              [01;35m[K^~~~~[m[K
[01m[K/robot/Automan-hunter/Workspace/ros2_ws/src/hunter_ros/hunter_base/src/hunter_base_node.cpp:[m[K In function ‘[01m[Kint main(int, char**)[m[K’:
[01m[K/robot/Automan-hunter/Workspace/ros2_ws/src/hunter_ros/hunter_base/src/hunter_base_node.cpp:16:38:[m[K [01;31m[Kerror: [m[Kuse of deleted function ‘[01m[Krclcpp::Node::Node(const rclcpp::Node&)[m[K’
   16 |   auto n = rclcpp::Node("hunter_base"[01;31m[K)[m[K;
      |                                      [01;31m[K^[m[K
In file included from [01m[K/opt/ros/foxy/include/rclcpp/context.hpp:33[m[K,
                 from [01m[K/opt/ros/foxy/include/rclcpp/contexts/default_context.hpp:18[m[K,
                 from [01m[K/opt/ros/foxy/include/rclcpp/executor.hpp:32[m[K,
                 from [01m[K/opt/ros/foxy/include/rclcpp/executors/multi_threaded_executor.hpp:26[m[K,
                 from [01m[K/opt/ros/foxy/include/rclcpp/executors.hpp:21[m[K,
                 from [01m[K/opt/ros/foxy/include/rclcpp/rclcpp.hpp:146[m[K,
                 from [01m[K/robot/Automan-hunter/Workspace/ros2_ws/src/hunter_ros/hunter_base/src/hunter_base_node.cpp:4[m[K:
[01m[K/opt/ros/foxy/include/rclcpp/node.hpp:1198:3:[m[K [01;36m[Knote: [m[Kdeclared here
 1198 |   [01;36m[KRCLCPP_DISABLE_COPY[m[K(Node)
      |   [01;36m[K^~~~~~~~~~~~~~~~~~~[m[K
[01m[K/robot/Automan-hunter/Workspace/ros2_ws/src/hunter_ros/hunter_base/src/hunter_base_node.cpp:17:30:[m[K [01;31m[Kerror: [m[Kuse of deleted function ‘[01m[Krclcpp::Node::Node(const rclcpp::Node&)[m[K’
   17 |   auto node = rclcpp::Node(""[01;31m[K)[m[K;
      |                              [01;31m[K^[m[K
In file included from [01m[K/opt/ros/foxy/include/rclcpp/context.hpp:33[m[K,
                 from [01m[K/opt/ros/foxy/include/rclcpp/contexts/default_context.hpp:18[m[K,
                 from [01m[K/opt/ros/foxy/include/rclcpp/executor.hpp:32[m[K,
                 from [01m[K/opt/ros/foxy/include/rclcpp/executors/multi_threaded_executor.hpp:26[m[K,
                 from [01m[K/opt/ros/foxy/include/rclcpp/executors.hpp:21[m[K,
                 from [01m[K/opt/ros/foxy/include/rclcpp/rclcpp.hpp:146[m[K,
                 from [01m[K/robot/Automan-hunter/Workspace/ros2_ws/src/hunter_ros/hunter_base/src/hunter_base_node.cpp:4[m[K:
[01m[K/opt/ros/foxy/include/rclcpp/node.hpp:1198:3:[m[K [01;36m[Knote: [m[Kdeclared here
 1198 |   [01;36m[KRCLCPP_DISABLE_COPY[m[K(Node)
      |   [01;36m[K^~~~~~~~~~~~~~~~~~~[m[K
[01m[K/robot/Automan-hunter/Workspace/ros2_ws/src/hunter_ros/hunter_base/src/hunter_base_node.cpp:18:39:[m[K [01;31m[Kerror: [m[Kuse of deleted function ‘[01m[Krclcpp::Node::Node(const rclcpp::Node&)[m[K’
   18 |   auto private_node = rclcpp::Node("~"[01;31m[K)[m[K;
      |                                       [01;31m[K^[m[K
In file included from [01m[K/opt/ros/foxy/include/rclcpp/context.hpp:33[m[K,
                 from [01m[K/opt/ros/foxy/include/rclcpp/contexts/default_context.hpp:18[m[K,
                 from [01m[K/opt/ros/foxy/include/rclcpp/executor.hpp:32[m[K,
                 from [01m[K/opt/ros/foxy/include/rclcpp/executors/multi_threaded_executor.hpp:26[m[K,
                 from [01m[K/opt/ros/foxy/include/rclcpp/executors.hpp:21[m[K,
                 from [01m[K/opt/ros/foxy/include/rclcpp/rclcpp.hpp:146[m[K,
                 from [01m[K/robot/Automan-hunter/Workspace/ros2_ws/src/hunter_ros/hunter_base/src/hunter_base_node.cpp:4[m[K:
[01m[K/opt/ros/foxy/include/rclcpp/node.hpp:1198:3:[m[K [01;36m[Knote: [m[Kdeclared here
 1198 |   [01;36m[KRCLCPP_DISABLE_COPY[m[K(Node)
      |   [01;36m[K^~~~~~~~~~~~~~~~~~~[m[K
[01m[K/robot/Automan-hunter/Workspace/ros2_ws/src/hunter_ros/hunter_base/src/hunter_base_node.cpp:53:39:[m[K [01;31m[Kerror: [m[Kthe value of ‘[01m[Kprivate_node[m[K’ is not usable in a constant expression
   53 |     rclcpp::spin_some(std::shared_ptr<[01;31m[Kprivate_node[m[K>);
      |                                       [01;31m[K^~~~~~~~~~~~[m[K
[01m[K/robot/Automan-hunter/Workspace/ros2_ws/src/hunter_ros/hunter_base/src/hunter_base_node.cpp:53:51:[m[K [01;31m[Kerror: [m[Ktype/value mismatch at argument 1 in template parameter list for ‘[01m[Ktemplate<class _Tp> class std::shared_ptr[m[K’
   53 |     rclcpp::spin_some(std::shared_ptr<private_node[01;31m[K>[m[K);
      |                                                   [01;31m[K^[m[K
[01m[K/robot/Automan-hunter/Workspace/ros2_ws/src/hunter_ros/hunter_base/src/hunter_base_node.cpp:53:51:[m[K [01;36m[Knote: [m[K  expected a type, got ‘[01m[Kprivate_node[m[K’
[01m[K/robot/Automan-hunter/Workspace/ros2_ws/src/hunter_ros/hunter_base/src/hunter_base_node.cpp:50:7:[m[K [01;35m[Kwarning: [m[Kunused variable ‘[01m[Kcnt[m[K’ [[01;35m[K-Wunused-variable[m[K]
   50 |   int [01;35m[Kcnt[m[K = 0;
      |       [01;35m[K^~~[m[K
make[2]: *** [CMakeFiles/hunter_base_node.dir/build.make:63: CMakeFiles/hunter_base_node.dir/src/hunter_base_node.cpp.o] Error 1
make[1]: *** [CMakeFiles/Makefile2:80: CMakeFiles/hunter_base_node.dir/all] Error 2
make: *** [Makefile:141: all] Error 2
