[0.011s] Invoking command in '/robot/Automan-hunter/Workspace/ros2_ws/build/hunter_base': CMAKE_PREFIX_PATH=${CMAKE_PREFIX_PATH}:/opt/ros/foxy LD_LIBRARY_PATH=/robot/Automan-hunter/Workspace/ros2_ws/install/hunter_msgs/lib:/robot/Automan-hunter/Workspace/ros2_ws/install/wrp_sdk/lib:/opt/ros/foxy/opt/yaml_cpp_vendor/lib:/opt/ros/foxy/opt/rviz_ogre_vendor/lib:/opt/ros/foxy/lib/x86_64-linux-gnu:/opt/ros/foxy/lib:/usr/local/cuda/lib64:/usr/local/cuda/extras/CUPTI/lib64 /usr/bin/cmake --build /robot/Automan-hunter/Workspace/ros2_ws/build/hunter_base -- -j24 -l24
[0.037s] [35m[1mScanning dependencies of target hunter_base_node[0m
[0.048s] [ 16%] [32mBuilding CXX object CMakeFiles/hunter_messenger.dir/src/hunter_messenger.cpp.o[0m
[0.059s] [ 33%] [32mBuilding CXX object CMakeFiles/hunter_base_node.dir/src/hunter_base_ros.cpp.o[0m
[1.510s] In file included from [01m[K/robot/Automan-hunter/Workspace/ros2_ws/src/hunter_ros/hunter_base/ascent/include/ascent/Recorder.h:25[m[K,
[1.510s]                  from [01m[K/robot/Automan-hunter/Workspace/ros2_ws/src/hunter_ros/hunter_base/ascent/include/ascent/Ascent.h:17[m[K,
[1.510s]                  from [01m[K/robot/Automan-hunter/Workspace/ros2_ws/src/hunter_ros/hunter_base/include/hunter_base/hunter_messenger.hpp:27[m[K,
[1.510s]                  from [01m[K/robot/Automan-hunter/Workspace/ros2_ws/src/hunter_ros/hunter_base/src/hunter_messenger.cpp:17[m[K:
[1.510s] [01m[K/robot/Automan-hunter/Workspace/ros2_ws/src/hunter_ros/hunter_base/ascent/include/ascent/containers/stack.h:54:7:[m[K [01;35m[Kwarning: [m[Ktype qualifiers ignored on function return type [[01;35m[K-Wignored-qualifiers[m[K]
[1.510s]    54 |       [01;35m[Kconst[m[K pointer operator->() const noexcept
[1.510s]       |       [01;35m[K^~~~~[m[K
[1.510s] [01m[K/robot/Automan-hunter/Workspace/ros2_ws/src/hunter_ros/hunter_base/ascent/include/ascent/containers/stack.h:113:7:[m[K [01;35m[Kwarning: [m[Ktype qualifiers ignored on function return type [[01;35m[K-Wignored-qualifiers[m[K]
[1.510s]   113 |       [01;35m[Kconst[m[K pointer operator->() const
[1.510s]       |       [01;35m[K^~~~~[m[K
[1.513s] In file included from [01m[K/robot/Automan-hunter/Workspace/ros2_ws/src/hunter_ros/hunter_base/ascent/include/ascent/integrators/RK2.h:17[m[K,
[1.513s]                  from [01m[K/robot/Automan-hunter/Workspace/ros2_ws/src/hunter_ros/hunter_base/ascent/include/ascent/Ascent.h:26[m[K,
[1.513s]                  from [01m[K/robot/Automan-hunter/Workspace/ros2_ws/src/hunter_ros/hunter_base/include/hunter_base/hunter_messenger.hpp:27[m[K,
[1.513s]                  from [01m[K/robot/Automan-hunter/Workspace/ros2_ws/src/hunter_ros/hunter_base/src/hunter_messenger.cpp:17[m[K:
[1.513s] [01m[K/robot/Automan-hunter/Workspace/ros2_ws/src/hunter_ros/hunter_base/ascent/include/ascent/Utility.h:25:14:[m[K [01;35m[Kwarning: [m[Ktype qualifiers ignored on function return type [[01;35m[K-Wignored-qualifiers[m[K]
[1.513s]    25 |    constexpr [01;35m[Kconst[m[K value_t cx(long double v) { return static_cast<value_t>(v); }
[1.513s]       |              [01;35m[K^~~~~[m[K
[1.513s] [01m[K/robot/Automan-hunter/Workspace/ros2_ws/src/hunter_ros/hunter_base/ascent/include/ascent/Utility.h:26:14:[m[K [01;35m[Kwarning: [m[Ktype qualifiers ignored on function return type [[01;35m[K-Wignored-qualifiers[m[K]
[1.513s]    26 |    constexpr [01;35m[Kconst[m[K value_t operator"" _v(long double v) { return static_cast<value_t>(v); }
[1.513s]       |              [01;35m[K^~~~~[m[K
[1.537s] In file included from [01m[K/robot/Automan-hunter/Workspace/ros2_ws/src/hunter_ros/hunter_base/ascent/include/ascent/Recorder.h:25[m[K,
[1.537s]                  from [01m[K/robot/Automan-hunter/Workspace/ros2_ws/src/hunter_ros/hunter_base/ascent/include/ascent/Ascent.h:17[m[K,
[1.537s]                  from [01m[K/robot/Automan-hunter/Workspace/ros2_ws/src/hunter_ros/hunter_base/include/hunter_base/hunter_messenger.hpp:27[m[K,
[1.537s]                  from [01m[K/robot/Automan-hunter/Workspace/ros2_ws/src/hunter_ros/hunter_base/include/hunter_base/hunter_base_ros.hpp:23[m[K,
[1.537s]                  from [01m[K/robot/Automan-hunter/Workspace/ros2_ws/src/hunter_ros/hunter_base/src/hunter_base_ros.cpp:10[m[K:
[1.537s] [01m[K/robot/Automan-hunter/Workspace/ros2_ws/src/hunter_ros/hunter_base/ascent/include/ascent/containers/stack.h:54:7:[m[K [01;35m[Kwarning: [m[Ktype qualifiers ignored on function return type [[01;35m[K-Wignored-qualifiers[m[K]
[1.537s]    54 |       [01;35m[Kconst[m[K pointer operator->() const noexcept
[1.537s]       |       [01;35m[K^~~~~[m[K
[1.537s] [01m[K/robot/Automan-hunter/Workspace/ros2_ws/src/hunter_ros/hunter_base/ascent/include/ascent/containers/stack.h:113:7:[m[K [01;35m[Kwarning: [m[Ktype qualifiers ignored on function return type [[01;35m[K-Wignored-qualifiers[m[K]
[1.537s]   113 |       [01;35m[Kconst[m[K pointer operator->() const
[1.537s]       |       [01;35m[K^~~~~[m[K
[1.540s] In file included from [01m[K/robot/Automan-hunter/Workspace/ros2_ws/src/hunter_ros/hunter_base/ascent/include/ascent/integrators/RK2.h:17[m[K,
[1.540s]                  from [01m[K/robot/Automan-hunter/Workspace/ros2_ws/src/hunter_ros/hunter_base/ascent/include/ascent/Ascent.h:26[m[K,
[1.540s]                  from [01m[K/robot/Automan-hunter/Workspace/ros2_ws/src/hunter_ros/hunter_base/include/hunter_base/hunter_messenger.hpp:27[m[K,
[1.540s]                  from [01m[K/robot/Automan-hunter/Workspace/ros2_ws/src/hunter_ros/hunter_base/include/hunter_base/hunter_base_ros.hpp:23[m[K,
[1.540s]                  from [01m[K/robot/Automan-hunter/Workspace/ros2_ws/src/hunter_ros/hunter_base/src/hunter_base_ros.cpp:10[m[K:
[1.540s] [01m[K/robot/Automan-hunter/Workspace/ros2_ws/src/hunter_ros/hunter_base/ascent/include/ascent/Utility.h:25:14:[m[K [01;35m[Kwarning: [m[Ktype qualifiers ignored on function return type [[01;35m[K-Wignored-qualifiers[m[K]
[1.540s]    25 |    constexpr [01;35m[Kconst[m[K value_t cx(long double v) { return static_cast<value_t>(v); }
[1.540s]       |              [01;35m[K^~~~~[m[K
[1.540s] [01m[K/robot/Automan-hunter/Workspace/ros2_ws/src/hunter_ros/hunter_base/ascent/include/ascent/Utility.h:26:14:[m[K [01;35m[Kwarning: [m[Ktype qualifiers ignored on function return type [[01;35m[K-Wignored-qualifiers[m[K]
[1.540s]    26 |    constexpr [01;35m[Kconst[m[K value_t operator"" _v(long double v) { return static_cast<value_t>(v); }
[1.540s]       |              [01;35m[K^~~~~[m[K
[1.579s] [01m[K/robot/Automan-hunter/Workspace/ros2_ws/src/hunter_ros/hunter_base/src/hunter_base_ros.cpp:[m[K In member function ‘[01m[Kvoid westonrobot::HunterBaseRos::Run()[m[K’:
[1.579s] [01m[K/robot/Automan-hunter/Workspace/ros2_ws/src/hunter_ros/hunter_base/src/hunter_base_ros.cpp:47:104:[m[K [01;31m[Kerror: [m[Kno matching function for call to ‘[01m[Kwestonrobot::HunterROSMessenger::HunterROSMessenger(westonrobot::HunterBase&, westonrobot::HunterBaseRos*)[m[K’
[1.579s]    47 |     std::unique_ptr<HunterROSMessenger> messenger = new std::unique_ptr<HunterROSMessenger(robot_, this[01;31m[K)[m[K>;
[1.579s]       |                                                                                                        [01;31m[K^[m[K
[1.579s] In file included from [01m[K/robot/Automan-hunter/Workspace/ros2_ws/src/hunter_ros/hunter_base/include/hunter_base/hunter_base_ros.hpp:23[m[K,
[1.579s]                  from [01m[K/robot/Automan-hunter/Workspace/ros2_ws/src/hunter_ros/hunter_base/src/hunter_base_ros.cpp:10[m[K:
[1.579s] [01m[K/robot/Automan-hunter/Workspace/ros2_ws/src/hunter_ros/hunter_base/include/hunter_base/hunter_messenger.hpp:58:3:[m[K [01;36m[Knote: [m[Kcandidate: ‘[01m[Kwestonrobot::HunterROSMessenger::HunterROSMessenger(westonrobot::HunterBase*, rclcpp::Node*)[m[K’
[1.579s]    58 |   [01;36m[KHunterROSMessenger[m[K(HunterBase *hunter, rclcpp::Node *node);
[1.579s]       |   [01;36m[K^~~~~~~~~~~~~~~~~~[m[K
[1.579s] [01m[K/robot/Automan-hunter/Workspace/ros2_ws/src/hunter_ros/hunter_base/include/hunter_base/hunter_messenger.hpp:58:34:[m[K [01;36m[Knote: [m[K  no known conversion for argument 1 from ‘[01m[Kwestonrobot::HunterBase[m[K’ to ‘[01m[Kwestonrobot::HunterBase*[m[K’
[1.579s]    58 |   HunterROSMessenger([01;36m[KHunterBase *hunter[m[K, rclcpp::Node *node);
[1.579s]       |                      [01;36m[K~~~~~~~~~~~~^~~~~~[m[K
[1.579s] [01m[K/robot/Automan-hunter/Workspace/ros2_ws/src/hunter_ros/hunter_base/src/hunter_base_ros.cpp:47:105:[m[K [01;31m[Kerror: [m[Ktemplate argument 1 is invalid
[1.579s]    47 |     std::unique_ptr<HunterROSMessenger> messenger = new std::unique_ptr<HunterROSMessenger(robot_, this)[01;31m[K>[m[K;
[1.579s]       |                                                                                                         [01;31m[K^[m[K
[1.579s] [01m[K/robot/Automan-hunter/Workspace/ros2_ws/src/hunter_ros/hunter_base/src/hunter_base_ros.cpp:47:105:[m[K [01;31m[Kerror: [m[Ktemplate argument 2 is invalid
[1.579s] [01m[K/robot/Automan-hunter/Workspace/ros2_ws/src/hunter_ros/hunter_base/src/hunter_base_ros.cpp:54:19:[m[K [01;31m[Kerror: [m[Kbase operand of ‘[01m[K->[m[K’ has non-pointer type ‘[01m[Kwestonrobot::HunterBase[m[K’
[1.579s]    54 |         if (robot_[01;31m[K->[m[KConnect(port_name_)) {
[1.579s]       |                   [01;31m[K^~[m[K
[1.661s] In file included from [01m[K/robot/Automan-hunter/Workspace/ros2_ws/src/hunter_ros/hunter_base/src/hunter_messenger.cpp:17[m[K:
[1.661s] /robot/Automan-hunter/Workspace/ros2_ws/src/hunter_ros/hunter_base/include/hunter_base/hunter_messenger.hpp: In instantiation of ‘[01m[Kasc::state_t westonrobot::SystemPropagator<SystemModel>::Propagate(asc::state_t, typename SystemModel::control_t, double, double, double) [with SystemModel = westonrobot::BicycleKinematics; asc::state_t = std::vector<double, std::allocator<double> >; typename SystemModel::control_t = westonrobot::BicycleKinematics::CtrlInput][m[K’:
[1.661s] [01m[K/robot/Automan-hunter/Workspace/ros2_ws/src/hunter_ros/hunter_base/src/hunter_messenger.cpp:173:73:[m[K   required from here
[1.661s] [01m[K/robot/Automan-hunter/Workspace/ros2_ws/src/hunter_ros/hunter_base/include/hunter_base/hunter_messenger.hpp:45:31:[m[K [01;31m[Kerror: [m[K‘[01m[KSystemMosdel[m[K’ was not declared in this scope
[1.661s]    45 |       integrator_([01;31m[KSystemMosdel(u)[m[K, x, t, dt);
[1.661s]       |                   [01;31m[K~~~~~~~~~~~~^~~[m[K
[1.942s] make[2]: *** [CMakeFiles/hunter_base_node.dir/build.make:76: CMakeFiles/hunter_base_node.dir/src/hunter_base_ros.cpp.o] Error 1
[1.942s] make[1]: *** [CMakeFiles/Makefile2:80: CMakeFiles/hunter_base_node.dir/all] Error 2
[1.942s] make[1]: *** Waiting for unfinished jobs....
[3.189s] make[2]: *** [CMakeFiles/hunter_messenger.dir/build.make:63: CMakeFiles/hunter_messenger.dir/src/hunter_messenger.cpp.o] Error 1
[3.189s] make[1]: *** [CMakeFiles/Makefile2:107: CMakeFiles/hunter_messenger.dir/all] Error 2
[3.189s] make: *** [Makefile:141: all] Error 2
[3.191s] Invoked command in '/robot/Automan-hunter/Workspace/ros2_ws/build/hunter_base' returned '2': CMAKE_PREFIX_PATH=${CMAKE_PREFIX_PATH}:/opt/ros/foxy LD_LIBRARY_PATH=/robot/Automan-hunter/Workspace/ros2_ws/install/hunter_msgs/lib:/robot/Automan-hunter/Workspace/ros2_ws/install/wrp_sdk/lib:/opt/ros/foxy/opt/yaml_cpp_vendor/lib:/opt/ros/foxy/opt/rviz_ogre_vendor/lib:/opt/ros/foxy/lib/x86_64-linux-gnu:/opt/ros/foxy/lib:/usr/local/cuda/lib64:/usr/local/cuda/extras/CUPTI/lib64 /usr/bin/cmake --build /robot/Automan-hunter/Workspace/ros2_ws/build/hunter_base -- -j24 -l24
