Determining if the pthread_create exist failed with the following output:
Change Dir: /home/hunter/Workspace/catkin_ws/build/cartographer_ros/cartographer_ros/abseil/src/abseil-build/CMakeFiles/CMakeTmp

Run Build Command:"/usr/bin/make" "cmTC_458bb/fast"
make[3]: Entering directory '/home/hunter/Workspace/catkin_ws/build/cartographer_ros/cartographer_ros/abseil/src/abseil-build/CMakeFiles/CMakeTmp'
/usr/bin/make -f CMakeFiles/cmTC_458bb.dir/build.make CMakeFiles/cmTC_458bb.dir/build
make[4]: Entering directory '/home/hunter/Workspace/catkin_ws/build/cartographer_ros/cartographer_ros/abseil/src/abseil-build/CMakeFiles/CMakeTmp'
Building C object CMakeFiles/cmTC_458bb.dir/CheckSymbolExists.c.o
/usr/bin/cc   -fPIE   -o CMakeFiles/cmTC_458bb.dir/CheckSymbolExists.c.o   -c /home/hunter/Workspace/catkin_ws/build/cartographer_ros/cartographer_ros/abseil/src/abseil-build/CMakeFiles/CMakeTmp/CheckSymbolExists.c
Linking C executable cmTC_458bb
/usr/bin/cmake -E cmake_link_script CMakeFiles/cmTC_458bb.dir/link.txt --verbose=1
/usr/bin/cc      -rdynamic CMakeFiles/cmTC_458bb.dir/CheckSymbolExists.c.o  -o cmTC_458bb 
CMakeFiles/cmTC_458bb.dir/CheckSymbolExists.c.o: In function `main':
CheckSymbolExists.c:(.text+0x14): undefined reference to `pthread_create'
CheckSymbolExists.c:(.text+0x18): undefined reference to `pthread_create'
collect2: error: ld returned 1 exit status
CMakeFiles/cmTC_458bb.dir/build.make:97: recipe for target 'cmTC_458bb' failed
make[4]: *** [cmTC_458bb] Error 1
make[4]: Leaving directory '/home/hunter/Workspace/catkin_ws/build/cartographer_ros/cartographer_ros/abseil/src/abseil-build/CMakeFiles/CMakeTmp'
Makefile:126: recipe for target 'cmTC_458bb/fast' failed
make[3]: *** [cmTC_458bb/fast] Error 2
make[3]: Leaving directory '/home/hunter/Workspace/catkin_ws/build/cartographer_ros/cartographer_ros/abseil/src/abseil-build/CMakeFiles/CMakeTmp'

File /home/hunter/Workspace/catkin_ws/build/cartographer_ros/cartographer_ros/abseil/src/abseil-build/CMakeFiles/CMakeTmp/CheckSymbolExists.c:
/* */
#include <pthread.h>

int main(int argc, char** argv)
{
  (void)argv;
#ifndef pthread_create
  return ((int*)(&pthread_create))[argc];
#else
  (void)argc;
  return 0;
#endif
}

Determining if the function pthread_create exists in the pthreads failed with the following output:
Change Dir: /home/hunter/Workspace/catkin_ws/build/cartographer_ros/cartographer_ros/abseil/src/abseil-build/CMakeFiles/CMakeTmp

Run Build Command:"/usr/bin/make" "cmTC_5360d/fast"
make[3]: Entering directory '/home/hunter/Workspace/catkin_ws/build/cartographer_ros/cartographer_ros/abseil/src/abseil-build/CMakeFiles/CMakeTmp'
/usr/bin/make -f CMakeFiles/cmTC_5360d.dir/build.make CMakeFiles/cmTC_5360d.dir/build
make[4]: Entering directory '/home/hunter/Workspace/catkin_ws/build/cartographer_ros/cartographer_ros/abseil/src/abseil-build/CMakeFiles/CMakeTmp'
Building C object CMakeFiles/cmTC_5360d.dir/CheckFunctionExists.c.o
/usr/bin/cc   -DCHECK_FUNCTION_EXISTS=pthread_create -fPIE   -o CMakeFiles/cmTC_5360d.dir/CheckFunctionExists.c.o   -c /usr/share/cmake-3.10/Modules/CheckFunctionExists.c
Linking C executable cmTC_5360d
/usr/bin/cmake -E cmake_link_script CMakeFiles/cmTC_5360d.dir/link.txt --verbose=1
/usr/bin/cc  -DCHECK_FUNCTION_EXISTS=pthread_create    -rdynamic CMakeFiles/cmTC_5360d.dir/CheckFunctionExists.c.o  -o cmTC_5360d -lpthreads 
/usr/bin/ld: cannot find -lpthreads
collect2: error: ld returned 1 exit status
CMakeFiles/cmTC_5360d.dir/build.make:97: recipe for target 'cmTC_5360d' failed
make[4]: *** [cmTC_5360d] Error 1
make[4]: Leaving directory '/home/hunter/Workspace/catkin_ws/build/cartographer_ros/cartographer_ros/abseil/src/abseil-build/CMakeFiles/CMakeTmp'
Makefile:126: recipe for target 'cmTC_5360d/fast' failed
make[3]: *** [cmTC_5360d/fast] Error 2
make[3]: Leaving directory '/home/hunter/Workspace/catkin_ws/build/cartographer_ros/cartographer_ros/abseil/src/abseil-build/CMakeFiles/CMakeTmp'


