In file included from [01m[K/robot/Automan-hunter/Workspace/ros2_ws/src/hunter_ros/hunter_base/ascent/include/ascent/Recorder.h:25[m[K,
                 from [01m[K/robot/Automan-hunter/Workspace/ros2_ws/src/hunter_ros/hunter_base/ascent/include/ascent/Ascent.h:17[m[K,
                 from [01m[K/robot/Automan-hunter/Workspace/ros2_ws/src/hunter_ros/hunter_base/include/hunter_base/hunter_messenger.hpp:27[m[K,
                 from [01m[K/robot/Automan-hunter/Workspace/ros2_ws/src/hunter_ros/hunter_base/src/hunter_messenger.cpp:17[m[K:
[01m[K/robot/Automan-hunter/Workspace/ros2_ws/src/hunter_ros/hunter_base/ascent/include/ascent/containers/stack.h:54:7:[m[K [01;35m[Kwarning: [m[Ktype qualifiers ignored on function return type [[01;35m[K-Wignored-qualifiers[m[K]
   54 |       [01;35m[Kconst[m[K pointer operator->() const noexcept
      |       [01;35m[K^~~~~[m[K
[01m[K/robot/Automan-hunter/Workspace/ros2_ws/src/hunter_ros/hunter_base/ascent/include/ascent/containers/stack.h:113:7:[m[K [01;35m[Kwarning: [m[Ktype qualifiers ignored on function return type [[01;35m[K-Wignored-qualifiers[m[K]
  113 |       [01;35m[Kconst[m[K pointer operator->() const
      |       [01;35m[K^~~~~[m[K
In file included from [01m[K/robot/Automan-hunter/Workspace/ros2_ws/src/hunter_ros/hunter_base/ascent/include/ascent/integrators/RK2.h:17[m[K,
                 from [01m[K/robot/Automan-hunter/Workspace/ros2_ws/src/hunter_ros/hunter_base/ascent/include/ascent/Ascent.h:26[m[K,
                 from [01m[K/robot/Automan-hunter/Workspace/ros2_ws/src/hunter_ros/hunter_base/include/hunter_base/hunter_messenger.hpp:27[m[K,
                 from [01m[K/robot/Automan-hunter/Workspace/ros2_ws/src/hunter_ros/hunter_base/src/hunter_messenger.cpp:17[m[K:
[01m[K/robot/Automan-hunter/Workspace/ros2_ws/src/hunter_ros/hunter_base/ascent/include/ascent/Utility.h:25:14:[m[K [01;35m[Kwarning: [m[Ktype qualifiers ignored on function return type [[01;35m[K-Wignored-qualifiers[m[K]
   25 |    constexpr [01;35m[Kconst[m[K value_t cx(long double v) { return static_cast<value_t>(v); }
      |              [01;35m[K^~~~~[m[K
[01m[K/robot/Automan-hunter/Workspace/ros2_ws/src/hunter_ros/hunter_base/ascent/include/ascent/Utility.h:26:14:[m[K [01;35m[Kwarning: [m[Ktype qualifiers ignored on function return type [[01;35m[K-Wignored-qualifiers[m[K]
   26 |    constexpr [01;35m[Kconst[m[K value_t operator"" _v(long double v) { return static_cast<value_t>(v); }
      |              [01;35m[K^~~~~[m[K
In file included from [01m[K/robot/Automan-hunter/Workspace/ros2_ws/src/hunter_ros/hunter_base/ascent/include/ascent/Recorder.h:25[m[K,
                 from [01m[K/robot/Automan-hunter/Workspace/ros2_ws/src/hunter_ros/hunter_base/ascent/include/ascent/Ascent.h:17[m[K,
                 from [01m[K/robot/Automan-hunter/Workspace/ros2_ws/src/hunter_ros/hunter_base/include/hunter_base/hunter_messenger.hpp:27[m[K,
                 from [01m[K/robot/Automan-hunter/Workspace/ros2_ws/src/hunter_ros/hunter_base/include/hunter_base/hunter_base_ros.hpp:23[m[K,
                 from [01m[K/robot/Automan-hunter/Workspace/ros2_ws/src/hunter_ros/hunter_base/src/hunter_base_ros.cpp:10[m[K:
[01m[K/robot/Automan-hunter/Workspace/ros2_ws/src/hunter_ros/hunter_base/ascent/include/ascent/containers/stack.h:54:7:[m[K [01;35m[Kwarning: [m[Ktype qualifiers ignored on function return type [[01;35m[K-Wignored-qualifiers[m[K]
   54 |       [01;35m[Kconst[m[K pointer operator->() const noexcept
      |       [01;35m[K^~~~~[m[K
[01m[K/robot/Automan-hunter/Workspace/ros2_ws/src/hunter_ros/hunter_base/ascent/include/ascent/containers/stack.h:113:7:[m[K [01;35m[Kwarning: [m[Ktype qualifiers ignored on function return type [[01;35m[K-Wignored-qualifiers[m[K]
  113 |       [01;35m[Kconst[m[K pointer operator->() const
      |       [01;35m[K^~~~~[m[K
In file included from [01m[K/robot/Automan-hunter/Workspace/ros2_ws/src/hunter_ros/hunter_base/ascent/include/ascent/integrators/RK2.h:17[m[K,
                 from [01m[K/robot/Automan-hunter/Workspace/ros2_ws/src/hunter_ros/hunter_base/ascent/include/ascent/Ascent.h:26[m[K,
                 from [01m[K/robot/Automan-hunter/Workspace/ros2_ws/src/hunter_ros/hunter_base/include/hunter_base/hunter_messenger.hpp:27[m[K,
                 from [01m[K/robot/Automan-hunter/Workspace/ros2_ws/src/hunter_ros/hunter_base/include/hunter_base/hunter_base_ros.hpp:23[m[K,
                 from [01m[K/robot/Automan-hunter/Workspace/ros2_ws/src/hunter_ros/hunter_base/src/hunter_base_ros.cpp:10[m[K:
[01m[K/robot/Automan-hunter/Workspace/ros2_ws/src/hunter_ros/hunter_base/ascent/include/ascent/Utility.h:25:14:[m[K [01;35m[Kwarning: [m[Ktype qualifiers ignored on function return type [[01;35m[K-Wignored-qualifiers[m[K]
   25 |    constexpr [01;35m[Kconst[m[K value_t cx(long double v) { return static_cast<value_t>(v); }
      |              [01;35m[K^~~~~[m[K
[01m[K/robot/Automan-hunter/Workspace/ros2_ws/src/hunter_ros/hunter_base/ascent/include/ascent/Utility.h:26:14:[m[K [01;35m[Kwarning: [m[Ktype qualifiers ignored on function return type [[01;35m[K-Wignored-qualifiers[m[K]
   26 |    constexpr [01;35m[Kconst[m[K value_t operator"" _v(long double v) { return static_cast<value_t>(v); }
      |              [01;35m[K^~~~~[m[K
[01m[K/robot/Automan-hunter/Workspace/ros2_ws/src/hunter_ros/hunter_base/src/hunter_base_ros.cpp:[m[K In member function ‘[01m[Kvoid westonrobot::HunterBaseRos::Run()[m[K’:
[01m[K/robot/Automan-hunter/Workspace/ros2_ws/src/hunter_ros/hunter_base/src/hunter_base_ros.cpp:47:105:[m[K [01;31m[Kerror: [m[Kno matching function for call to ‘[01m[Kstd::unique_ptr<westonrobot::HunterROSMessenger>::unique_ptr(westonrobot::HunterBase&, westonrobot::HunterBaseRos*)[m[K’
   47 |     std::unique_ptr<HunterROSMessenger> messenger = new std::unique_ptr<HunterROSMessenger>(robot_, this[01;31m[K)[m[K);
      |                                                                                                         [01;31m[K^[m[K
In file included from [01m[K/usr/include/c++/9/memory:80[m[K,
                 from [01m[K/robot/Automan-hunter/Workspace/ros2_ws/src/hunter_ros/hunter_base/include/hunter_base/hunter_base_ros.hpp:14[m[K,
                 from [01m[K/robot/Automan-hunter/Workspace/ros2_ws/src/hunter_ros/hunter_base/src/hunter_base_ros.cpp:10[m[K:
[01m[K/usr/include/c++/9/bits/unique_ptr.h:281:2:[m[K [01;36m[Knote: [m[Kcandidate: ‘[01m[Ktemplate<class _Up, class> std::unique_ptr<_Tp, _Dp>::unique_ptr(std::auto_ptr<_Up>&&)[m[K’
  281 |  [01;36m[Kunique_ptr[m[K(auto_ptr<_Up>&& __u) noexcept;
      |  [01;36m[K^~~~~~~~~~[m[K
[01m[K/usr/include/c++/9/bits/unique_ptr.h:281:2:[m[K [01;36m[Knote: [m[K  template argument deduction/substitution failed:
[01m[K/robot/Automan-hunter/Workspace/ros2_ws/src/hunter_ros/hunter_base/src/hunter_base_ros.cpp:47:105:[m[K [01;36m[Knote: [m[K  ‘[01m[Kwestonrobot::HunterBase[m[K’ is not derived from ‘[01m[Kstd::auto_ptr<_Up>[m[K’
   47 |     std::unique_ptr<HunterROSMessenger> messenger = new std::unique_ptr<HunterROSMessenger>(robot_, this[01;36m[K)[m[K);
      |                                                                                                         [01;36m[K^[m[K
In file included from [01m[K/usr/include/c++/9/memory:80[m[K,
                 from [01m[K/robot/Automan-hunter/Workspace/ros2_ws/src/hunter_ros/hunter_base/include/hunter_base/hunter_base_ros.hpp:14[m[K,
                 from [01m[K/robot/Automan-hunter/Workspace/ros2_ws/src/hunter_ros/hunter_base/src/hunter_base_ros.cpp:10[m[K:
[01m[K/usr/include/c++/9/bits/unique_ptr.h:271:2:[m[K [01;36m[Knote: [m[Kcandidate: ‘[01m[Ktemplate<class _Up, class _Ep, class> std::unique_ptr<_Tp, _Dp>::unique_ptr(std::unique_ptr<_Up, _Ep>&&)[m[K’
  271 |  [01;36m[Kunique_ptr[m[K(unique_ptr<_Up, _Ep>&& __u) noexcept
      |  [01;36m[K^~~~~~~~~~[m[K
[01m[K/usr/include/c++/9/bits/unique_ptr.h:271:2:[m[K [01;36m[Knote: [m[K  template argument deduction/substitution failed:
[01m[K/robot/Automan-hunter/Workspace/ros2_ws/src/hunter_ros/hunter_base/src/hunter_base_ros.cpp:47:105:[m[K [01;36m[Knote: [m[K  ‘[01m[Kwestonrobot::HunterBase[m[K’ is not derived from ‘[01m[Kstd::unique_ptr<_Tp, _Dp>[m[K’
   47 |     std::unique_ptr<HunterROSMessenger> messenger = new std::unique_ptr<HunterROSMessenger>(robot_, this[01;36m[K)[m[K);
      |                                                                                                         [01;36m[K^[m[K
In file included from [01m[K/usr/include/c++/9/memory:80[m[K,
                 from [01m[K/robot/Automan-hunter/Workspace/ros2_ws/src/hunter_ros/hunter_base/include/hunter_base/hunter_base_ros.hpp:14[m[K,
                 from [01m[K/robot/Automan-hunter/Workspace/ros2_ws/src/hunter_ros/hunter_base/src/hunter_base_ros.cpp:10[m[K:
[01m[K/usr/include/c++/9/bits/unique_ptr.h:257:7:[m[K [01;36m[Knote: [m[Kcandidate: ‘[01m[Kstd::unique_ptr<_Tp, _Dp>::unique_ptr(std::unique_ptr<_Tp, _Dp>&&) [with _Tp = westonrobot::HunterROSMessenger; _Dp = std::default_delete<westonrobot::HunterROSMessenger>][m[K’
  257 |       [01;36m[Kunique_ptr[m[K(unique_ptr&& __u) noexcept
      |       [01;36m[K^~~~~~~~~~[m[K
[01m[K/usr/include/c++/9/bits/unique_ptr.h:257:7:[m[K [01;36m[Knote: [m[K  candidate expects 1 argument, 2 provided
[01m[K/usr/include/c++/9/bits/unique_ptr.h:250:12:[m[K [01;36m[Knote: [m[Kcandidate: ‘[01m[Ktemplate<class _Del, class> constexpr std::unique_ptr<_Tp, _Dp>::unique_ptr(std::nullptr_t)[m[K’
  250 |  constexpr [01;36m[Kunique_ptr[m[K(nullptr_t) noexcept
      |            [01;36m[K^~~~~~~~~~[m[K
[01m[K/usr/include/c++/9/bits/unique_ptr.h:250:12:[m[K [01;36m[Knote: [m[K  template argument deduction/substitution failed:
[01m[K/robot/Automan-hunter/Workspace/ros2_ws/src/hunter_ros/hunter_base/src/hunter_base_ros.cpp:47:105:[m[K [01;36m[Knote: [m[K  candidate expects 1 argument, 2 provided
   47 |     std::unique_ptr<HunterROSMessenger> messenger = new std::unique_ptr<HunterROSMessenger>(robot_, this[01;36m[K)[m[K);
      |                                                                                                         [01;36m[K^[m[K
In file included from [01m[K/usr/include/c++/9/memory:80[m[K,
                 from [01m[K/robot/Automan-hunter/Workspace/ros2_ws/src/hunter_ros/hunter_base/include/hunter_base/hunter_base_ros.hpp:14[m[K,
                 from [01m[K/robot/Automan-hunter/Workspace/ros2_ws/src/hunter_ros/hunter_base/src/hunter_base_ros.cpp:10[m[K:
[01m[K/usr/include/c++/9/bits/unique_ptr.h:244:2:[m[K [01;36m[Knote: [m[Kcandidate: ‘[01m[Ktemplate<class _Del, class _DelUnref> std::unique_ptr<_Tp, _Dp>::unique_ptr(std::unique_ptr<_Tp, _Dp>::pointer, std::__enable_if_t<std::is_lvalue_reference<_Del>::value, _DelUnref&&>)[m[K’ <deleted>
  244 |  [01;36m[Kunique_ptr[m[K(pointer,
      |  [01;36m[K^~~~~~~~~~[m[K
[01m[K/usr/include/c++/9/bits/unique_ptr.h:244:2:[m[K [01;36m[Knote: [m[K  template argument deduction/substitution failed:
[01m[K/robot/Automan-hunter/Workspace/ros2_ws/src/hunter_ros/hunter_base/src/hunter_base_ros.cpp:47:93:[m[K [01;36m[Knote: [m[K  cannot convert ‘[01m[K((westonrobot::HunterBaseRos*)this)->westonrobot::HunterBaseRos::robot_[m[K’ (type ‘[01m[Kwestonrobot::HunterBase[m[K’) to type ‘[01m[Kstd::unique_ptr<westonrobot::HunterROSMessenger>::pointer[m[K’ {aka ‘[01m[Kwestonrobot::HunterROSMessenger*[m[K’}
   47 |     std::unique_ptr<HunterROSMessenger> messenger = new std::unique_ptr<HunterROSMessenger>([01;36m[Krobot_[m[K, this));
      |                                                                                             [01;36m[K^~~~~~[m[K
In file included from [01m[K/usr/include/c++/9/memory:80[m[K,
                 from [01m[K/robot/Automan-hunter/Workspace/ros2_ws/src/hunter_ros/hunter_base/include/hunter_base/hunter_base_ros.hpp:14[m[K,
                 from [01m[K/robot/Automan-hunter/Workspace/ros2_ws/src/hunter_ros/hunter_base/src/hunter_base_ros.cpp:10[m[K:
[01m[K/usr/include/c++/9/bits/unique_ptr.h:236:2:[m[K [01;36m[Knote: [m[Kcandidate: ‘[01m[Ktemplate<class _Del, class> std::unique_ptr<_Tp, _Dp>::unique_ptr(std::unique_ptr<_Tp, _Dp>::pointer, std::__enable_if_t<(! std::is_lvalue_reference<_Del>::value), _Del&&>)[m[K’
  236 |  [01;36m[Kunique_ptr[m[K(pointer __p,
      |  [01;36m[K^~~~~~~~~~[m[K
[01m[K/usr/include/c++/9/bits/unique_ptr.h:236:2:[m[K [01;36m[Knote: [m[K  template argument deduction/substitution failed:
[01m[K/robot/Automan-hunter/Workspace/ros2_ws/src/hunter_ros/hunter_base/src/hunter_base_ros.cpp:47:93:[m[K [01;36m[Knote: [m[K  cannot convert ‘[01m[K((westonrobot::HunterBaseRos*)this)->westonrobot::HunterBaseRos::robot_[m[K’ (type ‘[01m[Kwestonrobot::HunterBase[m[K’) to type ‘[01m[Kstd::unique_ptr<westonrobot::HunterROSMessenger>::pointer[m[K’ {aka ‘[01m[Kwestonrobot::HunterROSMessenger*[m[K’}
   47 |     std::unique_ptr<HunterROSMessenger> messenger = new std::unique_ptr<HunterROSMessenger>([01;36m[Krobot_[m[K, this));
      |                                                                                             [01;36m[K^~~~~~[m[K
In file included from [01m[K/usr/include/c++/9/memory:80[m[K,
                 from [01m[K/robot/Automan-hunter/Workspace/ros2_ws/src/hunter_ros/hunter_base/include/hunter_base/hunter_base_ros.hpp:14[m[K,
                 from [01m[K/robot/Automan-hunter/Workspace/ros2_ws/src/hunter_ros/hunter_base/src/hunter_base_ros.cpp:10[m[K:
[01m[K/usr/include/c++/9/bits/unique_ptr.h:224:2:[m[K [01;36m[Knote: [m[Kcandidate: ‘[01m[Ktemplate<class _Del, class> std::unique_ptr<_Tp, _Dp>::unique_ptr(std::unique_ptr<_Tp, _Dp>::pointer, const deleter_type&)[m[K’
  224 |  [01;36m[Kunique_ptr[m[K(pointer __p, const deleter_type& __d) noexcept
      |  [01;36m[K^~~~~~~~~~[m[K
[01m[K/usr/include/c++/9/bits/unique_ptr.h:224:2:[m[K [01;36m[Knote: [m[K  template argument deduction/substitution failed:
[01m[K/robot/Automan-hunter/Workspace/ros2_ws/src/hunter_ros/hunter_base/src/hunter_base_ros.cpp:47:93:[m[K [01;36m[Knote: [m[K  cannot convert ‘[01m[K((westonrobot::HunterBaseRos*)this)->westonrobot::HunterBaseRos::robot_[m[K’ (type ‘[01m[Kwestonrobot::HunterBase[m[K’) to type ‘[01m[Kstd::unique_ptr<westonrobot::HunterROSMessenger>::pointer[m[K’ {aka ‘[01m[Kwestonrobot::HunterROSMessenger*[m[K’}
   47 |     std::unique_ptr<HunterROSMessenger> messenger = new std::unique_ptr<HunterROSMessenger>([01;36m[Krobot_[m[K, this));
      |                                                                                             [01;36m[K^~~~~~[m[K
In file included from [01m[K/usr/include/c++/9/memory:80[m[K,
                 from [01m[K/robot/Automan-hunter/Workspace/ros2_ws/src/hunter_ros/hunter_base/include/hunter_base/hunter_base_ros.hpp:14[m[K,
                 from [01m[K/robot/Automan-hunter/Workspace/ros2_ws/src/hunter_ros/hunter_base/src/hunter_base_ros.cpp:10[m[K:
[01m[K/usr/include/c++/9/bits/unique_ptr.h:211:2:[m[K [01;36m[Knote: [m[Kcandidate: ‘[01m[Ktemplate<class _Del, class> std::unique_ptr<_Tp, _Dp>::unique_ptr(std::unique_ptr<_Tp, _Dp>::pointer)[m[K’
  211 |  [01;36m[Kunique_ptr[m[K(pointer __p) noexcept
      |  [01;36m[K^~~~~~~~~~[m[K
[01m[K/usr/include/c++/9/bits/unique_ptr.h:211:2:[m[K [01;36m[Knote: [m[K  template argument deduction/substitution failed:
[01m[K/robot/Automan-hunter/Workspace/ros2_ws/src/hunter_ros/hunter_base/src/hunter_base_ros.cpp:47:105:[m[K [01;36m[Knote: [m[K  candidate expects 1 argument, 2 provided
   47 |     std::unique_ptr<HunterROSMessenger> messenger = new std::unique_ptr<HunterROSMessenger>(robot_, this[01;36m[K)[m[K);
      |                                                                                                         [01;36m[K^[m[K
In file included from [01m[K/usr/include/c++/9/memory:80[m[K,
                 from [01m[K/robot/Automan-hunter/Workspace/ros2_ws/src/hunter_ros/hunter_base/include/hunter_base/hunter_base_ros.hpp:14[m[K,
                 from [01m[K/robot/Automan-hunter/Workspace/ros2_ws/src/hunter_ros/hunter_base/src/hunter_base_ros.cpp:10[m[K:
[01m[K/usr/include/c++/9/bits/unique_ptr.h:199:12:[m[K [01;36m[Knote: [m[Kcandidate: ‘[01m[Ktemplate<class _Del, class> constexpr std::unique_ptr<_Tp, _Dp>::unique_ptr()[m[K’
  199 |  constexpr [01;36m[Kunique_ptr[m[K() noexcept
      |            [01;36m[K^~~~~~~~~~[m[K
[01m[K/usr/include/c++/9/bits/unique_ptr.h:199:12:[m[K [01;36m[Knote: [m[K  template argument deduction/substitution failed:
[01m[K/robot/Automan-hunter/Workspace/ros2_ws/src/hunter_ros/hunter_base/src/hunter_base_ros.cpp:47:105:[m[K [01;36m[Knote: [m[K  candidate expects 0 arguments, 2 provided
   47 |     std::unique_ptr<HunterROSMessenger> messenger = new std::unique_ptr<HunterROSMessenger>(robot_, this[01;36m[K)[m[K);
      |                                                                                                         [01;36m[K^[m[K
[01m[K/robot/Automan-hunter/Workspace/ros2_ws/src/hunter_ros/hunter_base/src/hunter_base_ros.cpp:54:19:[m[K [01;31m[Kerror: [m[Kbase operand of ‘[01m[K->[m[K’ has non-pointer type ‘[01m[Kwestonrobot::HunterBase[m[K’
   54 |         if (robot_[01;31m[K->[m[KConnect(port_name_)) {
      |                   [01;31m[K^~[m[K
In file included from [01m[K/robot/Automan-hunter/Workspace/ros2_ws/src/hunter_ros/hunter_base/src/hunter_messenger.cpp:17[m[K:
/robot/Automan-hunter/Workspace/ros2_ws/src/hunter_ros/hunter_base/include/hunter_base/hunter_messenger.hpp: In instantiation of ‘[01m[Kasc::state_t westonrobot::SystemPropagator<SystemModel>::Propagate(asc::state_t, typename SystemModel::control_t, double, double, double) [with SystemModel = westonrobot::BicycleKinematics; asc::state_t = std::vector<double, std::allocator<double> >; typename SystemModel::control_t = westonrobot::BicycleKinematics::CtrlInput][m[K’:
[01m[K/robot/Automan-hunter/Workspace/ros2_ws/src/hunter_ros/hunter_base/src/hunter_messenger.cpp:173:73:[m[K   required from here
[01m[K/robot/Automan-hunter/Workspace/ros2_ws/src/hunter_ros/hunter_base/include/hunter_base/hunter_messenger.hpp:45:31:[m[K [01;31m[Kerror: [m[K‘[01m[KSystemMosdel[m[K’ was not declared in this scope
   45 |       integrator_([01;31m[KSystemMosdel(u)[m[K, x, t, dt);
      |                   [01;31m[K~~~~~~~~~~~~^~~[m[K
make[2]: *** [CMakeFiles/hunter_base_node.dir/build.make:76: CMakeFiles/hunter_base_node.dir/src/hunter_base_ros.cpp.o] Error 1
make[1]: *** [CMakeFiles/Makefile2:80: CMakeFiles/hunter_base_node.dir/all] Error 2
make[1]: *** Waiting for unfinished jobs....
make[2]: *** [CMakeFiles/hunter_messenger.dir/build.make:63: CMakeFiles/hunter_messenger.dir/src/hunter_messenger.cpp.o] Error 1
make[1]: *** [CMakeFiles/Makefile2:107: CMakeFiles/hunter_messenger.dir/all] Error 2
make: *** [Makefile:141: all] Error 2
