[0.011s] Invoking command in '/robot/Automan-hunter/Workspace/ros2_ws/build/hunter_base': CMAKE_PREFIX_PATH=${CMAKE_PREFIX_PATH}:/opt/ros/foxy LD_LIBRARY_PATH=/robot/Automan-hunter/Workspace/ros2_ws/install/hunter_msgs/lib:/robot/Automan-hunter/Workspace/ros2_ws/install/wrp_sdk/lib:/opt/ros/foxy/opt/yaml_cpp_vendor/lib:/opt/ros/foxy/opt/rviz_ogre_vendor/lib:/opt/ros/foxy/lib/x86_64-linux-gnu:/opt/ros/foxy/lib:/usr/local/cuda/lib64:/usr/local/cuda/extras/CUPTI/lib64 /usr/bin/cmake --build /robot/Automan-hunter/Workspace/ros2_ws/build/hunter_base -- -j24 -l24
[0.037s] [35m[1mScanning dependencies of target hunter_base_node[0m
[0.045s] [ 16%] [32mBuilding CXX object CMakeFiles/hunter_messenger.dir/src/hunter_messenger.cpp.o[0m
[0.059s] [ 33%] [32mBuilding CXX object CMakeFiles/hunter_base_node.dir/src/hunter_base_ros.cpp.o[0m
[1.523s] In file included from [01m[K/robot/Automan-hunter/Workspace/ros2_ws/src/hunter_ros/hunter_base/ascent/include/ascent/Recorder.h:25[m[K,
[1.523s]                  from [01m[K/robot/Automan-hunter/Workspace/ros2_ws/src/hunter_ros/hunter_base/ascent/include/ascent/Ascent.h:17[m[K,
[1.523s]                  from [01m[K/robot/Automan-hunter/Workspace/ros2_ws/src/hunter_ros/hunter_base/include/hunter_base/hunter_messenger.hpp:27[m[K,
[1.523s]                  from [01m[K/robot/Automan-hunter/Workspace/ros2_ws/src/hunter_ros/hunter_base/src/hunter_messenger.cpp:17[m[K:
[1.523s] [01m[K/robot/Automan-hunter/Workspace/ros2_ws/src/hunter_ros/hunter_base/ascent/include/ascent/containers/stack.h:54:7:[m[K [01;35m[Kwarning: [m[Ktype qualifiers ignored on function return type [[01;35m[K-Wignored-qualifiers[m[K]
[1.523s]    54 |       [01;35m[Kconst[m[K pointer operator->() const noexcept
[1.523s]       |       [01;35m[K^~~~~[m[K
[1.523s] [01m[K/robot/Automan-hunter/Workspace/ros2_ws/src/hunter_ros/hunter_base/ascent/include/ascent/containers/stack.h:113:7:[m[K [01;35m[Kwarning: [m[Ktype qualifiers ignored on function return type [[01;35m[K-Wignored-qualifiers[m[K]
[1.523s]   113 |       [01;35m[Kconst[m[K pointer operator->() const
[1.523s]       |       [01;35m[K^~~~~[m[K
[1.526s] In file included from [01m[K/robot/Automan-hunter/Workspace/ros2_ws/src/hunter_ros/hunter_base/ascent/include/ascent/integrators/RK2.h:17[m[K,
[1.526s]                  from [01m[K/robot/Automan-hunter/Workspace/ros2_ws/src/hunter_ros/hunter_base/ascent/include/ascent/Ascent.h:26[m[K,
[1.526s]                  from [01m[K/robot/Automan-hunter/Workspace/ros2_ws/src/hunter_ros/hunter_base/include/hunter_base/hunter_messenger.hpp:27[m[K,
[1.526s]                  from [01m[K/robot/Automan-hunter/Workspace/ros2_ws/src/hunter_ros/hunter_base/src/hunter_messenger.cpp:17[m[K:
[1.526s] [01m[K/robot/Automan-hunter/Workspace/ros2_ws/src/hunter_ros/hunter_base/ascent/include/ascent/Utility.h:25:14:[m[K [01;35m[Kwarning: [m[Ktype qualifiers ignored on function return type [[01;35m[K-Wignored-qualifiers[m[K]
[1.526s]    25 |    constexpr [01;35m[Kconst[m[K value_t cx(long double v) { return static_cast<value_t>(v); }
[1.526s]       |              [01;35m[K^~~~~[m[K
[1.526s] [01m[K/robot/Automan-hunter/Workspace/ros2_ws/src/hunter_ros/hunter_base/ascent/include/ascent/Utility.h:26:14:[m[K [01;35m[Kwarning: [m[Ktype qualifiers ignored on function return type [[01;35m[K-Wignored-qualifiers[m[K]
[1.526s]    26 |    constexpr [01;35m[Kconst[m[K value_t operator"" _v(long double v) { return static_cast<value_t>(v); }
[1.526s]       |              [01;35m[K^~~~~[m[K
[1.551s] In file included from [01m[K/robot/Automan-hunter/Workspace/ros2_ws/src/hunter_ros/hunter_base/ascent/include/ascent/Recorder.h:25[m[K,
[1.551s]                  from [01m[K/robot/Automan-hunter/Workspace/ros2_ws/src/hunter_ros/hunter_base/ascent/include/ascent/Ascent.h:17[m[K,
[1.551s]                  from [01m[K/robot/Automan-hunter/Workspace/ros2_ws/src/hunter_ros/hunter_base/include/hunter_base/hunter_messenger.hpp:27[m[K,
[1.551s]                  from [01m[K/robot/Automan-hunter/Workspace/ros2_ws/src/hunter_ros/hunter_base/include/hunter_base/hunter_base_ros.hpp:23[m[K,
[1.551s]                  from [01m[K/robot/Automan-hunter/Workspace/ros2_ws/src/hunter_ros/hunter_base/src/hunter_base_ros.cpp:10[m[K:
[1.551s] [01m[K/robot/Automan-hunter/Workspace/ros2_ws/src/hunter_ros/hunter_base/ascent/include/ascent/containers/stack.h:54:7:[m[K [01;35m[Kwarning: [m[Ktype qualifiers ignored on function return type [[01;35m[K-Wignored-qualifiers[m[K]
[1.551s]    54 |       [01;35m[Kconst[m[K pointer operator->() const noexcept
[1.551s]       |       [01;35m[K^~~~~[m[K
[1.551s] [01m[K/robot/Automan-hunter/Workspace/ros2_ws/src/hunter_ros/hunter_base/ascent/include/ascent/containers/stack.h:113:7:[m[K [01;35m[Kwarning: [m[Ktype qualifiers ignored on function return type [[01;35m[K-Wignored-qualifiers[m[K]
[1.551s]   113 |       [01;35m[Kconst[m[K pointer operator->() const
[1.552s]       |       [01;35m[K^~~~~[m[K
[1.554s] In file included from [01m[K/robot/Automan-hunter/Workspace/ros2_ws/src/hunter_ros/hunter_base/ascent/include/ascent/integrators/RK2.h:17[m[K,
[1.554s]                  from [01m[K/robot/Automan-hunter/Workspace/ros2_ws/src/hunter_ros/hunter_base/ascent/include/ascent/Ascent.h:26[m[K,
[1.555s]                  from [01m[K/robot/Automan-hunter/Workspace/ros2_ws/src/hunter_ros/hunter_base/include/hunter_base/hunter_messenger.hpp:27[m[K,
[1.555s]                  from [01m[K/robot/Automan-hunter/Workspace/ros2_ws/src/hunter_ros/hunter_base/include/hunter_base/hunter_base_ros.hpp:23[m[K,
[1.555s]                  from [01m[K/robot/Automan-hunter/Workspace/ros2_ws/src/hunter_ros/hunter_base/src/hunter_base_ros.cpp:10[m[K:
[1.555s] [01m[K/robot/Automan-hunter/Workspace/ros2_ws/src/hunter_ros/hunter_base/ascent/include/ascent/Utility.h:25:14:[m[K [01;35m[Kwarning: [m[Ktype qualifiers ignored on function return type [[01;35m[K-Wignored-qualifiers[m[K]
[1.555s]    25 |    constexpr [01;35m[Kconst[m[K value_t cx(long double v) { return static_cast<value_t>(v); }
[1.555s]       |              [01;35m[K^~~~~[m[K
[1.555s] [01m[K/robot/Automan-hunter/Workspace/ros2_ws/src/hunter_ros/hunter_base/ascent/include/ascent/Utility.h:26:14:[m[K [01;35m[Kwarning: [m[Ktype qualifiers ignored on function return type [[01;35m[K-Wignored-qualifiers[m[K]
[1.555s]    26 |    constexpr [01;35m[Kconst[m[K value_t operator"" _v(long double v) { return static_cast<value_t>(v); }
[1.555s]       |              [01;35m[K^~~~~[m[K
[1.593s] [01m[K/robot/Automan-hunter/Workspace/ros2_ws/src/hunter_ros/hunter_base/src/hunter_base_ros.cpp:[m[K In member function ‘[01m[Kvoid westonrobot::HunterBaseRos::Run()[m[K’:
[1.593s] [01m[K/robot/Automan-hunter/Workspace/ros2_ws/src/hunter_ros/hunter_base/src/hunter_base_ros.cpp:47:105:[m[K [01;31m[Kerror: [m[Kno matching function for call to ‘[01m[Kstd::unique_ptr<westonrobot::HunterROSMessenger>::unique_ptr(westonrobot::HunterBase&, westonrobot::HunterBaseRos*)[m[K’
[1.594s]    47 |     std::unique_ptr<HunterROSMessenger> messenger = new std::unique_ptr<HunterROSMessenger>(robot_, this[01;31m[K)[m[K);
[1.594s]       |                                                                                                         [01;31m[K^[m[K
[1.594s] In file included from [01m[K/usr/include/c++/9/memory:80[m[K,
[1.594s]                  from [01m[K/robot/Automan-hunter/Workspace/ros2_ws/src/hunter_ros/hunter_base/include/hunter_base/hunter_base_ros.hpp:14[m[K,
[1.594s]                  from [01m[K/robot/Automan-hunter/Workspace/ros2_ws/src/hunter_ros/hunter_base/src/hunter_base_ros.cpp:10[m[K:
[1.594s] [01m[K/usr/include/c++/9/bits/unique_ptr.h:281:2:[m[K [01;36m[Knote: [m[Kcandidate: ‘[01m[Ktemplate<class _Up, class> std::unique_ptr<_Tp, _Dp>::unique_ptr(std::auto_ptr<_Up>&&)[m[K’
[1.594s]   281 |  [01;36m[Kunique_ptr[m[K(auto_ptr<_Up>&& __u) noexcept;
[1.594s]       |  [01;36m[K^~~~~~~~~~[m[K
[1.594s] [01m[K/usr/include/c++/9/bits/unique_ptr.h:281:2:[m[K [01;36m[Knote: [m[K  template argument deduction/substitution failed:
[1.594s] [01m[K/robot/Automan-hunter/Workspace/ros2_ws/src/hunter_ros/hunter_base/src/hunter_base_ros.cpp:47:105:[m[K [01;36m[Knote: [m[K  ‘[01m[Kwestonrobot::HunterBase[m[K’ is not derived from ‘[01m[Kstd::auto_ptr<_Up>[m[K’
[1.594s]    47 |     std::unique_ptr<HunterROSMessenger> messenger = new std::unique_ptr<HunterROSMessenger>(robot_, this[01;36m[K)[m[K);
[1.594s]       |                                                                                                         [01;36m[K^[m[K
[1.594s] In file included from [01m[K/usr/include/c++/9/memory:80[m[K,
[1.594s]                  from [01m[K/robot/Automan-hunter/Workspace/ros2_ws/src/hunter_ros/hunter_base/include/hunter_base/hunter_base_ros.hpp:14[m[K,
[1.594s]                  from [01m[K/robot/Automan-hunter/Workspace/ros2_ws/src/hunter_ros/hunter_base/src/hunter_base_ros.cpp:10[m[K:
[1.594s] [01m[K/usr/include/c++/9/bits/unique_ptr.h:271:2:[m[K [01;36m[Knote: [m[Kcandidate: ‘[01m[Ktemplate<class _Up, class _Ep, class> std::unique_ptr<_Tp, _Dp>::unique_ptr(std::unique_ptr<_Up, _Ep>&&)[m[K’
[1.594s]   271 |  [01;36m[Kunique_ptr[m[K(unique_ptr<_Up, _Ep>&& __u) noexcept
[1.594s]       |  [01;36m[K^~~~~~~~~~[m[K
[1.594s] [01m[K/usr/include/c++/9/bits/unique_ptr.h:271:2:[m[K [01;36m[Knote: [m[K  template argument deduction/substitution failed:
[1.594s] [01m[K/robot/Automan-hunter/Workspace/ros2_ws/src/hunter_ros/hunter_base/src/hunter_base_ros.cpp:47:105:[m[K [01;36m[Knote: [m[K  ‘[01m[Kwestonrobot::HunterBase[m[K’ is not derived from ‘[01m[Kstd::unique_ptr<_Tp, _Dp>[m[K’
[1.594s]    47 |     std::unique_ptr<HunterROSMessenger> messenger = new std::unique_ptr<HunterROSMessenger>(robot_, this[01;36m[K)[m[K);
[1.594s]       |                                                                                                         [01;36m[K^[m[K
[1.594s] In file included from [01m[K/usr/include/c++/9/memory:80[m[K,
[1.594s]                  from [01m[K/robot/Automan-hunter/Workspace/ros2_ws/src/hunter_ros/hunter_base/include/hunter_base/hunter_base_ros.hpp:14[m[K,
[1.594s]                  from [01m[K/robot/Automan-hunter/Workspace/ros2_ws/src/hunter_ros/hunter_base/src/hunter_base_ros.cpp:10[m[K:
[1.594s] [01m[K/usr/include/c++/9/bits/unique_ptr.h:257:7:[m[K [01;36m[Knote: [m[Kcandidate: ‘[01m[Kstd::unique_ptr<_Tp, _Dp>::unique_ptr(std::unique_ptr<_Tp, _Dp>&&) [with _Tp = westonrobot::HunterROSMessenger; _Dp = std::default_delete<westonrobot::HunterROSMessenger>][m[K’
[1.595s]   257 |       [01;36m[Kunique_ptr[m[K(unique_ptr&& __u) noexcept
[1.595s]       |       [01;36m[K^~~~~~~~~~[m[K
[1.595s] [01m[K/usr/include/c++/9/bits/unique_ptr.h:257:7:[m[K [01;36m[Knote: [m[K  candidate expects 1 argument, 2 provided
[1.595s] [01m[K/usr/include/c++/9/bits/unique_ptr.h:250:12:[m[K [01;36m[Knote: [m[Kcandidate: ‘[01m[Ktemplate<class _Del, class> constexpr std::unique_ptr<_Tp, _Dp>::unique_ptr(std::nullptr_t)[m[K’
[1.595s]   250 |  constexpr [01;36m[Kunique_ptr[m[K(nullptr_t) noexcept
[1.595s]       |            [01;36m[K^~~~~~~~~~[m[K
[1.595s] [01m[K/usr/include/c++/9/bits/unique_ptr.h:250:12:[m[K [01;36m[Knote: [m[K  template argument deduction/substitution failed:
[1.595s] [01m[K/robot/Automan-hunter/Workspace/ros2_ws/src/hunter_ros/hunter_base/src/hunter_base_ros.cpp:47:105:[m[K [01;36m[Knote: [m[K  candidate expects 1 argument, 2 provided
[1.595s]    47 |     std::unique_ptr<HunterROSMessenger> messenger = new std::unique_ptr<HunterROSMessenger>(robot_, this[01;36m[K)[m[K);
[1.595s]       |                                                                                                         [01;36m[K^[m[K
[1.595s] In file included from [01m[K/usr/include/c++/9/memory:80[m[K,
[1.595s]                  from [01m[K/robot/Automan-hunter/Workspace/ros2_ws/src/hunter_ros/hunter_base/include/hunter_base/hunter_base_ros.hpp:14[m[K,
[1.595s]                  from [01m[K/robot/Automan-hunter/Workspace/ros2_ws/src/hunter_ros/hunter_base/src/hunter_base_ros.cpp:10[m[K:
[1.595s] [01m[K/usr/include/c++/9/bits/unique_ptr.h:244:2:[m[K [01;36m[Knote: [m[Kcandidate: ‘[01m[Ktemplate<class _Del, class _DelUnref> std::unique_ptr<_Tp, _Dp>::unique_ptr(std::unique_ptr<_Tp, _Dp>::pointer, std::__enable_if_t<std::is_lvalue_reference<_Del>::value, _DelUnref&&>)[m[K’ <deleted>
[1.595s]   244 |  [01;36m[Kunique_ptr[m[K(pointer,
[1.595s]       |  [01;36m[K^~~~~~~~~~[m[K
[1.595s] [01m[K/usr/include/c++/9/bits/unique_ptr.h:244:2:[m[K [01;36m[Knote: [m[K  template argument deduction/substitution failed:
[1.595s] [01m[K/robot/Automan-hunter/Workspace/ros2_ws/src/hunter_ros/hunter_base/src/hunter_base_ros.cpp:47:93:[m[K [01;36m[Knote: [m[K  cannot convert ‘[01m[K((westonrobot::HunterBaseRos*)this)->westonrobot::HunterBaseRos::robot_[m[K’ (type ‘[01m[Kwestonrobot::HunterBase[m[K’) to type ‘[01m[Kstd::unique_ptr<westonrobot::HunterROSMessenger>::pointer[m[K’ {aka ‘[01m[Kwestonrobot::HunterROSMessenger*[m[K’}
[1.595s]    47 |     std::unique_ptr<HunterROSMessenger> messenger = new std::unique_ptr<HunterROSMessenger>([01;36m[Krobot_[m[K, this));
[1.595s]       |                                                                                             [01;36m[K^~~~~~[m[K
[1.595s] In file included from [01m[K/usr/include/c++/9/memory:80[m[K,
[1.595s]                  from [01m[K/robot/Automan-hunter/Workspace/ros2_ws/src/hunter_ros/hunter_base/include/hunter_base/hunter_base_ros.hpp:14[m[K,
[1.595s]                  from [01m[K/robot/Automan-hunter/Workspace/ros2_ws/src/hunter_ros/hunter_base/src/hunter_base_ros.cpp:10[m[K:
[1.595s] [01m[K/usr/include/c++/9/bits/unique_ptr.h:236:2:[m[K [01;36m[Knote: [m[Kcandidate: ‘[01m[Ktemplate<class _Del, class> std::unique_ptr<_Tp, _Dp>::unique_ptr(std::unique_ptr<_Tp, _Dp>::pointer, std::__enable_if_t<(! std::is_lvalue_reference<_Del>::value), _Del&&>)[m[K’
[1.595s]   236 |  [01;36m[Kunique_ptr[m[K(pointer __p,
[1.595s]       |  [01;36m[K^~~~~~~~~~[m[K
[1.596s] [01m[K/usr/include/c++/9/bits/unique_ptr.h:236:2:[m[K [01;36m[Knote: [m[K  template argument deduction/substitution failed:
[1.596s] [01m[K/robot/Automan-hunter/Workspace/ros2_ws/src/hunter_ros/hunter_base/src/hunter_base_ros.cpp:47:93:[m[K [01;36m[Knote: [m[K  cannot convert ‘[01m[K((westonrobot::HunterBaseRos*)this)->westonrobot::HunterBaseRos::robot_[m[K’ (type ‘[01m[Kwestonrobot::HunterBase[m[K’) to type ‘[01m[Kstd::unique_ptr<westonrobot::HunterROSMessenger>::pointer[m[K’ {aka ‘[01m[Kwestonrobot::HunterROSMessenger*[m[K’}
[1.596s]    47 |     std::unique_ptr<HunterROSMessenger> messenger = new std::unique_ptr<HunterROSMessenger>([01;36m[Krobot_[m[K, this));
[1.596s]       |                                                                                             [01;36m[K^~~~~~[m[K
[1.596s] In file included from [01m[K/usr/include/c++/9/memory:80[m[K,
[1.596s]                  from [01m[K/robot/Automan-hunter/Workspace/ros2_ws/src/hunter_ros/hunter_base/include/hunter_base/hunter_base_ros.hpp:14[m[K,
[1.596s]                  from [01m[K/robot/Automan-hunter/Workspace/ros2_ws/src/hunter_ros/hunter_base/src/hunter_base_ros.cpp:10[m[K:
[1.596s] [01m[K/usr/include/c++/9/bits/unique_ptr.h:224:2:[m[K [01;36m[Knote: [m[Kcandidate: ‘[01m[Ktemplate<class _Del, class> std::unique_ptr<_Tp, _Dp>::unique_ptr(std::unique_ptr<_Tp, _Dp>::pointer, const deleter_type&)[m[K’
[1.596s]   224 |  [01;36m[Kunique_ptr[m[K(pointer __p, const deleter_type& __d) noexcept
[1.596s]       |  [01;36m[K^~~~~~~~~~[m[K
[1.596s] [01m[K/usr/include/c++/9/bits/unique_ptr.h:224:2:[m[K [01;36m[Knote: [m[K  template argument deduction/substitution failed:
[1.596s] [01m[K/robot/Automan-hunter/Workspace/ros2_ws/src/hunter_ros/hunter_base/src/hunter_base_ros.cpp:47:93:[m[K [01;36m[Knote: [m[K  cannot convert ‘[01m[K((westonrobot::HunterBaseRos*)this)->westonrobot::HunterBaseRos::robot_[m[K’ (type ‘[01m[Kwestonrobot::HunterBase[m[K’) to type ‘[01m[Kstd::unique_ptr<westonrobot::HunterROSMessenger>::pointer[m[K’ {aka ‘[01m[Kwestonrobot::HunterROSMessenger*[m[K’}
[1.596s]    47 |     std::unique_ptr<HunterROSMessenger> messenger = new std::unique_ptr<HunterROSMessenger>([01;36m[Krobot_[m[K, this));
[1.596s]       |                                                                                             [01;36m[K^~~~~~[m[K
[1.596s] In file included from [01m[K/usr/include/c++/9/memory:80[m[K,
[1.596s]                  from [01m[K/robot/Automan-hunter/Workspace/ros2_ws/src/hunter_ros/hunter_base/include/hunter_base/hunter_base_ros.hpp:14[m[K,
[1.596s]                  from [01m[K/robot/Automan-hunter/Workspace/ros2_ws/src/hunter_ros/hunter_base/src/hunter_base_ros.cpp:10[m[K:
[1.596s] [01m[K/usr/include/c++/9/bits/unique_ptr.h:211:2:[m[K [01;36m[Knote: [m[Kcandidate: ‘[01m[Ktemplate<class _Del, class> std::unique_ptr<_Tp, _Dp>::unique_ptr(std::unique_ptr<_Tp, _Dp>::pointer)[m[K’
[1.596s]   211 |  [01;36m[Kunique_ptr[m[K(pointer __p) noexcept
[1.596s]       |  [01;36m[K^~~~~~~~~~[m[K
[1.596s] [01m[K/usr/include/c++/9/bits/unique_ptr.h:211:2:[m[K [01;36m[Knote: [m[K  template argument deduction/substitution failed:
[1.596s] [01m[K/robot/Automan-hunter/Workspace/ros2_ws/src/hunter_ros/hunter_base/src/hunter_base_ros.cpp:47:105:[m[K [01;36m[Knote: [m[K  candidate expects 1 argument, 2 provided
[1.596s]    47 |     std::unique_ptr<HunterROSMessenger> messenger = new std::unique_ptr<HunterROSMessenger>(robot_, this[01;36m[K)[m[K);
[1.596s]       |                                                                                                         [01;36m[K^[m[K
[1.596s] In file included from [01m[K/usr/include/c++/9/memory:80[m[K,
[1.596s]                  from [01m[K/robot/Automan-hunter/Workspace/ros2_ws/src/hunter_ros/hunter_base/include/hunter_base/hunter_base_ros.hpp:14[m[K,
[1.596s]                  from [01m[K/robot/Automan-hunter/Workspace/ros2_ws/src/hunter_ros/hunter_base/src/hunter_base_ros.cpp:10[m[K:
[1.597s] [01m[K/usr/include/c++/9/bits/unique_ptr.h:199:12:[m[K [01;36m[Knote: [m[Kcandidate: ‘[01m[Ktemplate<class _Del, class> constexpr std::unique_ptr<_Tp, _Dp>::unique_ptr()[m[K’
[1.597s]   199 |  constexpr [01;36m[Kunique_ptr[m[K() noexcept
[1.597s]       |            [01;36m[K^~~~~~~~~~[m[K
[1.597s] [01m[K/usr/include/c++/9/bits/unique_ptr.h:199:12:[m[K [01;36m[Knote: [m[K  template argument deduction/substitution failed:
[1.597s] [01m[K/robot/Automan-hunter/Workspace/ros2_ws/src/hunter_ros/hunter_base/src/hunter_base_ros.cpp:47:105:[m[K [01;36m[Knote: [m[K  candidate expects 0 arguments, 2 provided
[1.597s]    47 |     std::unique_ptr<HunterROSMessenger> messenger = new std::unique_ptr<HunterROSMessenger>(robot_, this[01;36m[K)[m[K);
[1.597s]       |                                                                                                         [01;36m[K^[m[K
[1.597s] [01m[K/robot/Automan-hunter/Workspace/ros2_ws/src/hunter_ros/hunter_base/src/hunter_base_ros.cpp:54:19:[m[K [01;31m[Kerror: [m[Kbase operand of ‘[01m[K->[m[K’ has non-pointer type ‘[01m[Kwestonrobot::HunterBase[m[K’
[1.597s]    54 |         if (robot_[01;31m[K->[m[KConnect(port_name_)) {
[1.597s]       |                   [01;31m[K^~[m[K
[1.673s] In file included from [01m[K/robot/Automan-hunter/Workspace/ros2_ws/src/hunter_ros/hunter_base/src/hunter_messenger.cpp:17[m[K:
[1.673s] /robot/Automan-hunter/Workspace/ros2_ws/src/hunter_ros/hunter_base/include/hunter_base/hunter_messenger.hpp: In instantiation of ‘[01m[Kasc::state_t westonrobot::SystemPropagator<SystemModel>::Propagate(asc::state_t, typename SystemModel::control_t, double, double, double) [with SystemModel = westonrobot::BicycleKinematics; asc::state_t = std::vector<double, std::allocator<double> >; typename SystemModel::control_t = westonrobot::BicycleKinematics::CtrlInput][m[K’:
[1.673s] [01m[K/robot/Automan-hunter/Workspace/ros2_ws/src/hunter_ros/hunter_base/src/hunter_messenger.cpp:173:73:[m[K   required from here
[1.673s] [01m[K/robot/Automan-hunter/Workspace/ros2_ws/src/hunter_ros/hunter_base/include/hunter_base/hunter_messenger.hpp:45:31:[m[K [01;31m[Kerror: [m[K‘[01m[KSystemMosdel[m[K’ was not declared in this scope
[1.673s]    45 |       integrator_([01;31m[KSystemMosdel(u)[m[K, x, t, dt);
[1.673s]       |                   [01;31m[K~~~~~~~~~~~~^~~[m[K
[1.959s] make[2]: *** [CMakeFiles/hunter_base_node.dir/build.make:76: CMakeFiles/hunter_base_node.dir/src/hunter_base_ros.cpp.o] Error 1
[1.959s] make[1]: *** [CMakeFiles/Makefile2:80: CMakeFiles/hunter_base_node.dir/all] Error 2
[1.959s] make[1]: *** Waiting for unfinished jobs....
[3.201s] make[2]: *** [CMakeFiles/hunter_messenger.dir/build.make:63: CMakeFiles/hunter_messenger.dir/src/hunter_messenger.cpp.o] Error 1
[3.202s] make[1]: *** [CMakeFiles/Makefile2:107: CMakeFiles/hunter_messenger.dir/all] Error 2
[3.202s] make: *** [Makefile:141: all] Error 2
[3.203s] Invoked command in '/robot/Automan-hunter/Workspace/ros2_ws/build/hunter_base' returned '2': CMAKE_PREFIX_PATH=${CMAKE_PREFIX_PATH}:/opt/ros/foxy LD_LIBRARY_PATH=/robot/Automan-hunter/Workspace/ros2_ws/install/hunter_msgs/lib:/robot/Automan-hunter/Workspace/ros2_ws/install/wrp_sdk/lib:/opt/ros/foxy/opt/yaml_cpp_vendor/lib:/opt/ros/foxy/opt/rviz_ogre_vendor/lib:/opt/ros/foxy/lib/x86_64-linux-gnu:/opt/ros/foxy/lib:/usr/local/cuda/lib64:/usr/local/cuda/extras/CUPTI/lib64 /usr/bin/cmake --build /robot/Automan-hunter/Workspace/ros2_ws/build/hunter_base -- -j24 -l24
