-- Found ament_cmake: 0.9.9 (/opt/ros/foxy/share/ament_cmake/cmake)
-- Using PYTHON_EXECUTABLE: /usr/bin/python3
-- Found rclcpp: 2.4.0 (/opt/ros/foxy/share/rclcpp/cmake)
-- Using all available rosidl_typesupport_c: rosidl_typesupport_fastrtps_c;rosidl_typesupport_introspection_c
-- Found rosidl_adapter: 1.2.1 (/opt/ros/foxy/share/rosidl_adapter/cmake)
-- Using all available rosidl_typesupport_cpp: rosidl_typesupport_fastrtps_cpp;rosidl_typesupport_introspection_cpp
-- Found rmw_implementation_cmake: 1.0.3 (/opt/ros/foxy/share/rmw_implementation_cmake/cmake)
-- Using RMW implementation 'rmw_fastrtps_cpp' as default
-- Found sensor_msgs: 2.0.4 (/opt/ros/foxy/share/sensor_msgs/cmake)
-- Found nav_msgs: 2.0.4 (/opt/ros/foxy/share/nav_msgs/cmake)
-- Found tf2: 0.13.12 (/opt/ros/foxy/share/tf2/cmake)
-- Found tf2_ros: 0.13.12 (/opt/ros/foxy/share/tf2_ros/cmake)
-- Found hunter_msgs: 0.0.0 (/robot/Automan-hunter/Workspace/ros2_ws/install/hunter_msgs/share/hunter_msgs/cmake)
-- Found wrp_sdk: 0.3.3 (/robot/Automan-hunter/Workspace/ros2_ws/install/wrp_sdk/share/wrp_sdk/cmake)
-- Configuring done
-- Generating done
-- Build files have been written to: /robot/Automan-hunter/Workspace/ros2_ws/build/hunter_base
[35m[1mScanning dependencies of target hunter_base_node[0m
[ 37%] Built target hunter_messenger
[ 50%] [32mBuilding CXX object CMakeFiles/hunter_base_node.dir/src/hunter_messenger.cpp.o[0m
[ 62%] [32mBuilding CXX object CMakeFiles/hunter_base_node.dir/src/bicycle_model.cpp.o[0m
[ 75%] [32m[1mLinking CXX executable hunter_base_node[0m
