-- The C compiler identification is GNU 9.3.0
-- The CXX compiler identification is GNU 9.3.0
-- Check for working C compiler: /usr/bin/cc
-- Check for working C compiler: /usr/bin/cc -- works
-- Detecting C compiler ABI info
-- Detecting C compiler ABI info - done
-- Detecting C compile features
-- Detecting C compile features - done
-- Check for working CXX compiler: /usr/bin/c++
-- Check for working CXX compiler: /usr/bin/c++ -- works
-- Detecting CXX compiler ABI info
-- Detecting CXX compiler ABI info - done
-- Detecting CXX compile features
-- Detecting CXX compile features - done
-- Found ament_cmake: 0.9.9 (/opt/ros/foxy/share/ament_cmake/cmake)
-- Found PythonInterp: /usr/bin/python3 (found suitable version "3.8.10", minimum required is "3") 
-- Using PYTHON_EXECUTABLE: /usr/bin/python3
-- Found rosidl_default_generators: 1.0.1 (/opt/ros/foxy/share/rosidl_default_generators/cmake)
-- Using all available rosidl_typesupport_c: rosidl_typesupport_fastrtps_c;rosidl_typesupport_introspection_c
-- Found rosidl_adapter: 1.2.1 (/opt/ros/foxy/share/rosidl_adapter/cmake)
-- Found OpenSSL: /usr/lib/x86_64-linux-gnu/libcrypto.so (found version "1.1.1f")  
-- Found FastRTPS: /opt/ros/foxy/include  
-- Using all available rosidl_typesupport_cpp: rosidl_typesupport_fastrtps_cpp;rosidl_typesupport_introspection_cpp
-- Found std_msgs: 2.0.4 (/opt/ros/foxy/share/std_msgs/cmake)
-- Found PythonInterp: /usr/bin/python3 (found version "3.8.10") 
-- Found ament_cmake_ros: 0.9.2 (/opt/ros/foxy/share/ament_cmake_ros/cmake)
-- Using all available rosidl_typesupport_c: rosidl_typesupport_fastrtps_c;rosidl_typesupport_introspection_c
-- Using all available rosidl_typesupport_cpp: rosidl_typesupport_fastrtps_cpp;rosidl_typesupport_introspection_cpp
-- Found PythonInterp: /usr/bin/python3 (found suitable version "3.8.10", minimum required is "3.5") 
-- Found python_cmake_module: 0.8.1 (/opt/ros/foxy/share/python_cmake_module/cmake)
-- Found PythonLibs: /usr/lib/x86_64-linux-gnu/libpython3.8.so (found suitable version "3.8.10", minimum required is "3.5") 
-- Using PYTHON_EXECUTABLE: /usr/bin/python3
-- Using PYTHON_INCLUDE_DIRS: /usr/include/python3.8
-- Using PYTHON_LIBRARIES: /usr/lib/x86_64-linux-gnu/libpython3.8.so
-- Found PythonExtra: .so  
-- Configuring done
-- Generating done
-- Build files have been written to: /robot/Automan-hunter/Workspace/ros2_ws/build/hunter_msgs
[35m[1mScanning dependencies of target hunter_msgs__cpp[0m
[  2%] [34m[1mGenerating C code for ROS interfaces[0m
[  5%] [34m[1mGenerating C++ code for ROS interfaces[0m
[  5%] Built target hunter_msgs__cpp
[35m[1mScanning dependencies of target hunter_msgs__rosidl_generator_c[0m
[  7%] [34m[1mGenerating C++ type support for eProsima Fast-RTPS[0m
[ 10%] [34m[1mGenerating C++ introspection for ROS interfaces[0m
[ 12%] [32mBuilding C object CMakeFiles/hunter_msgs__rosidl_generator_c.dir/rosidl_generator_c/hunter_msgs/msg/detail/hunter_status__functions.c.o[0m
[ 15%] [34m[1mGenerating C++ type support dispatch for ROS interfaces[0m
[ 17%] [32mBuilding C object CMakeFiles/hunter_msgs__rosidl_generator_c.dir/rosidl_generator_c/hunter_msgs/msg/detail/hunter_motor_state__functions.c.o[0m
[ 20%] [32m[1mLinking C shared library libhunter_msgs__rosidl_generator_c.so[0m
[ 20%] Built target hunter_msgs__rosidl_generator_c
[ 23%] [34m[1mGenerating C introspection for ROS interfaces[0m
[ 25%] [34m[1mGenerating C type support dispatch for ROS interfaces[0m
[35m[1mScanning dependencies of target hunter_msgs__rosidl_typesupport_cpp[0m
[ 28%] [32mBuilding CXX object CMakeFiles/hunter_msgs__rosidl_typesupport_cpp.dir/rosidl_typesupport_cpp/hunter_msgs/msg/hunter_status__type_support.cpp.o[0m
[ 30%] [32mBuilding CXX object CMakeFiles/hunter_msgs__rosidl_typesupport_cpp.dir/rosidl_typesupport_cpp/hunter_msgs/msg/hunter_motor_state__type_support.cpp.o[0m
[35m[1mScanning dependencies of target hunter_msgs__rosidl_typesupport_introspection_cpp[0m
[35m[1mScanning dependencies of target hunter_msgs__rosidl_typesupport_fastrtps_cpp[0m
[ 33%] [32mBuilding CXX object CMakeFiles/hunter_msgs__rosidl_typesupport_introspection_cpp.dir/rosidl_typesupport_introspection_cpp/hunter_msgs/msg/detail/hunter_status__type_support.cpp.o[0m
[ 35%] [32mBuilding CXX object CMakeFiles/hunter_msgs__rosidl_typesupport_introspection_cpp.dir/rosidl_typesupport_introspection_cpp/hunter_msgs/msg/detail/hunter_motor_state__type_support.cpp.o[0m
[ 38%] [32mBuilding CXX object CMakeFiles/hunter_msgs__rosidl_typesupport_fastrtps_cpp.dir/rosidl_typesupport_fastrtps_cpp/hunter_msgs/msg/detail/dds_fastrtps/hunter_status__type_support.cpp.o[0m
[ 41%] [32mBuilding CXX object CMakeFiles/hunter_msgs__rosidl_typesupport_fastrtps_cpp.dir/rosidl_typesupport_fastrtps_cpp/hunter_msgs/msg/detail/dds_fastrtps/hunter_motor_state__type_support.cpp.o[0m
[35m[1mScanning dependencies of target hunter_msgs__rosidl_typesupport_c[0m
[ 43%] [32mBuilding CXX object CMakeFiles/hunter_msgs__rosidl_typesupport_c.dir/rosidl_typesupport_c/hunter_msgs/msg/hunter_status__type_support.cpp.o[0m
[35m[1mScanning dependencies of target hunter_msgs__rosidl_typesupport_introspection_c[0m
[ 46%] [32mBuilding CXX object CMakeFiles/hunter_msgs__rosidl_typesupport_c.dir/rosidl_typesupport_c/hunter_msgs/msg/hunter_motor_state__type_support.cpp.o[0m
[ 48%] [32mBuilding C object CMakeFiles/hunter_msgs__rosidl_typesupport_introspection_c.dir/rosidl_typesupport_introspection_c/hunter_msgs/msg/detail/hunter_motor_state__type_support.c.o[0m
[ 51%] [32mBuilding C object CMakeFiles/hunter_msgs__rosidl_typesupport_introspection_c.dir/rosidl_typesupport_introspection_c/hunter_msgs/msg/detail/hunter_status__type_support.c.o[0m
[ 53%] [32m[1mLinking CXX shared library libhunter_msgs__rosidl_typesupport_c.so[0m
[ 56%] [32m[1mLinking C shared library libhunter_msgs__rosidl_typesupport_introspection_c.so[0m
[ 56%] Built target hunter_msgs__rosidl_typesupport_c
[ 56%] Built target hunter_msgs__rosidl_typesupport_introspection_c
[ 58%] [32m[1mLinking CXX shared library libhunter_msgs__rosidl_typesupport_cpp.so[0m
[ 58%] Built target hunter_msgs__rosidl_typesupport_cpp
[ 61%] [32m[1mLinking CXX shared library libhunter_msgs__rosidl_typesupport_introspection_cpp.so[0m
[ 61%] Built target hunter_msgs__rosidl_typesupport_introspection_cpp
[ 64%] [32m[1mLinking CXX shared library libhunter_msgs__rosidl_typesupport_fastrtps_cpp.so[0m
[ 64%] Built target hunter_msgs__rosidl_typesupport_fastrtps_cpp
[ 66%] [34m[1mGenerating C type support for eProsima Fast-RTPS[0m
[35m[1mScanning dependencies of target hunter_msgs__rosidl_typesupport_fastrtps_c[0m
[ 69%] [32mBuilding CXX object CMakeFiles/hunter_msgs__rosidl_typesupport_fastrtps_c.dir/rosidl_typesupport_fastrtps_c/hunter_msgs/msg/detail/hunter_status__type_support_c.cpp.o[0m
[ 71%] [32mBuilding CXX object CMakeFiles/hunter_msgs__rosidl_typesupport_fastrtps_c.dir/rosidl_typesupport_fastrtps_c/hunter_msgs/msg/detail/hunter_motor_state__type_support_c.cpp.o[0m
[ 74%] [32m[1mLinking CXX shared library libhunter_msgs__rosidl_typesupport_fastrtps_c.so[0m
[ 74%] Built target hunter_msgs__rosidl_typesupport_fastrtps_c
[35m[1mScanning dependencies of target hunter_msgs[0m
[ 74%] Built target hunter_msgs
[35m[1mScanning dependencies of target hunter_msgs__py[0m
[ 76%] [34m[1mGenerating Python code for ROS interfaces[0m
[ 76%] Built target hunter_msgs__py
[35m[1mScanning dependencies of target hunter_msgs__python[0m
[ 79%] [32mBuilding C object CMakeFiles/hunter_msgs__python.dir/rosidl_generator_py/hunter_msgs/msg/_hunter_status_s.c.o[0m
[ 82%] [32mBuilding C object CMakeFiles/hunter_msgs__python.dir/rosidl_generator_py/hunter_msgs/msg/_hunter_motor_state_s.c.o[0m
[ 84%] [32m[1mLinking C shared library rosidl_generator_py/hunter_msgs/libhunter_msgs__python.so[0m
[ 84%] Built target hunter_msgs__python
[35m[1mScanning dependencies of target hunter_msgs__rosidl_typesupport_c__pyext[0m
[35m[1mScanning dependencies of target hunter_msgs__rosidl_typesupport_fastrtps_c__pyext[0m
[35m[1mScanning dependencies of target hunter_msgs__rosidl_typesupport_introspection_c__pyext[0m
[ 87%] [32mBuilding C object CMakeFiles/hunter_msgs__rosidl_typesupport_c__pyext.dir/rosidl_generator_py/hunter_msgs/_hunter_msgs_s.ep.rosidl_typesupport_c.c.o[0m
[ 89%] [32mBuilding C object CMakeFiles/hunter_msgs__rosidl_typesupport_fastrtps_c__pyext.dir/rosidl_generator_py/hunter_msgs/_hunter_msgs_s.ep.rosidl_typesupport_fastrtps_c.c.o[0m
[ 92%] [32mBuilding C object CMakeFiles/hunter_msgs__rosidl_typesupport_introspection_c__pyext.dir/rosidl_generator_py/hunter_msgs/_hunter_msgs_s.ep.rosidl_typesupport_introspection_c.c.o[0m
[ 94%] [32m[1mLinking C shared library rosidl_generator_py/hunter_msgs/hunter_msgs_s__rosidl_typesupport_c.cpython-38-x86_64-linux-gnu.so[0m
[ 97%] [32m[1mLinking C shared library rosidl_generator_py/hunter_msgs/hunter_msgs_s__rosidl_typesupport_introspection_c.cpython-38-x86_64-linux-gnu.so[0m
[100%] [32m[1mLinking CXX shared library rosidl_generator_py/hunter_msgs/hunter_msgs_s__rosidl_typesupport_fastrtps_c.cpython-38-x86_64-linux-gnu.so[0m
[100%] Built target hunter_msgs__rosidl_typesupport_introspection_c__pyext
[100%] Built target hunter_msgs__rosidl_typesupport_c__pyext
[100%] Built target hunter_msgs__rosidl_typesupport_fastrtps_c__pyext
-- Install configuration: ""
-- Installing: /robot/Automan-hunter/Workspace/ros2_ws/install/hunter_msgs/share/ament_index/resource_index/rosidl_interfaces/hunter_msgs
-- Installing: /robot/Automan-hunter/Workspace/ros2_ws/install/hunter_msgs/include/hunter_msgs
-- Installing: /robot/Automan-hunter/Workspace/ros2_ws/install/hunter_msgs/include/hunter_msgs/msg
-- Installing: /robot/Automan-hunter/Workspace/ros2_ws/install/hunter_msgs/include/hunter_msgs/msg/detail
-- Installing: /robot/Automan-hunter/Workspace/ros2_ws/install/hunter_msgs/include/hunter_msgs/msg/detail/hunter_status__type_support.h
-- Installing: /robot/Automan-hunter/Workspace/ros2_ws/install/hunter_msgs/include/hunter_msgs/msg/detail/hunter_motor_state__functions.c
-- Installing: /robot/Automan-hunter/Workspace/ros2_ws/install/hunter_msgs/include/hunter_msgs/msg/detail/hunter_motor_state__struct.h
-- Installing: /robot/Automan-hunter/Workspace/ros2_ws/install/hunter_msgs/include/hunter_msgs/msg/detail/hunter_status__struct.h
-- Installing: /robot/Automan-hunter/Workspace/ros2_ws/install/hunter_msgs/include/hunter_msgs/msg/detail/hunter_motor_state__functions.h
-- Installing: /robot/Automan-hunter/Workspace/ros2_ws/install/hunter_msgs/include/hunter_msgs/msg/detail/hunter_motor_state__type_support.h
-- Installing: /robot/Automan-hunter/Workspace/ros2_ws/install/hunter_msgs/include/hunter_msgs/msg/detail/hunter_status__functions.c
-- Installing: /robot/Automan-hunter/Workspace/ros2_ws/install/hunter_msgs/include/hunter_msgs/msg/detail/hunter_status__functions.h
-- Installing: /robot/Automan-hunter/Workspace/ros2_ws/install/hunter_msgs/include/hunter_msgs/msg/hunter_motor_state.h
-- Installing: /robot/Automan-hunter/Workspace/ros2_ws/install/hunter_msgs/include/hunter_msgs/msg/hunter_status.h
-- Installing: /robot/Automan-hunter/Workspace/ros2_ws/install/hunter_msgs/include/hunter_msgs/msg/rosidl_generator_c__visibility_control.h
-- Installing: /robot/Automan-hunter/Workspace/ros2_ws/install/hunter_msgs/share/hunter_msgs/environment/library_path.sh
-- Installing: /robot/Automan-hunter/Workspace/ros2_ws/install/hunter_msgs/share/hunter_msgs/environment/library_path.dsv
-- Installing: /robot/Automan-hunter/Workspace/ros2_ws/install/hunter_msgs/lib/libhunter_msgs__rosidl_generator_c.so
-- Set runtime path of "/robot/Automan-hunter/Workspace/ros2_ws/install/hunter_msgs/lib/libhunter_msgs__rosidl_generator_c.so" to ""
-- Up-to-date: /robot/Automan-hunter/Workspace/ros2_ws/install/hunter_msgs/include/hunter_msgs
-- Up-to-date: /robot/Automan-hunter/Workspace/ros2_ws/install/hunter_msgs/include/hunter_msgs/msg
-- Installing: /robot/Automan-hunter/Workspace/ros2_ws/install/hunter_msgs/include/hunter_msgs/msg/rosidl_typesupport_fastrtps_c__visibility_control.h
-- Up-to-date: /robot/Automan-hunter/Workspace/ros2_ws/install/hunter_msgs/include/hunter_msgs/msg/detail
-- Installing: /robot/Automan-hunter/Workspace/ros2_ws/install/hunter_msgs/include/hunter_msgs/msg/detail/hunter_status__rosidl_typesupport_fastrtps_c.h
-- Installing: /robot/Automan-hunter/Workspace/ros2_ws/install/hunter_msgs/include/hunter_msgs/msg/detail/hunter_motor_state__rosidl_typesupport_fastrtps_c.h
-- Installing: /robot/Automan-hunter/Workspace/ros2_ws/install/hunter_msgs/lib/libhunter_msgs__rosidl_typesupport_fastrtps_c.so
-- Set runtime path of "/robot/Automan-hunter/Workspace/ros2_ws/install/hunter_msgs/lib/libhunter_msgs__rosidl_typesupport_fastrtps_c.so" to ""
-- Up-to-date: /robot/Automan-hunter/Workspace/ros2_ws/install/hunter_msgs/include/hunter_msgs
-- Up-to-date: /robot/Automan-hunter/Workspace/ros2_ws/install/hunter_msgs/include/hunter_msgs/msg
-- Installing: /robot/Automan-hunter/Workspace/ros2_ws/install/hunter_msgs/include/hunter_msgs/msg/rosidl_typesupport_fastrtps_cpp__visibility_control.h
-- Up-to-date: /robot/Automan-hunter/Workspace/ros2_ws/install/hunter_msgs/include/hunter_msgs/msg/detail
-- Installing: /robot/Automan-hunter/Workspace/ros2_ws/install/hunter_msgs/include/hunter_msgs/msg/detail/hunter_motor_state__rosidl_typesupport_fastrtps_cpp.hpp
-- Installing: /robot/Automan-hunter/Workspace/ros2_ws/install/hunter_msgs/include/hunter_msgs/msg/detail/dds_fastrtps
-- Installing: /robot/Automan-hunter/Workspace/ros2_ws/install/hunter_msgs/include/hunter_msgs/msg/detail/hunter_status__rosidl_typesupport_fastrtps_cpp.hpp
-- Installing: /robot/Automan-hunter/Workspace/ros2_ws/install/hunter_msgs/lib/libhunter_msgs__rosidl_typesupport_fastrtps_cpp.so
-- Set runtime path of "/robot/Automan-hunter/Workspace/ros2_ws/install/hunter_msgs/lib/libhunter_msgs__rosidl_typesupport_fastrtps_cpp.so" to ""
-- Up-to-date: /robot/Automan-hunter/Workspace/ros2_ws/install/hunter_msgs/include/hunter_msgs
-- Up-to-date: /robot/Automan-hunter/Workspace/ros2_ws/install/hunter_msgs/include/hunter_msgs/msg
-- Up-to-date: /robot/Automan-hunter/Workspace/ros2_ws/install/hunter_msgs/include/hunter_msgs/msg/detail
-- Installing: /robot/Automan-hunter/Workspace/ros2_ws/install/hunter_msgs/include/hunter_msgs/msg/detail/hunter_motor_state__type_support.c
-- Installing: /robot/Automan-hunter/Workspace/ros2_ws/install/hunter_msgs/include/hunter_msgs/msg/detail/hunter_status__rosidl_typesupport_introspection_c.h
-- Installing: /robot/Automan-hunter/Workspace/ros2_ws/install/hunter_msgs/include/hunter_msgs/msg/detail/hunter_motor_state__rosidl_typesupport_introspection_c.h
-- Installing: /robot/Automan-hunter/Workspace/ros2_ws/install/hunter_msgs/include/hunter_msgs/msg/detail/hunter_status__type_support.c
-- Installing: /robot/Automan-hunter/Workspace/ros2_ws/install/hunter_msgs/include/hunter_msgs/msg/rosidl_typesupport_introspection_c__visibility_control.h
-- Installing: /robot/Automan-hunter/Workspace/ros2_ws/install/hunter_msgs/lib/libhunter_msgs__rosidl_typesupport_introspection_c.so
-- Set runtime path of "/robot/Automan-hunter/Workspace/ros2_ws/install/hunter_msgs/lib/libhunter_msgs__rosidl_typesupport_introspection_c.so" to ""
-- Installing: /robot/Automan-hunter/Workspace/ros2_ws/install/hunter_msgs/lib/libhunter_msgs__rosidl_typesupport_c.so
-- Set runtime path of "/robot/Automan-hunter/Workspace/ros2_ws/install/hunter_msgs/lib/libhunter_msgs__rosidl_typesupport_c.so" to ""
-- Up-to-date: /robot/Automan-hunter/Workspace/ros2_ws/install/hunter_msgs/include/hunter_msgs
-- Up-to-date: /robot/Automan-hunter/Workspace/ros2_ws/install/hunter_msgs/include/hunter_msgs/msg
-- Installing: /robot/Automan-hunter/Workspace/ros2_ws/install/hunter_msgs/include/hunter_msgs/msg/hunter_motor_state.hpp
-- Up-to-date: /robot/Automan-hunter/Workspace/ros2_ws/install/hunter_msgs/include/hunter_msgs/msg/detail
-- Installing: /robot/Automan-hunter/Workspace/ros2_ws/install/hunter_msgs/include/hunter_msgs/msg/detail/hunter_motor_state__builder.hpp
-- Installing: /robot/Automan-hunter/Workspace/ros2_ws/install/hunter_msgs/include/hunter_msgs/msg/detail/hunter_motor_state__traits.hpp
-- Installing: /robot/Automan-hunter/Workspace/ros2_ws/install/hunter_msgs/include/hunter_msgs/msg/detail/hunter_status__builder.hpp
-- Installing: /robot/Automan-hunter/Workspace/ros2_ws/install/hunter_msgs/include/hunter_msgs/msg/detail/hunter_motor_state__struct.hpp
-- Installing: /robot/Automan-hunter/Workspace/ros2_ws/install/hunter_msgs/include/hunter_msgs/msg/detail/hunter_status__struct.hpp
-- Installing: /robot/Automan-hunter/Workspace/ros2_ws/install/hunter_msgs/include/hunter_msgs/msg/detail/hunter_status__traits.hpp
-- Installing: /robot/Automan-hunter/Workspace/ros2_ws/install/hunter_msgs/include/hunter_msgs/msg/hunter_status.hpp
-- Up-to-date: /robot/Automan-hunter/Workspace/ros2_ws/install/hunter_msgs/include/hunter_msgs
-- Up-to-date: /robot/Automan-hunter/Workspace/ros2_ws/install/hunter_msgs/include/hunter_msgs/msg
-- Up-to-date: /robot/Automan-hunter/Workspace/ros2_ws/install/hunter_msgs/include/hunter_msgs/msg/detail
-- Installing: /robot/Automan-hunter/Workspace/ros2_ws/install/hunter_msgs/include/hunter_msgs/msg/detail/hunter_motor_state__type_support.cpp
-- Installing: /robot/Automan-hunter/Workspace/ros2_ws/install/hunter_msgs/include/hunter_msgs/msg/detail/hunter_status__rosidl_typesupport_introspection_cpp.hpp
-- Installing: /robot/Automan-hunter/Workspace/ros2_ws/install/hunter_msgs/include/hunter_msgs/msg/detail/hunter_status__type_support.cpp
-- Installing: /robot/Automan-hunter/Workspace/ros2_ws/install/hunter_msgs/include/hunter_msgs/msg/detail/hunter_motor_state__rosidl_typesupport_introspection_cpp.hpp
-- Installing: /robot/Automan-hunter/Workspace/ros2_ws/install/hunter_msgs/lib/libhunter_msgs__rosidl_typesupport_introspection_cpp.so
-- Set runtime path of "/robot/Automan-hunter/Workspace/ros2_ws/install/hunter_msgs/lib/libhunter_msgs__rosidl_typesupport_introspection_cpp.so" to ""
-- Installing: /robot/Automan-hunter/Workspace/ros2_ws/install/hunter_msgs/lib/libhunter_msgs__rosidl_typesupport_cpp.so
-- Set runtime path of "/robot/Automan-hunter/Workspace/ros2_ws/install/hunter_msgs/lib/libhunter_msgs__rosidl_typesupport_cpp.so" to ""
-- Installing: /robot/Automan-hunter/Workspace/ros2_ws/install/hunter_msgs/share/hunter_msgs/environment/pythonpath.sh
-- Installing: /robot/Automan-hunter/Workspace/ros2_ws/install/hunter_msgs/share/hunter_msgs/environment/pythonpath.dsv
-- Installing: /robot/Automan-hunter/Workspace/ros2_ws/install/hunter_msgs/lib/python3.8/site-packages/hunter_msgs/__init__.py
Compiling '/robot/Automan-hunter/Workspace/ros2_ws/install/hunter_msgs/lib/python3.8/site-packages/hunter_msgs/__init__.py'...
-- Installing: /robot/Automan-hunter/Workspace/ros2_ws/install/hunter_msgs/lib/python3.8/site-packages/hunter_msgs/msg
-- Installing: /robot/Automan-hunter/Workspace/ros2_ws/install/hunter_msgs/lib/python3.8/site-packages/hunter_msgs/msg/_hunter_motor_state_s.c
-- Installing: /robot/Automan-hunter/Workspace/ros2_ws/install/hunter_msgs/lib/python3.8/site-packages/hunter_msgs/msg/_hunter_status.py
-- Installing: /robot/Automan-hunter/Workspace/ros2_ws/install/hunter_msgs/lib/python3.8/site-packages/hunter_msgs/msg/_hunter_status_s.c
-- Installing: /robot/Automan-hunter/Workspace/ros2_ws/install/hunter_msgs/lib/python3.8/site-packages/hunter_msgs/msg/__init__.py
-- Installing: /robot/Automan-hunter/Workspace/ros2_ws/install/hunter_msgs/lib/python3.8/site-packages/hunter_msgs/msg/_hunter_motor_state.py
-- Installing: /robot/Automan-hunter/Workspace/ros2_ws/install/hunter_msgs/lib/python3.8/site-packages/hunter_msgs/hunter_msgs_s__rosidl_typesupport_fastrtps_c.cpython-38-x86_64-linux-gnu.so
-- Set runtime path of "/robot/Automan-hunter/Workspace/ros2_ws/install/hunter_msgs/lib/python3.8/site-packages/hunter_msgs/hunter_msgs_s__rosidl_typesupport_fastrtps_c.cpython-38-x86_64-linux-gnu.so" to ""
-- Installing: /robot/Automan-hunter/Workspace/ros2_ws/install/hunter_msgs/lib/python3.8/site-packages/hunter_msgs/hunter_msgs_s__rosidl_typesupport_introspection_c.cpython-38-x86_64-linux-gnu.so
-- Set runtime path of "/robot/Automan-hunter/Workspace/ros2_ws/install/hunter_msgs/lib/python3.8/site-packages/hunter_msgs/hunter_msgs_s__rosidl_typesupport_introspection_c.cpython-38-x86_64-linux-gnu.so" to ""
-- Installing: /robot/Automan-hunter/Workspace/ros2_ws/install/hunter_msgs/lib/python3.8/site-packages/hunter_msgs/hunter_msgs_s__rosidl_typesupport_c.cpython-38-x86_64-linux-gnu.so
-- Set runtime path of "/robot/Automan-hunter/Workspace/ros2_ws/install/hunter_msgs/lib/python3.8/site-packages/hunter_msgs/hunter_msgs_s__rosidl_typesupport_c.cpython-38-x86_64-linux-gnu.so" to ""
-- Installing: /robot/Automan-hunter/Workspace/ros2_ws/install/hunter_msgs/lib/libhunter_msgs__python.so
-- Set runtime path of "/robot/Automan-hunter/Workspace/ros2_ws/install/hunter_msgs/lib/libhunter_msgs__python.so" to ""
-- Installing: /robot/Automan-hunter/Workspace/ros2_ws/install/hunter_msgs/share/hunter_msgs/msg/HunterStatus.idl
-- Installing: /robot/Automan-hunter/Workspace/ros2_ws/install/hunter_msgs/share/hunter_msgs/msg/HunterMotorState.idl
-- Installing: /robot/Automan-hunter/Workspace/ros2_ws/install/hunter_msgs/share/hunter_msgs/msg/HunterStatus.msg
-- Installing: /robot/Automan-hunter/Workspace/ros2_ws/install/hunter_msgs/share/hunter_msgs/msg/HunterMotorState.msg
-- Installing: /robot/Automan-hunter/Workspace/ros2_ws/install/hunter_msgs/share/ament_index/resource_index/package_run_dependencies/hunter_msgs
-- Installing: /robot/Automan-hunter/Workspace/ros2_ws/install/hunter_msgs/share/ament_index/resource_index/parent_prefix_path/hunter_msgs
-- Installing: /robot/Automan-hunter/Workspace/ros2_ws/install/hunter_msgs/share/hunter_msgs/environment/ament_prefix_path.sh
-- Installing: /robot/Automan-hunter/Workspace/ros2_ws/install/hunter_msgs/share/hunter_msgs/environment/ament_prefix_path.dsv
-- Installing: /robot/Automan-hunter/Workspace/ros2_ws/install/hunter_msgs/share/hunter_msgs/environment/path.sh
-- Installing: /robot/Automan-hunter/Workspace/ros2_ws/install/hunter_msgs/share/hunter_msgs/environment/path.dsv
-- Installing: /robot/Automan-hunter/Workspace/ros2_ws/install/hunter_msgs/share/hunter_msgs/local_setup.bash
-- Installing: /robot/Automan-hunter/Workspace/ros2_ws/install/hunter_msgs/share/hunter_msgs/local_setup.sh
-- Installing: /robot/Automan-hunter/Workspace/ros2_ws/install/hunter_msgs/share/hunter_msgs/local_setup.zsh
-- Installing: /robot/Automan-hunter/Workspace/ros2_ws/install/hunter_msgs/share/hunter_msgs/local_setup.dsv
-- Installing: /robot/Automan-hunter/Workspace/ros2_ws/install/hunter_msgs/share/hunter_msgs/package.dsv
-- Installing: /robot/Automan-hunter/Workspace/ros2_ws/install/hunter_msgs/share/ament_index/resource_index/packages/hunter_msgs
-- Installing: /robot/Automan-hunter/Workspace/ros2_ws/install/hunter_msgs/share/hunter_msgs/cmake/hunter_msgs__rosidl_generator_cExport.cmake
-- Installing: /robot/Automan-hunter/Workspace/ros2_ws/install/hunter_msgs/share/hunter_msgs/cmake/hunter_msgs__rosidl_generator_cExport-noconfig.cmake
-- Installing: /robot/Automan-hunter/Workspace/ros2_ws/install/hunter_msgs/share/hunter_msgs/cmake/hunter_msgs__rosidl_typesupport_introspection_cExport.cmake
-- Installing: /robot/Automan-hunter/Workspace/ros2_ws/install/hunter_msgs/share/hunter_msgs/cmake/hunter_msgs__rosidl_typesupport_introspection_cExport-noconfig.cmake
-- Installing: /robot/Automan-hunter/Workspace/ros2_ws/install/hunter_msgs/share/hunter_msgs/cmake/hunter_msgs__rosidl_typesupport_cExport.cmake
-- Installing: /robot/Automan-hunter/Workspace/ros2_ws/install/hunter_msgs/share/hunter_msgs/cmake/hunter_msgs__rosidl_typesupport_cExport-noconfig.cmake
-- Installing: /robot/Automan-hunter/Workspace/ros2_ws/install/hunter_msgs/share/hunter_msgs/cmake/hunter_msgs__rosidl_generator_cppExport.cmake
-- Installing: /robot/Automan-hunter/Workspace/ros2_ws/install/hunter_msgs/share/hunter_msgs/cmake/hunter_msgs__rosidl_typesupport_introspection_cppExport.cmake
-- Installing: /robot/Automan-hunter/Workspace/ros2_ws/install/hunter_msgs/share/hunter_msgs/cmake/hunter_msgs__rosidl_typesupport_introspection_cppExport-noconfig.cmake
-- Installing: /robot/Automan-hunter/Workspace/ros2_ws/install/hunter_msgs/share/hunter_msgs/cmake/hunter_msgs__rosidl_typesupport_cppExport.cmake
-- Installing: /robot/Automan-hunter/Workspace/ros2_ws/install/hunter_msgs/share/hunter_msgs/cmake/hunter_msgs__rosidl_typesupport_cppExport-noconfig.cmake
-- Installing: /robot/Automan-hunter/Workspace/ros2_ws/install/hunter_msgs/share/hunter_msgs/cmake/rosidl_cmake-extras.cmake
-- Installing: /robot/Automan-hunter/Workspace/ros2_ws/install/hunter_msgs/share/hunter_msgs/cmake/ament_cmake_export_dependencies-extras.cmake
-- Installing: /robot/Automan-hunter/Workspace/ros2_ws/install/hunter_msgs/share/hunter_msgs/cmake/ament_cmake_export_libraries-extras.cmake
-- Installing: /robot/Automan-hunter/Workspace/ros2_ws/install/hunter_msgs/share/hunter_msgs/cmake/ament_cmake_export_targets-extras.cmake
-- Installing: /robot/Automan-hunter/Workspace/ros2_ws/install/hunter_msgs/share/hunter_msgs/cmake/ament_cmake_export_include_directories-extras.cmake
-- Installing: /robot/Automan-hunter/Workspace/ros2_ws/install/hunter_msgs/share/hunter_msgs/cmake/rosidl_cmake_export_typesupport_libraries-extras.cmake
-- Installing: /robot/Automan-hunter/Workspace/ros2_ws/install/hunter_msgs/share/hunter_msgs/cmake/rosidl_cmake_export_typesupport_targets-extras.cmake
-- Installing: /robot/Automan-hunter/Workspace/ros2_ws/install/hunter_msgs/share/hunter_msgs/cmake/hunter_msgsConfig.cmake
-- Installing: /robot/Automan-hunter/Workspace/ros2_ws/install/hunter_msgs/share/hunter_msgs/cmake/hunter_msgsConfig-version.cmake
-- Installing: /robot/Automan-hunter/Workspace/ros2_ws/install/hunter_msgs/share/hunter_msgs/package.xml
