[0.009s] Invoking command in '/robot/Automan-hunter/Workspace/ros2_ws/build/hunter_msgs': CMAKE_PREFIX_PATH=${CMAKE_PREFIX_PATH}:/opt/ros/foxy /usr/bin/cmake /robot/Automan-hunter/Workspace/ros2_ws/src/hunter_ros/hunter_msgs -DCMAKE_INSTALL_PREFIX=/robot/Automan-hunter/Workspace/ros2_ws/install/hunter_msgs
[0.043s] -- The C compiler identification is GNU 9.3.0
[0.073s] -- The CXX compiler identification is GNU 9.3.0
[0.076s] -- Check for working C compiler: /usr/bin/cc
[0.115s] -- Check for working C compiler: /usr/bin/cc -- works
[0.115s] -- Detecting C compiler ABI info
[0.157s] -- Detecting C compiler ABI info - done
[0.164s] -- Detecting C compile features
[0.164s] -- Detecting C compile features - done
[0.166s] -- Check for working CXX compiler: /usr/bin/c++
[0.211s] -- Check for working CXX compiler: /usr/bin/c++ -- works
[0.212s] -- Detecting CXX compiler ABI info
[0.255s] -- Detecting CXX compiler ABI info - done
[0.263s] -- Detecting CXX compile features
[0.263s] -- Detecting CXX compile features - done
[0.264s] -- Found ament_cmake: 0.9.9 (/opt/ros/foxy/share/ament_cmake/cmake)
[0.278s] -- Found PythonInterp: /usr/bin/python3 (found suitable version "3.8.10", minimum required is "3") 
[0.279s] -- Using PYTHON_EXECUTABLE: /usr/bin/python3
[0.414s] -- Found rosidl_default_generators: 1.0.1 (/opt/ros/foxy/share/rosidl_default_generators/cmake)
[0.415s] -- Using all available rosidl_typesupport_c: rosidl_typesupport_fastrtps_c;rosidl_typesupport_introspection_c
[0.419s] -- Found rosidl_adapter: 1.2.1 (/opt/ros/foxy/share/rosidl_adapter/cmake)
[0.479s] -- Found OpenSSL: /usr/lib/x86_64-linux-gnu/libcrypto.so (found version "1.1.1f")  
[0.492s] -- Found FastRTPS: /opt/ros/foxy/include  
[0.537s] -- Using all available rosidl_typesupport_cpp: rosidl_typesupport_fastrtps_cpp;rosidl_typesupport_introspection_cpp
[0.554s] -- Found std_msgs: 2.0.4 (/opt/ros/foxy/share/std_msgs/cmake)
[0.589s] -- Found PythonInterp: /usr/bin/python3 (found version "3.8.10") 
[0.685s] -- Found ament_cmake_ros: 0.9.2 (/opt/ros/foxy/share/ament_cmake_ros/cmake)
[0.788s] -- Using all available rosidl_typesupport_c: rosidl_typesupport_fastrtps_c;rosidl_typesupport_introspection_c
[0.827s] -- Using all available rosidl_typesupport_cpp: rosidl_typesupport_fastrtps_cpp;rosidl_typesupport_introspection_cpp
[0.842s] -- Found PythonInterp: /usr/bin/python3 (found suitable version "3.8.10", minimum required is "3.5") 
[0.843s] -- Found python_cmake_module: 0.8.1 (/opt/ros/foxy/share/python_cmake_module/cmake)
[0.860s] -- Found PythonLibs: /usr/lib/x86_64-linux-gnu/libpython3.8.so (found suitable version "3.8.10", minimum required is "3.5") 
[0.860s] -- Using PYTHON_EXECUTABLE: /usr/bin/python3
[0.860s] -- Using PYTHON_INCLUDE_DIRS: /usr/include/python3.8
[0.860s] -- Using PYTHON_LIBRARIES: /usr/lib/x86_64-linux-gnu/libpython3.8.so
[0.873s] -- Found PythonExtra: .so  
[0.915s] -- Configuring done
[0.941s] -- Generating done
[0.943s] -- Build files have been written to: /robot/Automan-hunter/Workspace/ros2_ws/build/hunter_msgs
[0.947s] Invoked command in '/robot/Automan-hunter/Workspace/ros2_ws/build/hunter_msgs' returned '0': CMAKE_PREFIX_PATH=${CMAKE_PREFIX_PATH}:/opt/ros/foxy /usr/bin/cmake /robot/Automan-hunter/Workspace/ros2_ws/src/hunter_ros/hunter_msgs -DCMAKE_INSTALL_PREFIX=/robot/Automan-hunter/Workspace/ros2_ws/install/hunter_msgs
[0.949s] Invoking command in '/robot/Automan-hunter/Workspace/ros2_ws/build/hunter_msgs': CMAKE_PREFIX_PATH=${CMAKE_PREFIX_PATH}:/opt/ros/foxy /usr/bin/cmake --build /robot/Automan-hunter/Workspace/ros2_ws/build/hunter_msgs -- -j24 -l24
[0.972s] [35m[1mScanning dependencies of target hunter_msgs__cpp[0m
[0.974s] [  2%] [34m[1mGenerating C code for ROS interfaces[0m
[0.978s] [  5%] [34m[1mGenerating C++ code for ROS interfaces[0m
[1.176s] [  5%] Built target hunter_msgs__cpp
[1.177s] [35m[1mScanning dependencies of target hunter_msgs__rosidl_generator_c[0m
[1.182s] [  7%] [34m[1mGenerating C++ type support for eProsima Fast-RTPS[0m
[1.183s] [ 10%] [34m[1mGenerating C++ introspection for ROS interfaces[0m
[1.184s] [ 12%] [32mBuilding C object CMakeFiles/hunter_msgs__rosidl_generator_c.dir/rosidl_generator_c/hunter_msgs/msg/detail/hunter_status__functions.c.o[0m
[1.184s] [ 15%] [34m[1mGenerating C++ type support dispatch for ROS interfaces[0m
[1.185s] [ 17%] [32mBuilding C object CMakeFiles/hunter_msgs__rosidl_generator_c.dir/rosidl_generator_c/hunter_msgs/msg/detail/hunter_motor_state__functions.c.o[0m
[1.210s] [ 20%] [32m[1mLinking C shared library libhunter_msgs__rosidl_generator_c.so[0m
[1.232s] [ 20%] Built target hunter_msgs__rosidl_generator_c
[1.237s] [ 23%] [34m[1mGenerating C introspection for ROS interfaces[0m
[1.239s] [ 25%] [34m[1mGenerating C type support dispatch for ROS interfaces[0m
[1.356s] [35m[1mScanning dependencies of target hunter_msgs__rosidl_typesupport_cpp[0m
[1.364s] [ 28%] [32mBuilding CXX object CMakeFiles/hunter_msgs__rosidl_typesupport_cpp.dir/rosidl_typesupport_cpp/hunter_msgs/msg/hunter_status__type_support.cpp.o[0m
[1.366s] [ 30%] [32mBuilding CXX object CMakeFiles/hunter_msgs__rosidl_typesupport_cpp.dir/rosidl_typesupport_cpp/hunter_msgs/msg/hunter_motor_state__type_support.cpp.o[0m
[1.372s] [35m[1mScanning dependencies of target hunter_msgs__rosidl_typesupport_introspection_cpp[0m
[1.376s] [35m[1mScanning dependencies of target hunter_msgs__rosidl_typesupport_fastrtps_cpp[0m
[1.380s] [ 33%] [32mBuilding CXX object CMakeFiles/hunter_msgs__rosidl_typesupport_introspection_cpp.dir/rosidl_typesupport_introspection_cpp/hunter_msgs/msg/detail/hunter_status__type_support.cpp.o[0m
[1.383s] [ 35%] [32mBuilding CXX object CMakeFiles/hunter_msgs__rosidl_typesupport_introspection_cpp.dir/rosidl_typesupport_introspection_cpp/hunter_msgs/msg/detail/hunter_motor_state__type_support.cpp.o[0m
[1.388s] [ 38%] [32mBuilding CXX object CMakeFiles/hunter_msgs__rosidl_typesupport_fastrtps_cpp.dir/rosidl_typesupport_fastrtps_cpp/hunter_msgs/msg/detail/dds_fastrtps/hunter_status__type_support.cpp.o[0m
[1.390s] [ 41%] [32mBuilding CXX object CMakeFiles/hunter_msgs__rosidl_typesupport_fastrtps_cpp.dir/rosidl_typesupport_fastrtps_cpp/hunter_msgs/msg/detail/dds_fastrtps/hunter_motor_state__type_support.cpp.o[0m
[1.425s] [35m[1mScanning dependencies of target hunter_msgs__rosidl_typesupport_c[0m
[1.433s] [ 43%] [32mBuilding CXX object CMakeFiles/hunter_msgs__rosidl_typesupport_c.dir/rosidl_typesupport_c/hunter_msgs/msg/hunter_status__type_support.cpp.o[0m
[1.433s] [35m[1mScanning dependencies of target hunter_msgs__rosidl_typesupport_introspection_c[0m
[1.436s] [ 46%] [32mBuilding CXX object CMakeFiles/hunter_msgs__rosidl_typesupport_c.dir/rosidl_typesupport_c/hunter_msgs/msg/hunter_motor_state__type_support.cpp.o[0m
[1.443s] [ 48%] [32mBuilding C object CMakeFiles/hunter_msgs__rosidl_typesupport_introspection_c.dir/rosidl_typesupport_introspection_c/hunter_msgs/msg/detail/hunter_motor_state__type_support.c.o[0m
[1.445s] [ 51%] [32mBuilding C object CMakeFiles/hunter_msgs__rosidl_typesupport_introspection_c.dir/rosidl_typesupport_introspection_c/hunter_msgs/msg/detail/hunter_status__type_support.c.o[0m
[1.456s] [ 53%] [32m[1mLinking CXX shared library libhunter_msgs__rosidl_typesupport_c.so[0m
[1.470s] [ 56%] [32m[1mLinking C shared library libhunter_msgs__rosidl_typesupport_introspection_c.so[0m
[1.493s] [ 56%] Built target hunter_msgs__rosidl_typesupport_c
[1.493s] [ 56%] Built target hunter_msgs__rosidl_typesupport_introspection_c
[1.559s] [ 58%] [32m[1mLinking CXX shared library libhunter_msgs__rosidl_typesupport_cpp.so[0m
[1.583s] [ 58%] Built target hunter_msgs__rosidl_typesupport_cpp
[1.595s] [ 61%] [32m[1mLinking CXX shared library libhunter_msgs__rosidl_typesupport_introspection_cpp.so[0m
[1.635s] [ 61%] Built target hunter_msgs__rosidl_typesupport_introspection_cpp
[1.674s] [ 64%] [32m[1mLinking CXX shared library libhunter_msgs__rosidl_typesupport_fastrtps_cpp.so[0m
[1.723s] [ 64%] Built target hunter_msgs__rosidl_typesupport_fastrtps_cpp
[1.729s] [ 66%] [34m[1mGenerating C type support for eProsima Fast-RTPS[0m
[1.918s] [35m[1mScanning dependencies of target hunter_msgs__rosidl_typesupport_fastrtps_c[0m
[1.927s] [ 69%] [32mBuilding CXX object CMakeFiles/hunter_msgs__rosidl_typesupport_fastrtps_c.dir/rosidl_typesupport_fastrtps_c/hunter_msgs/msg/detail/hunter_status__type_support_c.cpp.o[0m
[1.927s] [ 71%] [32mBuilding CXX object CMakeFiles/hunter_msgs__rosidl_typesupport_fastrtps_c.dir/rosidl_typesupport_fastrtps_c/hunter_msgs/msg/detail/hunter_motor_state__type_support_c.cpp.o[0m
[2.152s] [ 74%] [32m[1mLinking CXX shared library libhunter_msgs__rosidl_typesupport_fastrtps_c.so[0m
[2.200s] [ 74%] Built target hunter_msgs__rosidl_typesupport_fastrtps_c
[2.206s] [35m[1mScanning dependencies of target hunter_msgs[0m
[2.211s] [ 74%] Built target hunter_msgs
[2.217s] [35m[1mScanning dependencies of target hunter_msgs__py[0m
[2.223s] [ 76%] [34m[1mGenerating Python code for ROS interfaces[0m
[2.574s] [ 76%] Built target hunter_msgs__py
[2.579s] [35m[1mScanning dependencies of target hunter_msgs__python[0m
[2.591s] [ 79%] [32mBuilding C object CMakeFiles/hunter_msgs__python.dir/rosidl_generator_py/hunter_msgs/msg/_hunter_status_s.c.o[0m
[2.591s] [ 82%] [32mBuilding C object CMakeFiles/hunter_msgs__python.dir/rosidl_generator_py/hunter_msgs/msg/_hunter_motor_state_s.c.o[0m
[2.648s] [ 84%] [32m[1mLinking C shared library rosidl_generator_py/hunter_msgs/libhunter_msgs__python.so[0m
[2.672s] [ 84%] Built target hunter_msgs__python
[2.678s] [35m[1mScanning dependencies of target hunter_msgs__rosidl_typesupport_c__pyext[0m
[2.678s] [35m[1mScanning dependencies of target hunter_msgs__rosidl_typesupport_fastrtps_c__pyext[0m
[2.679s] [35m[1mScanning dependencies of target hunter_msgs__rosidl_typesupport_introspection_c__pyext[0m
[2.688s] [ 87%] [32mBuilding C object CMakeFiles/hunter_msgs__rosidl_typesupport_c__pyext.dir/rosidl_generator_py/hunter_msgs/_hunter_msgs_s.ep.rosidl_typesupport_c.c.o[0m
[2.690s] [ 89%] [32mBuilding C object CMakeFiles/hunter_msgs__rosidl_typesupport_fastrtps_c__pyext.dir/rosidl_generator_py/hunter_msgs/_hunter_msgs_s.ep.rosidl_typesupport_fastrtps_c.c.o[0m
[2.690s] [ 92%] [32mBuilding C object CMakeFiles/hunter_msgs__rosidl_typesupport_introspection_c__pyext.dir/rosidl_generator_py/hunter_msgs/_hunter_msgs_s.ep.rosidl_typesupport_introspection_c.c.o[0m
[2.738s] [ 94%] [32m[1mLinking C shared library rosidl_generator_py/hunter_msgs/hunter_msgs_s__rosidl_typesupport_c.cpython-38-x86_64-linux-gnu.so[0m
[2.739s] [ 97%] [32m[1mLinking C shared library rosidl_generator_py/hunter_msgs/hunter_msgs_s__rosidl_typesupport_introspection_c.cpython-38-x86_64-linux-gnu.so[0m
[2.740s] [100%] [32m[1mLinking CXX shared library rosidl_generator_py/hunter_msgs/hunter_msgs_s__rosidl_typesupport_fastrtps_c.cpython-38-x86_64-linux-gnu.so[0m
[2.760s] [100%] Built target hunter_msgs__rosidl_typesupport_introspection_c__pyext
[2.761s] [100%] Built target hunter_msgs__rosidl_typesupport_c__pyext
[2.778s] [100%] Built target hunter_msgs__rosidl_typesupport_fastrtps_c__pyext
[2.785s] Invoked command in '/robot/Automan-hunter/Workspace/ros2_ws/build/hunter_msgs' returned '0': CMAKE_PREFIX_PATH=${CMAKE_PREFIX_PATH}:/opt/ros/foxy /usr/bin/cmake --build /robot/Automan-hunter/Workspace/ros2_ws/build/hunter_msgs -- -j24 -l24
[2.825s] Invoking command in '/robot/Automan-hunter/Workspace/ros2_ws/build/hunter_msgs': CMAKE_PREFIX_PATH=${CMAKE_PREFIX_PATH}:/opt/ros/foxy /usr/bin/cmake --install /robot/Automan-hunter/Workspace/ros2_ws/build/hunter_msgs
[2.829s] -- Install configuration: ""
[2.830s] -- Installing: /robot/Automan-hunter/Workspace/ros2_ws/install/hunter_msgs/share/ament_index/resource_index/rosidl_interfaces/hunter_msgs
[2.830s] -- Installing: /robot/Automan-hunter/Workspace/ros2_ws/install/hunter_msgs/include/hunter_msgs
[2.830s] -- Installing: /robot/Automan-hunter/Workspace/ros2_ws/install/hunter_msgs/include/hunter_msgs/msg
[2.830s] -- Installing: /robot/Automan-hunter/Workspace/ros2_ws/install/hunter_msgs/include/hunter_msgs/msg/detail
[2.830s] -- Installing: /robot/Automan-hunter/Workspace/ros2_ws/install/hunter_msgs/include/hunter_msgs/msg/detail/hunter_status__type_support.h
[2.830s] -- Installing: /robot/Automan-hunter/Workspace/ros2_ws/install/hunter_msgs/include/hunter_msgs/msg/detail/hunter_motor_state__functions.c
[2.830s] -- Installing: /robot/Automan-hunter/Workspace/ros2_ws/install/hunter_msgs/include/hunter_msgs/msg/detail/hunter_motor_state__struct.h
[2.830s] -- Installing: /robot/Automan-hunter/Workspace/ros2_ws/install/hunter_msgs/include/hunter_msgs/msg/detail/hunter_status__struct.h
[2.830s] -- Installing: /robot/Automan-hunter/Workspace/ros2_ws/install/hunter_msgs/include/hunter_msgs/msg/detail/hunter_motor_state__functions.h
[2.830s] -- Installing: /robot/Automan-hunter/Workspace/ros2_ws/install/hunter_msgs/include/hunter_msgs/msg/detail/hunter_motor_state__type_support.h
[2.830s] -- Installing: /robot/Automan-hunter/Workspace/ros2_ws/install/hunter_msgs/include/hunter_msgs/msg/detail/hunter_status__functions.c
[2.830s] -- Installing: /robot/Automan-hunter/Workspace/ros2_ws/install/hunter_msgs/include/hunter_msgs/msg/detail/hunter_status__functions.h
[2.830s] -- Installing: /robot/Automan-hunter/Workspace/ros2_ws/install/hunter_msgs/include/hunter_msgs/msg/hunter_motor_state.h
[2.830s] -- Installing: /robot/Automan-hunter/Workspace/ros2_ws/install/hunter_msgs/include/hunter_msgs/msg/hunter_status.h
[2.830s] -- Installing: /robot/Automan-hunter/Workspace/ros2_ws/install/hunter_msgs/include/hunter_msgs/msg/rosidl_generator_c__visibility_control.h
[2.830s] -- Installing: /robot/Automan-hunter/Workspace/ros2_ws/install/hunter_msgs/share/hunter_msgs/environment/library_path.sh
[2.830s] -- Installing: /robot/Automan-hunter/Workspace/ros2_ws/install/hunter_msgs/share/hunter_msgs/environment/library_path.dsv
[2.830s] -- Installing: /robot/Automan-hunter/Workspace/ros2_ws/install/hunter_msgs/lib/libhunter_msgs__rosidl_generator_c.so
[2.831s] -- Set runtime path of "/robot/Automan-hunter/Workspace/ros2_ws/install/hunter_msgs/lib/libhunter_msgs__rosidl_generator_c.so" to ""
[2.831s] -- Up-to-date: /robot/Automan-hunter/Workspace/ros2_ws/install/hunter_msgs/include/hunter_msgs
[2.831s] -- Up-to-date: /robot/Automan-hunter/Workspace/ros2_ws/install/hunter_msgs/include/hunter_msgs/msg
[2.831s] -- Installing: /robot/Automan-hunter/Workspace/ros2_ws/install/hunter_msgs/include/hunter_msgs/msg/rosidl_typesupport_fastrtps_c__visibility_control.h
[2.831s] -- Up-to-date: /robot/Automan-hunter/Workspace/ros2_ws/install/hunter_msgs/include/hunter_msgs/msg/detail
[2.831s] -- Installing: /robot/Automan-hunter/Workspace/ros2_ws/install/hunter_msgs/include/hunter_msgs/msg/detail/hunter_status__rosidl_typesupport_fastrtps_c.h
[2.831s] -- Installing: /robot/Automan-hunter/Workspace/ros2_ws/install/hunter_msgs/include/hunter_msgs/msg/detail/hunter_motor_state__rosidl_typesupport_fastrtps_c.h
[2.831s] -- Installing: /robot/Automan-hunter/Workspace/ros2_ws/install/hunter_msgs/lib/libhunter_msgs__rosidl_typesupport_fastrtps_c.so
[2.831s] -- Set runtime path of "/robot/Automan-hunter/Workspace/ros2_ws/install/hunter_msgs/lib/libhunter_msgs__rosidl_typesupport_fastrtps_c.so" to ""
[2.831s] -- Up-to-date: /robot/Automan-hunter/Workspace/ros2_ws/install/hunter_msgs/include/hunter_msgs
[2.831s] -- Up-to-date: /robot/Automan-hunter/Workspace/ros2_ws/install/hunter_msgs/include/hunter_msgs/msg
[2.831s] -- Installing: /robot/Automan-hunter/Workspace/ros2_ws/install/hunter_msgs/include/hunter_msgs/msg/rosidl_typesupport_fastrtps_cpp__visibility_control.h
[2.831s] -- Up-to-date: /robot/Automan-hunter/Workspace/ros2_ws/install/hunter_msgs/include/hunter_msgs/msg/detail
[2.831s] -- Installing: /robot/Automan-hunter/Workspace/ros2_ws/install/hunter_msgs/include/hunter_msgs/msg/detail/hunter_motor_state__rosidl_typesupport_fastrtps_cpp.hpp
[2.831s] -- Installing: /robot/Automan-hunter/Workspace/ros2_ws/install/hunter_msgs/include/hunter_msgs/msg/detail/dds_fastrtps
[2.831s] -- Installing: /robot/Automan-hunter/Workspace/ros2_ws/install/hunter_msgs/include/hunter_msgs/msg/detail/hunter_status__rosidl_typesupport_fastrtps_cpp.hpp
[2.831s] -- Installing: /robot/Automan-hunter/Workspace/ros2_ws/install/hunter_msgs/lib/libhunter_msgs__rosidl_typesupport_fastrtps_cpp.so
[2.832s] -- Set runtime path of "/robot/Automan-hunter/Workspace/ros2_ws/install/hunter_msgs/lib/libhunter_msgs__rosidl_typesupport_fastrtps_cpp.so" to ""
[2.832s] -- Up-to-date: /robot/Automan-hunter/Workspace/ros2_ws/install/hunter_msgs/include/hunter_msgs
[2.832s] -- Up-to-date: /robot/Automan-hunter/Workspace/ros2_ws/install/hunter_msgs/include/hunter_msgs/msg
[2.832s] -- Up-to-date: /robot/Automan-hunter/Workspace/ros2_ws/install/hunter_msgs/include/hunter_msgs/msg/detail
[2.832s] -- Installing: /robot/Automan-hunter/Workspace/ros2_ws/install/hunter_msgs/include/hunter_msgs/msg/detail/hunter_motor_state__type_support.c
[2.832s] -- Installing: /robot/Automan-hunter/Workspace/ros2_ws/install/hunter_msgs/include/hunter_msgs/msg/detail/hunter_status__rosidl_typesupport_introspection_c.h
[2.832s] -- Installing: /robot/Automan-hunter/Workspace/ros2_ws/install/hunter_msgs/include/hunter_msgs/msg/detail/hunter_motor_state__rosidl_typesupport_introspection_c.h
[2.832s] -- Installing: /robot/Automan-hunter/Workspace/ros2_ws/install/hunter_msgs/include/hunter_msgs/msg/detail/hunter_status__type_support.c
[2.832s] -- Installing: /robot/Automan-hunter/Workspace/ros2_ws/install/hunter_msgs/include/hunter_msgs/msg/rosidl_typesupport_introspection_c__visibility_control.h
[2.832s] -- Installing: /robot/Automan-hunter/Workspace/ros2_ws/install/hunter_msgs/lib/libhunter_msgs__rosidl_typesupport_introspection_c.so
[2.832s] -- Set runtime path of "/robot/Automan-hunter/Workspace/ros2_ws/install/hunter_msgs/lib/libhunter_msgs__rosidl_typesupport_introspection_c.so" to ""
[2.832s] -- Installing: /robot/Automan-hunter/Workspace/ros2_ws/install/hunter_msgs/lib/libhunter_msgs__rosidl_typesupport_c.so
[2.832s] -- Set runtime path of "/robot/Automan-hunter/Workspace/ros2_ws/install/hunter_msgs/lib/libhunter_msgs__rosidl_typesupport_c.so" to ""
[2.833s] -- Up-to-date: /robot/Automan-hunter/Workspace/ros2_ws/install/hunter_msgs/include/hunter_msgs
[2.833s] -- Up-to-date: /robot/Automan-hunter/Workspace/ros2_ws/install/hunter_msgs/include/hunter_msgs/msg
[2.833s] -- Installing: /robot/Automan-hunter/Workspace/ros2_ws/install/hunter_msgs/include/hunter_msgs/msg/hunter_motor_state.hpp
[2.833s] -- Up-to-date: /robot/Automan-hunter/Workspace/ros2_ws/install/hunter_msgs/include/hunter_msgs/msg/detail
[2.833s] -- Installing: /robot/Automan-hunter/Workspace/ros2_ws/install/hunter_msgs/include/hunter_msgs/msg/detail/hunter_motor_state__builder.hpp
[2.833s] -- Installing: /robot/Automan-hunter/Workspace/ros2_ws/install/hunter_msgs/include/hunter_msgs/msg/detail/hunter_motor_state__traits.hpp
[2.833s] -- Installing: /robot/Automan-hunter/Workspace/ros2_ws/install/hunter_msgs/include/hunter_msgs/msg/detail/hunter_status__builder.hpp
[2.833s] -- Installing: /robot/Automan-hunter/Workspace/ros2_ws/install/hunter_msgs/include/hunter_msgs/msg/detail/hunter_motor_state__struct.hpp
[2.833s] -- Installing: /robot/Automan-hunter/Workspace/ros2_ws/install/hunter_msgs/include/hunter_msgs/msg/detail/hunter_status__struct.hpp
[2.833s] -- Installing: /robot/Automan-hunter/Workspace/ros2_ws/install/hunter_msgs/include/hunter_msgs/msg/detail/hunter_status__traits.hpp
[2.833s] -- Installing: /robot/Automan-hunter/Workspace/ros2_ws/install/hunter_msgs/include/hunter_msgs/msg/hunter_status.hpp
[2.833s] -- Up-to-date: /robot/Automan-hunter/Workspace/ros2_ws/install/hunter_msgs/include/hunter_msgs
[2.833s] -- Up-to-date: /robot/Automan-hunter/Workspace/ros2_ws/install/hunter_msgs/include/hunter_msgs/msg
[2.833s] -- Up-to-date: /robot/Automan-hunter/Workspace/ros2_ws/install/hunter_msgs/include/hunter_msgs/msg/detail
[2.833s] -- Installing: /robot/Automan-hunter/Workspace/ros2_ws/install/hunter_msgs/include/hunter_msgs/msg/detail/hunter_motor_state__type_support.cpp
[2.833s] -- Installing: /robot/Automan-hunter/Workspace/ros2_ws/install/hunter_msgs/include/hunter_msgs/msg/detail/hunter_status__rosidl_typesupport_introspection_cpp.hpp
[2.833s] -- Installing: /robot/Automan-hunter/Workspace/ros2_ws/install/hunter_msgs/include/hunter_msgs/msg/detail/hunter_status__type_support.cpp
[2.833s] -- Installing: /robot/Automan-hunter/Workspace/ros2_ws/install/hunter_msgs/include/hunter_msgs/msg/detail/hunter_motor_state__rosidl_typesupport_introspection_cpp.hpp
[2.833s] -- Installing: /robot/Automan-hunter/Workspace/ros2_ws/install/hunter_msgs/lib/libhunter_msgs__rosidl_typesupport_introspection_cpp.so
[2.833s] -- Set runtime path of "/robot/Automan-hunter/Workspace/ros2_ws/install/hunter_msgs/lib/libhunter_msgs__rosidl_typesupport_introspection_cpp.so" to ""
[2.834s] -- Installing: /robot/Automan-hunter/Workspace/ros2_ws/install/hunter_msgs/lib/libhunter_msgs__rosidl_typesupport_cpp.so
[2.834s] -- Set runtime path of "/robot/Automan-hunter/Workspace/ros2_ws/install/hunter_msgs/lib/libhunter_msgs__rosidl_typesupport_cpp.so" to ""
[2.834s] -- Installing: /robot/Automan-hunter/Workspace/ros2_ws/install/hunter_msgs/share/hunter_msgs/environment/pythonpath.sh
[2.834s] -- Installing: /robot/Automan-hunter/Workspace/ros2_ws/install/hunter_msgs/share/hunter_msgs/environment/pythonpath.dsv
[2.834s] -- Installing: /robot/Automan-hunter/Workspace/ros2_ws/install/hunter_msgs/lib/python3.8/site-packages/hunter_msgs/__init__.py
[2.853s] Compiling '/robot/Automan-hunter/Workspace/ros2_ws/install/hunter_msgs/lib/python3.8/site-packages/hunter_msgs/__init__.py'...
[2.855s] -- Installing: /robot/Automan-hunter/Workspace/ros2_ws/install/hunter_msgs/lib/python3.8/site-packages/hunter_msgs/msg
[2.855s] -- Installing: /robot/Automan-hunter/Workspace/ros2_ws/install/hunter_msgs/lib/python3.8/site-packages/hunter_msgs/msg/_hunter_motor_state_s.c
[2.855s] -- Installing: /robot/Automan-hunter/Workspace/ros2_ws/install/hunter_msgs/lib/python3.8/site-packages/hunter_msgs/msg/_hunter_status.py
[2.855s] -- Installing: /robot/Automan-hunter/Workspace/ros2_ws/install/hunter_msgs/lib/python3.8/site-packages/hunter_msgs/msg/_hunter_status_s.c
[2.855s] -- Installing: /robot/Automan-hunter/Workspace/ros2_ws/install/hunter_msgs/lib/python3.8/site-packages/hunter_msgs/msg/__init__.py
[2.855s] -- Installing: /robot/Automan-hunter/Workspace/ros2_ws/install/hunter_msgs/lib/python3.8/site-packages/hunter_msgs/msg/_hunter_motor_state.py
[2.855s] -- Installing: /robot/Automan-hunter/Workspace/ros2_ws/install/hunter_msgs/lib/python3.8/site-packages/hunter_msgs/hunter_msgs_s__rosidl_typesupport_fastrtps_c.cpython-38-x86_64-linux-gnu.so
[2.855s] -- Set runtime path of "/robot/Automan-hunter/Workspace/ros2_ws/install/hunter_msgs/lib/python3.8/site-packages/hunter_msgs/hunter_msgs_s__rosidl_typesupport_fastrtps_c.cpython-38-x86_64-linux-gnu.so" to ""
[2.856s] -- Installing: /robot/Automan-hunter/Workspace/ros2_ws/install/hunter_msgs/lib/python3.8/site-packages/hunter_msgs/hunter_msgs_s__rosidl_typesupport_introspection_c.cpython-38-x86_64-linux-gnu.so
[2.856s] -- Set runtime path of "/robot/Automan-hunter/Workspace/ros2_ws/install/hunter_msgs/lib/python3.8/site-packages/hunter_msgs/hunter_msgs_s__rosidl_typesupport_introspection_c.cpython-38-x86_64-linux-gnu.so" to ""
[2.856s] -- Installing: /robot/Automan-hunter/Workspace/ros2_ws/install/hunter_msgs/lib/python3.8/site-packages/hunter_msgs/hunter_msgs_s__rosidl_typesupport_c.cpython-38-x86_64-linux-gnu.so
[2.856s] -- Set runtime path of "/robot/Automan-hunter/Workspace/ros2_ws/install/hunter_msgs/lib/python3.8/site-packages/hunter_msgs/hunter_msgs_s__rosidl_typesupport_c.cpython-38-x86_64-linux-gnu.so" to ""
[2.856s] -- Installing: /robot/Automan-hunter/Workspace/ros2_ws/install/hunter_msgs/lib/libhunter_msgs__python.so
[2.857s] -- Set runtime path of "/robot/Automan-hunter/Workspace/ros2_ws/install/hunter_msgs/lib/libhunter_msgs__python.so" to ""
[2.857s] -- Installing: /robot/Automan-hunter/Workspace/ros2_ws/install/hunter_msgs/share/hunter_msgs/msg/HunterStatus.idl
[2.857s] -- Installing: /robot/Automan-hunter/Workspace/ros2_ws/install/hunter_msgs/share/hunter_msgs/msg/HunterMotorState.idl
[2.857s] -- Installing: /robot/Automan-hunter/Workspace/ros2_ws/install/hunter_msgs/share/hunter_msgs/msg/HunterStatus.msg
[2.857s] -- Installing: /robot/Automan-hunter/Workspace/ros2_ws/install/hunter_msgs/share/hunter_msgs/msg/HunterMotorState.msg
[2.857s] -- Installing: /robot/Automan-hunter/Workspace/ros2_ws/install/hunter_msgs/share/ament_index/resource_index/package_run_dependencies/hunter_msgs
[2.857s] -- Installing: /robot/Automan-hunter/Workspace/ros2_ws/install/hunter_msgs/share/ament_index/resource_index/parent_prefix_path/hunter_msgs
[2.857s] -- Installing: /robot/Automan-hunter/Workspace/ros2_ws/install/hunter_msgs/share/hunter_msgs/environment/ament_prefix_path.sh
[2.857s] -- Installing: /robot/Automan-hunter/Workspace/ros2_ws/install/hunter_msgs/share/hunter_msgs/environment/ament_prefix_path.dsv
[2.857s] -- Installing: /robot/Automan-hunter/Workspace/ros2_ws/install/hunter_msgs/share/hunter_msgs/environment/path.sh
[2.857s] -- Installing: /robot/Automan-hunter/Workspace/ros2_ws/install/hunter_msgs/share/hunter_msgs/environment/path.dsv
[2.857s] -- Installing: /robot/Automan-hunter/Workspace/ros2_ws/install/hunter_msgs/share/hunter_msgs/local_setup.bash
[2.858s] -- Installing: /robot/Automan-hunter/Workspace/ros2_ws/install/hunter_msgs/share/hunter_msgs/local_setup.sh
[2.858s] -- Installing: /robot/Automan-hunter/Workspace/ros2_ws/install/hunter_msgs/share/hunter_msgs/local_setup.zsh
[2.858s] -- Installing: /robot/Automan-hunter/Workspace/ros2_ws/install/hunter_msgs/share/hunter_msgs/local_setup.dsv
[2.858s] -- Installing: /robot/Automan-hunter/Workspace/ros2_ws/install/hunter_msgs/share/hunter_msgs/package.dsv
[2.858s] -- Installing: /robot/Automan-hunter/Workspace/ros2_ws/install/hunter_msgs/share/ament_index/resource_index/packages/hunter_msgs
[2.858s] -- Installing: /robot/Automan-hunter/Workspace/ros2_ws/install/hunter_msgs/share/hunter_msgs/cmake/hunter_msgs__rosidl_generator_cExport.cmake
[2.858s] -- Installing: /robot/Automan-hunter/Workspace/ros2_ws/install/hunter_msgs/share/hunter_msgs/cmake/hunter_msgs__rosidl_generator_cExport-noconfig.cmake
[2.858s] -- Installing: /robot/Automan-hunter/Workspace/ros2_ws/install/hunter_msgs/share/hunter_msgs/cmake/hunter_msgs__rosidl_typesupport_introspection_cExport.cmake
[2.858s] -- Installing: /robot/Automan-hunter/Workspace/ros2_ws/install/hunter_msgs/share/hunter_msgs/cmake/hunter_msgs__rosidl_typesupport_introspection_cExport-noconfig.cmake
[2.858s] -- Installing: /robot/Automan-hunter/Workspace/ros2_ws/install/hunter_msgs/share/hunter_msgs/cmake/hunter_msgs__rosidl_typesupport_cExport.cmake
[2.858s] -- Installing: /robot/Automan-hunter/Workspace/ros2_ws/install/hunter_msgs/share/hunter_msgs/cmake/hunter_msgs__rosidl_typesupport_cExport-noconfig.cmake
[2.859s] -- Installing: /robot/Automan-hunter/Workspace/ros2_ws/install/hunter_msgs/share/hunter_msgs/cmake/hunter_msgs__rosidl_generator_cppExport.cmake
[2.859s] -- Installing: /robot/Automan-hunter/Workspace/ros2_ws/install/hunter_msgs/share/hunter_msgs/cmake/hunter_msgs__rosidl_typesupport_introspection_cppExport.cmake
[2.859s] -- Installing: /robot/Automan-hunter/Workspace/ros2_ws/install/hunter_msgs/share/hunter_msgs/cmake/hunter_msgs__rosidl_typesupport_introspection_cppExport-noconfig.cmake
[2.859s] -- Installing: /robot/Automan-hunter/Workspace/ros2_ws/install/hunter_msgs/share/hunter_msgs/cmake/hunter_msgs__rosidl_typesupport_cppExport.cmake
[2.859s] -- Installing: /robot/Automan-hunter/Workspace/ros2_ws/install/hunter_msgs/share/hunter_msgs/cmake/hunter_msgs__rosidl_typesupport_cppExport-noconfig.cmake
[2.859s] -- Installing: /robot/Automan-hunter/Workspace/ros2_ws/install/hunter_msgs/share/hunter_msgs/cmake/rosidl_cmake-extras.cmake
[2.859s] -- Installing: /robot/Automan-hunter/Workspace/ros2_ws/install/hunter_msgs/share/hunter_msgs/cmake/ament_cmake_export_dependencies-extras.cmake
[2.859s] -- Installing: /robot/Automan-hunter/Workspace/ros2_ws/install/hunter_msgs/share/hunter_msgs/cmake/ament_cmake_export_libraries-extras.cmake
[2.859s] -- Installing: /robot/Automan-hunter/Workspace/ros2_ws/install/hunter_msgs/share/hunter_msgs/cmake/ament_cmake_export_targets-extras.cmake
[2.859s] -- Installing: /robot/Automan-hunter/Workspace/ros2_ws/install/hunter_msgs/share/hunter_msgs/cmake/ament_cmake_export_include_directories-extras.cmake
[2.859s] -- Installing: /robot/Automan-hunter/Workspace/ros2_ws/install/hunter_msgs/share/hunter_msgs/cmake/rosidl_cmake_export_typesupport_libraries-extras.cmake
[2.859s] -- Installing: /robot/Automan-hunter/Workspace/ros2_ws/install/hunter_msgs/share/hunter_msgs/cmake/rosidl_cmake_export_typesupport_targets-extras.cmake
[2.860s] -- Installing: /robot/Automan-hunter/Workspace/ros2_ws/install/hunter_msgs/share/hunter_msgs/cmake/hunter_msgsConfig.cmake
[2.860s] -- Installing: /robot/Automan-hunter/Workspace/ros2_ws/install/hunter_msgs/share/hunter_msgs/cmake/hunter_msgsConfig-version.cmake
[2.860s] -- Installing: /robot/Automan-hunter/Workspace/ros2_ws/install/hunter_msgs/share/hunter_msgs/package.xml
[2.861s] Invoked command in '/robot/Automan-hunter/Workspace/ros2_ws/build/hunter_msgs' returned '0': CMAKE_PREFIX_PATH=${CMAKE_PREFIX_PATH}:/opt/ros/foxy /usr/bin/cmake --install /robot/Automan-hunter/Workspace/ros2_ws/build/hunter_msgs
