[0.011s] Invoking command in '/robot/Automan-hunter/Workspace/ros2_ws/build/hunter_base': CMAKE_PREFIX_PATH=${CMAKE_PREFIX_PATH}:/opt/ros/foxy LD_LIBRARY_PATH=/robot/Automan-hunter/Workspace/ros2_ws/install/hunter_msgs/lib:/robot/Automan-hunter/Workspace/ros2_ws/install/wrp_sdk/lib:/opt/ros/foxy/opt/yaml_cpp_vendor/lib:/opt/ros/foxy/opt/rviz_ogre_vendor/lib:/opt/ros/foxy/lib/x86_64-linux-gnu:/opt/ros/foxy/lib:/usr/local/cuda/lib64:/usr/local/cuda/extras/CUPTI/lib64 /usr/bin/cmake --build /robot/Automan-hunter/Workspace/ros2_ws/build/hunter_base -- -j24 -l24
[0.027s] -- Found ament_cmake: 0.9.9 (/opt/ros/foxy/share/ament_cmake/cmake)
[0.041s] -- Using PYTHON_EXECUTABLE: /usr/bin/python3
[0.170s] -- Found rclcpp: 2.4.0 (/opt/ros/foxy/share/rclcpp/cmake)
[0.191s] -- Using all available rosidl_typesupport_c: rosidl_typesupport_fastrtps_c;rosidl_typesupport_introspection_c
[0.193s] -- Found rosidl_adapter: 1.2.1 (/opt/ros/foxy/share/rosidl_adapter/cmake)
[0.260s] -- Using all available rosidl_typesupport_cpp: rosidl_typesupport_fastrtps_cpp;rosidl_typesupport_introspection_cpp
[0.292s] -- Found rmw_implementation_cmake: 1.0.3 (/opt/ros/foxy/share/rmw_implementation_cmake/cmake)
[0.293s] -- Using RMW implementation 'rmw_fastrtps_cpp' as default
[0.388s] -- Found sensor_msgs: 2.0.4 (/opt/ros/foxy/share/sensor_msgs/cmake)
[0.465s] -- Found nav_msgs: 2.0.4 (/opt/ros/foxy/share/nav_msgs/cmake)
[0.512s] -- Found tf2: 0.13.12 (/opt/ros/foxy/share/tf2/cmake)
[0.519s] -- Found tf2_ros: 0.13.12 (/opt/ros/foxy/share/tf2_ros/cmake)
[0.737s] -- Found hunter_msgs: 0.0.0 (/robot/Automan-hunter/Workspace/ros2_ws/install/hunter_msgs/share/hunter_msgs/cmake)
[0.760s] -- Found wrp_sdk: 0.3.3 (/robot/Automan-hunter/Workspace/ros2_ws/install/wrp_sdk/share/wrp_sdk/cmake)
[0.761s] wrp_sdk's path: /robot/Automan-hunter/Workspace/ros2_ws/install/wrp_sdk/include/wrp_sdk
[0.800s] -- Configuring done
[0.807s] -- Generating done
[0.808s] -- Build files have been written to: /robot/Automan-hunter/Workspace/ros2_ws/build/hunter_base
[0.833s] [ 50%] Built target hunter_messenger
[0.838s] [ 66%] [32m[1mLinking CXX executable hunter_base_node[0m
[0.906s] /usr/bin/ld: CMakeFiles/hunter_base_node.dir/src/hunter_base_ros.cpp.o: in function `westonrobot::HunterBaseRos::Run()':
[0.906s] hunter_base_ros.cpp:(.text+0xb94): undefined reference to `westonrobot::HunterROSMessenger::HunterROSMessenger(westonrobot::HunterBase*, rclcpp::Node*)'
[0.906s] /usr/bin/ld: hunter_base_ros.cpp:(.text+0xcc2): undefined reference to `westonrobot::HunterROSMessenger::SetupSubscription()'
[0.906s] /usr/bin/ld: hunter_base_ros.cpp:(.text+0xd48): undefined reference to `westonrobot::HunterROSMessenger::PublishStateToROS()'
[0.906s] collect2: error: ld returned 1 exit status
[0.907s] make[2]: *** [CMakeFiles/hunter_base_node.dir/build.make:152: hunter_base_node] Error 1
[0.907s] make[1]: *** [CMakeFiles/Makefile2:80: CMakeFiles/hunter_base_node.dir/all] Error 2
[0.907s] make: *** [Makefile:141: all] Error 2
[0.908s] Invoked command in '/robot/Automan-hunter/Workspace/ros2_ws/build/hunter_base' returned '2': CMAKE_PREFIX_PATH=${CMAKE_PREFIX_PATH}:/opt/ros/foxy LD_LIBRARY_PATH=/robot/Automan-hunter/Workspace/ros2_ws/install/hunter_msgs/lib:/robot/Automan-hunter/Workspace/ros2_ws/install/wrp_sdk/lib:/opt/ros/foxy/opt/yaml_cpp_vendor/lib:/opt/ros/foxy/opt/rviz_ogre_vendor/lib:/opt/ros/foxy/lib/x86_64-linux-gnu:/opt/ros/foxy/lib:/usr/local/cuda/lib64:/usr/local/cuda/extras/CUPTI/lib64 /usr/bin/cmake --build /robot/Automan-hunter/Workspace/ros2_ws/build/hunter_base -- -j24 -l24
