Performing C SOURCE FILE Test CMAKE_HAVE_LIBC_PTHREAD failed with the following output:
Change Dir: /robot/Automan-hunter/Workspace/ros2_ws/build/wrp_sdk/CMakeFiles/CMakeTmp

Run Build Command(s):/usr/bin/make cmTC_1e8d2/fast && make[1]: Entering directory '/robot/Automan-hunter/Workspace/ros2_ws/build/wrp_sdk/CMakeFiles/CMakeTmp'
/usr/bin/make -f CMakeFiles/cmTC_1e8d2.dir/build.make CMakeFiles/cmTC_1e8d2.dir/build
make[2]: Entering directory '/robot/Automan-hunter/Workspace/ros2_ws/build/wrp_sdk/CMakeFiles/CMakeTmp'
Building C object CMakeFiles/cmTC_1e8d2.dir/src.c.o
/usr/bin/cc   -DCMAKE_HAVE_LIBC_PTHREAD   -o CMakeFiles/cmTC_1e8d2.dir/src.c.o   -c /robot/Automan-hunter/Workspace/ros2_ws/build/wrp_sdk/CMakeFiles/CMakeTmp/src.c
Linking C executable cmTC_1e8d2
/usr/bin/cmake -E cmake_link_script CMakeFiles/cmTC_1e8d2.dir/link.txt --verbose=1
/usr/bin/cc  -DCMAKE_HAVE_LIBC_PTHREAD    -rdynamic CMakeFiles/cmTC_1e8d2.dir/src.c.o  -o cmTC_1e8d2 
/usr/bin/ld: CMakeFiles/cmTC_1e8d2.dir/src.c.o: in function `main':
src.c:(.text+0x46): undefined reference to `pthread_create'
/usr/bin/ld: src.c:(.text+0x52): undefined reference to `pthread_detach'
/usr/bin/ld: src.c:(.text+0x63): undefined reference to `pthread_join'
collect2: error: ld returned 1 exit status
make[2]: *** [CMakeFiles/cmTC_1e8d2.dir/build.make:87: cmTC_1e8d2] Error 1
make[2]: Leaving directory '/robot/Automan-hunter/Workspace/ros2_ws/build/wrp_sdk/CMakeFiles/CMakeTmp'
make[1]: *** [Makefile:121: cmTC_1e8d2/fast] Error 2
make[1]: Leaving directory '/robot/Automan-hunter/Workspace/ros2_ws/build/wrp_sdk/CMakeFiles/CMakeTmp'


Source file was:
#include <pthread.h>

void* test_func(void* data)
{
  return data;
}

int main(void)
{
  pthread_t thread;
  pthread_create(&thread, NULL, test_func, NULL);
  pthread_detach(thread);
  pthread_join(thread, NULL);
  pthread_atfork(NULL, NULL, NULL);
  pthread_exit(NULL);

  return 0;
}

