-- Found ament_cmake: 0.9.9 (/opt/ros/foxy/share/ament_cmake/cmake)
-- Using PYTHON_EXECUTABLE: /usr/bin/python3
-- Found rclcpp: 2.4.0 (/opt/ros/foxy/share/rclcpp/cmake)
-- Using all available rosidl_typesupport_c: rosidl_typesupport_fastrtps_c;rosidl_typesupport_introspection_c
-- Found rosidl_adapter: 1.2.1 (/opt/ros/foxy/share/rosidl_adapter/cmake)
-- Using all available rosidl_typesupport_cpp: rosidl_typesupport_fastrtps_cpp;rosidl_typesupport_introspection_cpp
-- Found rmw_implementation_cmake: 1.0.3 (/opt/ros/foxy/share/rmw_implementation_cmake/cmake)
-- Using RMW implementation 'rmw_fastrtps_cpp' as default
-- Found sensor_msgs: 2.0.4 (/opt/ros/foxy/share/sensor_msgs/cmake)
-- Found nav_msgs: 2.0.4 (/opt/ros/foxy/share/nav_msgs/cmake)
-- Found tf2: 0.13.12 (/opt/ros/foxy/share/tf2/cmake)
-- Found tf2_ros: 0.13.12 (/opt/ros/foxy/share/tf2_ros/cmake)
-- Found hunter_msgs: 0.0.0 (/robot/Automan-hunter/Workspace/ros2_ws/install/hunter_msgs/share/hunter_msgs/cmake)
-- Found wrp_sdk: 0.3.3 (/robot/Automan-hunter/Workspace/ros2_ws/install/wrp_sdk/share/wrp_sdk/cmake)
CMake Error at CMakeLists.txt:57 (target_link_libraries):
  Cannot specify link libraries for target "scout_base_node" which is not
  built by this project.


-- Configuring incomplete, errors occurred!
See also "/robot/Automan-hunter/Workspace/ros2_ws/build/hunter_base/CMakeFiles/CMakeOutput.log".
See also "/robot/Automan-hunter/Workspace/ros2_ws/build/hunter_base/CMakeFiles/CMakeError.log".
make: *** [Makefile:296: cmake_check_build_system] Error 1
